DEBUG - 2025-07-11 23:25:34 --> Session: Class initialized using 'CodeIgniter\Session\Handlers\FileHandler' driver.
ERROR - 2025-07-11 23:25:34 --> Error connecting to the database: mysqli_sql_exception: Unknown database 'kw-store' in C:\xampp\htdocs\KingsWastelands-store\system\Database\MySQLi\Connection.php:201
Stack trace:
#0 C:\xampp\htdocs\KingsWastelands-store\system\Database\MySQLi\Connection.php(201): mysqli->real_connect('localhost', 'root', Object(SensitiveParameterValue), 'kw-store', 3306, '', 0)
#1 C:\xampp\htdocs\KingsWastelands-store\system\Database\BaseConnection.php(421): CodeIgniter\Database\MySQLi\Connection->connect(false)
#2 C:\xampp\htdocs\KingsWastelands-store\system\Database\BaseConnection.php(620): CodeIgniter\Database\BaseConnection->initialize()
#3 C:\xampp\htdocs\KingsWastelands-store\system\Database\BaseBuilder.php(1649): CodeIgniter\Database\BaseConnection->query('SELECT *\nFROM `...', Array, false)
#4 C:\xampp\htdocs\KingsWastelands-store\system\Model.php(286): CodeIgniter\Database\BaseBuilder->get()
#5 C:\xampp\htdocs\KingsWastelands-store\system\BaseModel.php(675): CodeIgniter\Model->doFindAll(12, 0)
#6 C:\xampp\htdocs\KingsWastelands-store\app\Controllers\Home.php(28): CodeIgniter\BaseModel->findAll(12)
#7 C:\xampp\htdocs\KingsWastelands-store\system\CodeIgniter.php(933): App\Controllers\Home->index()
#8 C:\xampp\htdocs\KingsWastelands-store\system\CodeIgniter.php(507): CodeIgniter\CodeIgniter->runController(Object(App\Controllers\Home))
#9 C:\xampp\htdocs\KingsWastelands-store\system\CodeIgniter.php(354): CodeIgniter\CodeIgniter->handleRequest(NULL, Object(Config\Cache), false)
#10 C:\xampp\htdocs\KingsWastelands-store\system\Boot.php(334): CodeIgniter\CodeIgniter->run()
#11 C:\xampp\htdocs\KingsWastelands-store\system\Boot.php(67): CodeIgniter\Boot::runCodeIgniter(Object(CodeIgniter\CodeIgniter))
#12 C:\xampp\htdocs\KingsWastelands-store\public\index.php(59): CodeIgniter\Boot::bootWeb(Object(Config\Paths))
#13 {main}

Next CodeIgniter\Database\Exceptions\DatabaseException: Unknown database 'kw-store' in C:\xampp\htdocs\KingsWastelands-store\system\Database\MySQLi\Connection.php:246
Stack trace:
#0 C:\xampp\htdocs\KingsWastelands-store\system\Database\BaseConnection.php(421): CodeIgniter\Database\MySQLi\Connection->connect(false)
#1 C:\xampp\htdocs\KingsWastelands-store\system\Database\BaseConnection.php(620): CodeIgniter\Database\BaseConnection->initialize()
#2 C:\xampp\htdocs\KingsWastelands-store\system\Database\BaseBuilder.php(1649): CodeIgniter\Database\BaseConnection->query('SELECT *\nFROM `...', Array, false)
#3 C:\xampp\htdocs\KingsWastelands-store\system\Model.php(286): CodeIgniter\Database\BaseBuilder->get()
#4 C:\xampp\htdocs\KingsWastelands-store\system\BaseModel.php(675): CodeIgniter\Model->doFindAll(12, 0)
#5 C:\xampp\htdocs\KingsWastelands-store\app\Controllers\Home.php(28): CodeIgniter\BaseModel->findAll(12)
#6 C:\xampp\htdocs\KingsWastelands-store\system\CodeIgniter.php(933): App\Controllers\Home->index()
#7 C:\xampp\htdocs\KingsWastelands-store\system\CodeIgniter.php(507): CodeIgniter\CodeIgniter->runController(Object(App\Controllers\Home))
#8 C:\xampp\htdocs\KingsWastelands-store\system\CodeIgniter.php(354): CodeIgniter\CodeIgniter->handleRequest(NULL, Object(Config\Cache), false)
#9 C:\xampp\htdocs\KingsWastelands-store\system\Boot.php(334): CodeIgniter\CodeIgniter->run()
#10 C:\xampp\htdocs\KingsWastelands-store\system\Boot.php(67): CodeIgniter\Boot::runCodeIgniter(Object(CodeIgniter\CodeIgniter))
#11 C:\xampp\htdocs\KingsWastelands-store\public\index.php(59): CodeIgniter\Boot::bootWeb(Object(Config\Paths))
#12 {main}
CRITICAL - 2025-07-11 23:25:34 --> CodeIgniter\Database\Exceptions\DatabaseException: Unable to connect to the database.
Main connection [MySQLi]: Unknown database 'kw-store'
[Method: GET, Route: /]
in SYSTEMPATH\Database\BaseConnection.php on line 467.
 1 SYSTEMPATH\Database\BaseConnection.php(620): CodeIgniter\Database\BaseConnection->initialize()
 2 SYSTEMPATH\Database\BaseBuilder.php(1649): CodeIgniter\Database\BaseConnection->query('SELECT *
FROM `juegos`
WHERE `release_date` > :release_date:
ORDER BY `release_date` ASC
 LIMIT 12', [...], false)
 3 SYSTEMPATH\Model.php(286): CodeIgniter\Database\BaseBuilder->get()
 4 SYSTEMPATH\BaseModel.php(675): CodeIgniter\Model->doFindAll(12, 0)
 5 APPPATH\Controllers\Home.php(28): CodeIgniter\BaseModel->findAll(12)
 6 SYSTEMPATH\CodeIgniter.php(933): App\Controllers\Home->index()
 7 SYSTEMPATH\CodeIgniter.php(507): CodeIgniter\CodeIgniter->runController(Object(App\Controllers\Home))
 8 SYSTEMPATH\CodeIgniter.php(354): CodeIgniter\CodeIgniter->handleRequest(null, Object(Config\Cache), false)
 9 SYSTEMPATH\Boot.php(334): CodeIgniter\CodeIgniter->run()
10 SYSTEMPATH\Boot.php(67): CodeIgniter\Boot::runCodeIgniter(Object(CodeIgniter\CodeIgniter))
11 FCPATH\index.php(59): CodeIgniter\Boot::bootWeb(Object(Config\Paths))
DEBUG - 2025-07-11 23:25:49 --> Session: Class initialized using 'CodeIgniter\Session\Handlers\FileHandler' driver.
CRITICAL - 2025-07-11 23:25:49 --> ErrorException: Undefined property: Config\Toolbar::$viewsPath
[Method: GET, Route: /]
in SYSTEMPATH\Debug\Toolbar.php on line 474.
 1 SYSTEMPATH\Debug\Toolbar.php(474): CodeIgniter\Debug\Exceptions->errorHandler(2, 'Undefined property: Config\\Toolbar::$viewsPath', 'C:\\xampp\\htdocs\\KingsWastelands-store\\system\\Debug\\Toolbar.php', 474)
 2 APPPATH\Config\Events.php(47): CodeIgniter\Debug\Toolbar->respond()
 3 SYSTEMPATH\Events\Events.php(155): CodeIgniter\Events\Events::Config\{closure}()
 4 SYSTEMPATH\CodeIgniter.php(339): CodeIgniter\Events\Events::trigger('pre_system')
 5 SYSTEMPATH\Boot.php(334): CodeIgniter\CodeIgniter->run()
 6 SYSTEMPATH\Boot.php(67): CodeIgniter\Boot::runCodeIgniter(Object(CodeIgniter\CodeIgniter))
 7 FCPATH\index.php(59): CodeIgniter\Boot::bootWeb(Object(Config\Paths))
DEBUG - 2025-07-11 23:25:59 --> Session: Class initialized using 'CodeIgniter\Session\Handlers\FileHandler' driver.
CRITICAL - 2025-07-11 23:25:59 --> ErrorException: Undefined property: Config\Toolbar::$viewsPath
[Method: GET, Route: /]
in SYSTEMPATH\Debug\Toolbar.php on line 474.
 1 SYSTEMPATH\Debug\Toolbar.php(474): CodeIgniter\Debug\Exceptions->errorHandler(2, 'Undefined property: Config\\Toolbar::$viewsPath', 'C:\\xampp\\htdocs\\KingsWastelands-store\\system\\Debug\\Toolbar.php', 474)
 2 APPPATH\Config\Events.php(47): CodeIgniter\Debug\Toolbar->respond()
 3 SYSTEMPATH\Events\Events.php(155): CodeIgniter\Events\Events::Config\{closure}()
 4 SYSTEMPATH\CodeIgniter.php(339): CodeIgniter\Events\Events::trigger('pre_system')
 5 SYSTEMPATH\Boot.php(334): CodeIgniter\CodeIgniter->run()
 6 SYSTEMPATH\Boot.php(67): CodeIgniter\Boot::runCodeIgniter(Object(CodeIgniter\CodeIgniter))
 7 FCPATH\index.php(59): CodeIgniter\Boot::bootWeb(Object(Config\Paths))
DEBUG - 2025-07-11 23:26:10 --> Session: Class initialized using 'CodeIgniter\Session\Handlers\FileHandler' driver.
CRITICAL - 2025-07-11 23:26:10 --> ErrorException: Undefined property: Config\Toolbar::$viewsPath
[Method: GET, Route: /]
in SYSTEMPATH\Debug\Toolbar.php on line 474.
 1 SYSTEMPATH\Debug\Toolbar.php(474): CodeIgniter\Debug\Exceptions->errorHandler(2, 'Undefined property: Config\\Toolbar::$viewsPath', 'C:\\xampp\\htdocs\\KingsWastelands-store\\system\\Debug\\Toolbar.php', 474)
 2 APPPATH\Config\Events.php(47): CodeIgniter\Debug\Toolbar->respond()
 3 SYSTEMPATH\Events\Events.php(155): CodeIgniter\Events\Events::Config\{closure}()
 4 SYSTEMPATH\CodeIgniter.php(339): CodeIgniter\Events\Events::trigger('pre_system')
 5 SYSTEMPATH\Boot.php(334): CodeIgniter\CodeIgniter->run()
 6 SYSTEMPATH\Boot.php(67): CodeIgniter\Boot::runCodeIgniter(Object(CodeIgniter\CodeIgniter))
 7 FCPATH\index.php(59): CodeIgniter\Boot::bootWeb(Object(Config\Paths))
DEBUG - 2025-07-11 23:26:29 --> Session: Class initialized using 'CodeIgniter\Session\Handlers\FileHandler' driver.
CRITICAL - 2025-07-11 23:26:29 --> ErrorException: Undefined property: Config\Toolbar::$viewsPath
[Method: GET, Route: /]
in SYSTEMPATH\Debug\Toolbar.php on line 474.
 1 SYSTEMPATH\Debug\Toolbar.php(474): CodeIgniter\Debug\Exceptions->errorHandler(2, 'Undefined property: Config\\Toolbar::$viewsPath', 'C:\\xampp\\htdocs\\KingsWastelands-store\\system\\Debug\\Toolbar.php', 474)
 2 APPPATH\Config\Events.php(47): CodeIgniter\Debug\Toolbar->respond()
 3 SYSTEMPATH\Events\Events.php(155): CodeIgniter\Events\Events::Config\{closure}()
 4 SYSTEMPATH\CodeIgniter.php(339): CodeIgniter\Events\Events::trigger('pre_system')
 5 SYSTEMPATH\Boot.php(334): CodeIgniter\CodeIgniter->run()
 6 SYSTEMPATH\Boot.php(67): CodeIgniter\Boot::runCodeIgniter(Object(CodeIgniter\CodeIgniter))
 7 FCPATH\index.php(59): CodeIgniter\Boot::bootWeb(Object(Config\Paths))
