CRITICAL - 2025-05-31 04:23:53 --> ErrorException: Undefined variable $categorias
[Method: GET, Route: perfil/admin-juegos]
in APPPATH\Views\content\partials\gestion-juegos.php on line 135.
 1 APPPATH\Views\content\partials\gestion-juegos.php(135): CodeIgniter\Debug\Exceptions->errorHandler(2, 'Undefined variable $categorias', 'C:\\xampp\\htdocs\\KingsWastelands-store\\app\\Views\\content\\partials\\gestion-juegos.php', 135)
 2 SYSTEMPATH\View\View.php(224): include('C:\\xampp\\htdocs\\KingsWastelands-store\\app\\Views\\content\\partials\\gestion-juegos.php')
 3 SYSTEMPATH\View\View.php(227): CodeIgniter\View\View->CodeIgniter\View\{closure}()
 4 SYSTEMPATH\Common.php(1173): CodeIgniter\View\View->render('content/partials/gestion-juegos', [], true)
 5 APPPATH\Controllers\Admin_controllers\Admin.php(237): view('content/partials/gestion-juegos', [...])
 6 SYSTEMPATH\CodeIgniter.php(933): App\Controllers\Admin_controllers\Admin->admin_juegos()
 7 SYSTEMPATH\CodeIgniter.php(507): CodeIgniter\CodeIgniter->runController(Object(App\Controllers\Admin_controllers\Admin))
 8 SYSTEMPATH\CodeIgniter.php(354): CodeIgniter\CodeIgniter->handleRequest(null, Object(Config\Cache), false)
 9 SYSTEMPATH\Boot.php(334): CodeIgniter\CodeIgniter->run()
10 SYSTEMPATH\Boot.php(67): CodeIgniter\Boot::runCodeIgniter(Object(CodeIgniter\CodeIgniter))
11 FCPATH\index.php(58): CodeIgniter\Boot::bootWeb(Object(Config\Paths))
CRITICAL - 2025-05-31 04:24:17 --> ErrorException: Undefined variable $categorias
[Method: GET, Route: perfil/admin-juegos]
in APPPATH\Views\content\partials\gestion-juegos.php on line 135.
 1 APPPATH\Views\content\partials\gestion-juegos.php(135): CodeIgniter\Debug\Exceptions->errorHandler(2, 'Undefined variable $categorias', 'C:\\xampp\\htdocs\\KingsWastelands-store\\app\\Views\\content\\partials\\gestion-juegos.php', 135)
 2 SYSTEMPATH\View\View.php(224): include('C:\\xampp\\htdocs\\KingsWastelands-store\\app\\Views\\content\\partials\\gestion-juegos.php')
 3 SYSTEMPATH\View\View.php(227): CodeIgniter\View\View->CodeIgniter\View\{closure}()
 4 SYSTEMPATH\Common.php(1173): CodeIgniter\View\View->render('content/partials/gestion-juegos', [], true)
 5 APPPATH\Controllers\Admin_controllers\Admin.php(237): view('content/partials/gestion-juegos', [...])
 6 SYSTEMPATH\CodeIgniter.php(933): App\Controllers\Admin_controllers\Admin->admin_juegos()
 7 SYSTEMPATH\CodeIgniter.php(507): CodeIgniter\CodeIgniter->runController(Object(App\Controllers\Admin_controllers\Admin))
 8 SYSTEMPATH\CodeIgniter.php(354): CodeIgniter\CodeIgniter->handleRequest(null, Object(Config\Cache), false)
 9 SYSTEMPATH\Boot.php(334): CodeIgniter\CodeIgniter->run()
10 SYSTEMPATH\Boot.php(67): CodeIgniter\Boot::runCodeIgniter(Object(CodeIgniter\CodeIgniter))
11 FCPATH\index.php(58): CodeIgniter\Boot::bootWeb(Object(Config\Paths))
CRITICAL - 2025-05-31 04:25:25 --> ErrorException: Undefined variable $categorias
[Method: GET, Route: perfil/admin-juegos]
in APPPATH\Views\content\partials\gestion-juegos.php on line 135.
 1 APPPATH\Views\content\partials\gestion-juegos.php(135): CodeIgniter\Debug\Exceptions->errorHandler(2, 'Undefined variable $categorias', 'C:\\xampp\\htdocs\\KingsWastelands-store\\app\\Views\\content\\partials\\gestion-juegos.php', 135)
 2 SYSTEMPATH\View\View.php(224): include('C:\\xampp\\htdocs\\KingsWastelands-store\\app\\Views\\content\\partials\\gestion-juegos.php')
 3 SYSTEMPATH\View\View.php(227): CodeIgniter\View\View->CodeIgniter\View\{closure}()
 4 SYSTEMPATH\Common.php(1173): CodeIgniter\View\View->render('content/partials/gestion-juegos', [], true)
 5 APPPATH\Controllers\Admin_controllers\Admin.php(237): view('content/partials/gestion-juegos', [...])
 6 SYSTEMPATH\CodeIgniter.php(933): App\Controllers\Admin_controllers\Admin->admin_juegos()
 7 SYSTEMPATH\CodeIgniter.php(507): CodeIgniter\CodeIgniter->runController(Object(App\Controllers\Admin_controllers\Admin))
 8 SYSTEMPATH\CodeIgniter.php(354): CodeIgniter\CodeIgniter->handleRequest(null, Object(Config\Cache), false)
 9 SYSTEMPATH\Boot.php(334): CodeIgniter\CodeIgniter->run()
10 SYSTEMPATH\Boot.php(67): CodeIgniter\Boot::runCodeIgniter(Object(CodeIgniter\CodeIgniter))
11 FCPATH\index.php(58): CodeIgniter\Boot::bootWeb(Object(Config\Paths))
CRITICAL - 2025-05-31 04:25:52 --> ErrorException: Undefined variable $categorias
[Method: GET, Route: perfil/admin-juegos]
in APPPATH\Views\content\partials\gestion-juegos.php on line 135.
 1 APPPATH\Views\content\partials\gestion-juegos.php(135): CodeIgniter\Debug\Exceptions->errorHandler(2, 'Undefined variable $categorias', 'C:\\xampp\\htdocs\\KingsWastelands-store\\app\\Views\\content\\partials\\gestion-juegos.php', 135)
 2 SYSTEMPATH\View\View.php(224): include('C:\\xampp\\htdocs\\KingsWastelands-store\\app\\Views\\content\\partials\\gestion-juegos.php')
 3 SYSTEMPATH\View\View.php(227): CodeIgniter\View\View->CodeIgniter\View\{closure}()
 4 SYSTEMPATH\Common.php(1173): CodeIgniter\View\View->render('content/partials/gestion-juegos', [], true)
 5 APPPATH\Controllers\Admin_controllers\Admin.php(237): view('content/partials/gestion-juegos', [...])
 6 SYSTEMPATH\CodeIgniter.php(933): App\Controllers\Admin_controllers\Admin->admin_juegos()
 7 SYSTEMPATH\CodeIgniter.php(507): CodeIgniter\CodeIgniter->runController(Object(App\Controllers\Admin_controllers\Admin))
 8 SYSTEMPATH\CodeIgniter.php(354): CodeIgniter\CodeIgniter->handleRequest(null, Object(Config\Cache), false)
 9 SYSTEMPATH\Boot.php(334): CodeIgniter\CodeIgniter->run()
10 SYSTEMPATH\Boot.php(67): CodeIgniter\Boot::runCodeIgniter(Object(CodeIgniter\CodeIgniter))
11 FCPATH\index.php(58): CodeIgniter\Boot::bootWeb(Object(Config\Paths))
CRITICAL - 2025-05-31 04:33:23 --> ErrorException: Undefined variable $cats
[Method: GET, Route: perfil]
in APPPATH\Views\content\partials\gestion-juegos.php on line 135.
 1 APPPATH\Views\content\partials\gestion-juegos.php(135): CodeIgniter\Debug\Exceptions->errorHandler(2, 'Undefined variable $cats', 'C:\\xampp\\htdocs\\KingsWastelands-store\\app\\Views\\content\\partials\\gestion-juegos.php', 135)
 2 SYSTEMPATH\View\View.php(224): include('C:\\xampp\\htdocs\\KingsWastelands-store\\app\\Views\\content\\partials\\gestion-juegos.php')
 3 SYSTEMPATH\View\View.php(227): CodeIgniter\View\View->CodeIgniter\View\{closure}()
 4 SYSTEMPATH\Common.php(1173): CodeIgniter\View\View->render('content/partials/gestion-juegos', [], true)
 5 APPPATH\Views\content\perfil.php(58): view('content/partials/gestion-juegos', [...])
 6 SYSTEMPATH\View\View.php(224): include('C:\\xampp\\htdocs\\KingsWastelands-store\\app\\Views\\content\\perfil.php')
 7 SYSTEMPATH\View\View.php(227): CodeIgniter\View\View->CodeIgniter\View\{closure}()
 8 SYSTEMPATH\Common.php(1173): CodeIgniter\View\View->render('../Views/content/perfil', [], true)
 9 APPPATH\Controllers\Admin_controllers\Admin.php(146): view('../Views/content/perfil', [...])
10 SYSTEMPATH\CodeIgniter.php(933): App\Controllers\Admin_controllers\Admin->admin()
11 SYSTEMPATH\CodeIgniter.php(507): CodeIgniter\CodeIgniter->runController(Object(App\Controllers\Admin_controllers\Admin))
12 SYSTEMPATH\CodeIgniter.php(354): CodeIgniter\CodeIgniter->handleRequest(null, Object(Config\Cache), false)
13 SYSTEMPATH\Boot.php(334): CodeIgniter\CodeIgniter->run()
14 SYSTEMPATH\Boot.php(67): CodeIgniter\Boot::runCodeIgniter(Object(CodeIgniter\CodeIgniter))
15 FCPATH\index.php(58): CodeIgniter\Boot::bootWeb(Object(Config\Paths))
CRITICAL - 2025-05-31 04:34:15 --> ErrorException: Undefined variable $cats
[Method: GET, Route: perfil]
in APPPATH\Views\content\partials\gestion-juegos.php on line 135.
 1 APPPATH\Views\content\partials\gestion-juegos.php(135): CodeIgniter\Debug\Exceptions->errorHandler(2, 'Undefined variable $cats', 'C:\\xampp\\htdocs\\KingsWastelands-store\\app\\Views\\content\\partials\\gestion-juegos.php', 135)
 2 SYSTEMPATH\View\View.php(224): include('C:\\xampp\\htdocs\\KingsWastelands-store\\app\\Views\\content\\partials\\gestion-juegos.php')
 3 SYSTEMPATH\View\View.php(227): CodeIgniter\View\View->CodeIgniter\View\{closure}()
 4 SYSTEMPATH\Common.php(1173): CodeIgniter\View\View->render('content/partials/gestion-juegos', [], true)
 5 APPPATH\Views\content\perfil.php(58): view('content/partials/gestion-juegos', [...])
 6 SYSTEMPATH\View\View.php(224): include('C:\\xampp\\htdocs\\KingsWastelands-store\\app\\Views\\content\\perfil.php')
 7 SYSTEMPATH\View\View.php(227): CodeIgniter\View\View->CodeIgniter\View\{closure}()
 8 SYSTEMPATH\Common.php(1173): CodeIgniter\View\View->render('../Views/content/perfil', [], true)
 9 APPPATH\Controllers\Admin_controllers\Admin.php(146): view('../Views/content/perfil', [...])
10 SYSTEMPATH\CodeIgniter.php(933): App\Controllers\Admin_controllers\Admin->admin()
11 SYSTEMPATH\CodeIgniter.php(507): CodeIgniter\CodeIgniter->runController(Object(App\Controllers\Admin_controllers\Admin))
12 SYSTEMPATH\CodeIgniter.php(354): CodeIgniter\CodeIgniter->handleRequest(null, Object(Config\Cache), false)
13 SYSTEMPATH\Boot.php(334): CodeIgniter\CodeIgniter->run()
14 SYSTEMPATH\Boot.php(67): CodeIgniter\Boot::runCodeIgniter(Object(CodeIgniter\CodeIgniter))
15 FCPATH\index.php(58): CodeIgniter\Boot::bootWeb(Object(Config\Paths))
