DEBUG - 2025-07-12 23:57:40 --> Session: Class initialized using 'CodeIgniter\Session\Handlers\FileHandler' driver.
CRITICAL - 2025-07-12 23:57:41 --> ErrorException: Undefined property: Config\Toolbar::$viewsPath
[Method: GET, Route: /]
in SYSTEMPATH\Debug\Toolbar.php on line 474.
 1 SYSTEMPATH\Debug\Toolbar.php(474): CodeIgniter\Debug\Exceptions->errorHandler(2, 'Undefined property: Config\\Toolbar::$viewsPath', 'C:\\xampp\\htdocs\\KingsWastelands-store\\system\\Debug\\Toolbar.php', 474)
 2 APPPATH\Config\Events.php(47): CodeIgniter\Debug\Toolbar->respond()
 3 SYSTEMPATH\Events\Events.php(155): CodeIgniter\Events\Events::Config\{closure}()
 4 SYSTEMPATH\CodeIgniter.php(339): CodeIgniter\Events\Events::trigger('pre_system')
 5 SYSTEMPATH\Boot.php(334): CodeIgniter\CodeIgniter->run()
 6 SYSTEMPATH\Boot.php(67): CodeIgniter\Boot::runCodeIgniter(Object(CodeIgniter\CodeIgniter))
 7 FCPATH\index.php(59): CodeIgniter\Boot::bootWeb(Object(Config\Paths))
DEBUG - 2025-07-12 23:57:46 --> Session: Class initialized using 'CodeIgniter\Session\Handlers\FileHandler' driver.
CRITICAL - 2025-07-12 23:57:46 --> ErrorException: Undefined property: Config\Toolbar::$viewsPath
[Method: GET, Route: /]
in SYSTEMPATH\Debug\Toolbar.php on line 474.
 1 SYSTEMPATH\Debug\Toolbar.php(474): CodeIgniter\Debug\Exceptions->errorHandler(2, 'Undefined property: Config\\Toolbar::$viewsPath', 'C:\\xampp\\htdocs\\KingsWastelands-store\\system\\Debug\\Toolbar.php', 474)
 2 APPPATH\Config\Events.php(47): CodeIgniter\Debug\Toolbar->respond()
 3 SYSTEMPATH\Events\Events.php(155): CodeIgniter\Events\Events::Config\{closure}()
 4 SYSTEMPATH\CodeIgniter.php(339): CodeIgniter\Events\Events::trigger('pre_system')
 5 SYSTEMPATH\Boot.php(334): CodeIgniter\CodeIgniter->run()
 6 SYSTEMPATH\Boot.php(67): CodeIgniter\Boot::runCodeIgniter(Object(CodeIgniter\CodeIgniter))
 7 FCPATH\index.php(59): CodeIgniter\Boot::bootWeb(Object(Config\Paths))
