CRITICAL - 2025-05-22 10:38:11 --> ErrorException: Undefined variable $juegos
[Method: GET, Route: /]
in APPPATH\Views\plantillas\tendencias_view.php on line 13.
 1 APPPATH\Views\plantillas\tendencias_view.php(13): CodeIgniter\Debug\Exceptions->errorHandler(2, 'Undefined variable $juegos', 'C:\\xampp\\htdocs\\KingsWastelands-store\\app\\Views\\plantillas\\tendencias_view.php', 13)
 2 SYSTEMPATH\View\View.php(224): include('C:\\xampp\\htdocs\\KingsWastelands-store\\app\\Views\\plantillas\\tendencias_view.php')
 3 SYSTEMPATH\View\View.php(227): CodeIgniter\View\View->CodeIgniter\View\{closure}()
 4 SYSTEMPATH\Common.php(1173): CodeIgniter\View\View->render('../Views/plantillas/tendencias_view', [], true)
 5 APPPATH\Controllers\Home.php(10): view('../Views/plantillas/tendencias_view')
 6 SYSTEMPATH\CodeIgniter.php(933): App\Controllers\Home->index()
 7 SYSTEMPATH\CodeIgniter.php(507): CodeIgniter\CodeIgniter->runController(Object(App\Controllers\Home))
 8 SYSTEMPATH\CodeIgniter.php(354): CodeIgniter\CodeIgniter->handleRequest(null, Object(Config\Cache), false)
 9 SYSTEMPATH\Boot.php(334): CodeIgniter\CodeIgniter->run()
10 SYSTEMPATH\Boot.php(67): CodeIgniter\Boot::runCodeIgniter(Object(CodeIgniter\CodeIgniter))
11 FCPATH\index.php(58): CodeIgniter\Boot::bootWeb(Object(Config\Paths))
CRITICAL - 2025-05-22 10:47:55 --> ErrorException: Undefined array key "minimo"
[Method: GET, Route: juego/74]
in APPPATH\Views\content\game-section.php on line 110.
 1 APPPATH\Views\content\game-section.php(110): CodeIgniter\Debug\Exceptions->errorHandler(2, 'Undefined array key "minimo"', 'C:\\xampp\\htdocs\\KingsWastelands-store\\app\\Views\\content\\game-section.php', 110)
 2 SYSTEMPATH\View\View.php(224): include('C:\\xampp\\htdocs\\KingsWastelands-store\\app\\Views\\content\\game-section.php')
 3 SYSTEMPATH\View\View.php(227): CodeIgniter\View\View->CodeIgniter\View\{closure}()
 4 SYSTEMPATH\Common.php(1173): CodeIgniter\View\View->render('../Views/content/game-section', [], true)
 5 APPPATH\Controllers\Juegos.php(527): view('../Views/content/game-section')
 6 SYSTEMPATH\CodeIgniter.php(933): App\Controllers\Juegos->detalle('74')
 7 SYSTEMPATH\CodeIgniter.php(507): CodeIgniter\CodeIgniter->runController(Object(App\Controllers\Juegos))
 8 SYSTEMPATH\CodeIgniter.php(354): CodeIgniter\CodeIgniter->handleRequest(null, Object(Config\Cache), false)
 9 SYSTEMPATH\Boot.php(334): CodeIgniter\CodeIgniter->run()
10 SYSTEMPATH\Boot.php(67): CodeIgniter\Boot::runCodeIgniter(Object(CodeIgniter\CodeIgniter))
11 FCPATH\index.php(58): CodeIgniter\Boot::bootWeb(Object(Config\Paths))
