DEBUG - 2025-06-08 01:18:56 --> Session: Class initialized using 'CodeIgniter\Session\Handlers\FileHandler' driver.
CRITICAL - 2025-06-08 01:18:57 --> ErrorException: Undefined property: Config\Toolbar::$viewsPath
[Method: GET, Route: /]
in SYSTEMPATH\Debug\Toolbar.php on line 474.
 1 SYSTEMPATH\Debug\Toolbar.php(474): CodeIgniter\Debug\Exceptions->errorHandler(2, 'Undefined property: Config\\Toolbar::$viewsPath', 'C:\\xampp\\htdocs\\KingsWastelands-store\\system\\Debug\\Toolbar.php', 474)
 2 APPPATH\Config\Events.php(47): CodeIgniter\Debug\Toolbar->respond()
 3 SYSTEMPATH\Events\Events.php(155): CodeIgniter\Events\Events::Config\{closure}()
 4 SYSTEMPATH\CodeIgniter.php(339): CodeIgniter\Events\Events::trigger('pre_system')
 5 SYSTEMPATH\Boot.php(334): CodeIgniter\CodeIgniter->run()
 6 SYSTEMPATH\Boot.php(67): CodeIgniter\Boot::runCodeIgniter(Object(CodeIgniter\CodeIgniter))
 7 FCPATH\index.php(59): CodeIgniter\Boot::bootWeb(Object(Config\Paths))
DEBUG - 2025-06-08 01:19:01 --> Session: Class initialized using 'CodeIgniter\Session\Handlers\FileHandler' driver.
CRITICAL - 2025-06-08 01:19:01 --> ErrorException: Undefined property: Config\Toolbar::$viewsPath
[Method: GET, Route: /]
in SYSTEMPATH\Debug\Toolbar.php on line 474.
 1 SYSTEMPATH\Debug\Toolbar.php(474): CodeIgniter\Debug\Exceptions->errorHandler(2, 'Undefined property: Config\\Toolbar::$viewsPath', 'C:\\xampp\\htdocs\\KingsWastelands-store\\system\\Debug\\Toolbar.php', 474)
 2 APPPATH\Config\Events.php(47): CodeIgniter\Debug\Toolbar->respond()
 3 SYSTEMPATH\Events\Events.php(155): CodeIgniter\Events\Events::Config\{closure}()
 4 SYSTEMPATH\CodeIgniter.php(339): CodeIgniter\Events\Events::trigger('pre_system')
 5 SYSTEMPATH\Boot.php(334): CodeIgniter\CodeIgniter->run()
 6 SYSTEMPATH\Boot.php(67): CodeIgniter\Boot::runCodeIgniter(Object(CodeIgniter\CodeIgniter))
 7 FCPATH\index.php(59): CodeIgniter\Boot::bootWeb(Object(Config\Paths))
DEBUG - 2025-06-08 01:19:04 --> Session: Class initialized using 'CodeIgniter\Session\Handlers\FileHandler' driver.
CRITICAL - 2025-06-08 01:19:04 --> ErrorException: Undefined property: Config\Toolbar::$viewsPath
[Method: GET, Route: /]
in SYSTEMPATH\Debug\Toolbar.php on line 474.
 1 SYSTEMPATH\Debug\Toolbar.php(474): CodeIgniter\Debug\Exceptions->errorHandler(2, 'Undefined property: Config\\Toolbar::$viewsPath', 'C:\\xampp\\htdocs\\KingsWastelands-store\\system\\Debug\\Toolbar.php', 474)
 2 APPPATH\Config\Events.php(47): CodeIgniter\Debug\Toolbar->respond()
 3 SYSTEMPATH\Events\Events.php(155): CodeIgniter\Events\Events::Config\{closure}()
 4 SYSTEMPATH\CodeIgniter.php(339): CodeIgniter\Events\Events::trigger('pre_system')
 5 SYSTEMPATH\Boot.php(334): CodeIgniter\CodeIgniter->run()
 6 SYSTEMPATH\Boot.php(67): CodeIgniter\Boot::runCodeIgniter(Object(CodeIgniter\CodeIgniter))
 7 FCPATH\index.php(59): CodeIgniter\Boot::bootWeb(Object(Config\Paths))
DEBUG - 2025-06-08 01:19:26 --> Session: Class initialized using 'CodeIgniter\Session\Handlers\FileHandler' driver.
CRITICAL - 2025-06-08 01:19:26 --> ErrorException: Undefined property: Config\Toolbar::$viewsPath
[Method: GET, Route: /]
in SYSTEMPATH\Debug\Toolbar.php on line 474.
 1 SYSTEMPATH\Debug\Toolbar.php(474): CodeIgniter\Debug\Exceptions->errorHandler(2, 'Undefined property: Config\\Toolbar::$viewsPath', 'C:\\xampp\\htdocs\\KingsWastelands-store\\system\\Debug\\Toolbar.php', 474)
 2 APPPATH\Config\Events.php(47): CodeIgniter\Debug\Toolbar->respond()
 3 SYSTEMPATH\Events\Events.php(155): CodeIgniter\Events\Events::Config\{closure}()
 4 SYSTEMPATH\CodeIgniter.php(339): CodeIgniter\Events\Events::trigger('pre_system')
 5 SYSTEMPATH\Boot.php(334): CodeIgniter\CodeIgniter->run()
 6 SYSTEMPATH\Boot.php(67): CodeIgniter\Boot::runCodeIgniter(Object(CodeIgniter\CodeIgniter))
 7 FCPATH\index.php(59): CodeIgniter\Boot::bootWeb(Object(Config\Paths))
DEBUG - 2025-06-08 01:20:09 --> Session: Class initialized using 'CodeIgniter\Session\Handlers\FileHandler' driver.
CRITICAL - 2025-06-08 01:20:09 --> ErrorException: Undefined property: Config\Toolbar::$viewsPath
[Method: GET, Route: /]
in SYSTEMPATH\Debug\Toolbar.php on line 474.
 1 SYSTEMPATH\Debug\Toolbar.php(474): CodeIgniter\Debug\Exceptions->errorHandler(2, 'Undefined property: Config\\Toolbar::$viewsPath', 'C:\\xampp\\htdocs\\KingsWastelands-store\\system\\Debug\\Toolbar.php', 474)
 2 APPPATH\Config\Events.php(47): CodeIgniter\Debug\Toolbar->respond()
 3 SYSTEMPATH\Events\Events.php(155): CodeIgniter\Events\Events::Config\{closure}()
 4 SYSTEMPATH\CodeIgniter.php(339): CodeIgniter\Events\Events::trigger('pre_system')
 5 SYSTEMPATH\Boot.php(334): CodeIgniter\CodeIgniter->run()
 6 SYSTEMPATH\Boot.php(67): CodeIgniter\Boot::runCodeIgniter(Object(CodeIgniter\CodeIgniter))
 7 FCPATH\index.php(59): CodeIgniter\Boot::bootWeb(Object(Config\Paths))
DEBUG - 2025-06-08 01:20:11 --> Session: Class initialized using 'CodeIgniter\Session\Handlers\FileHandler' driver.
CRITICAL - 2025-06-08 01:20:11 --> ErrorException: Undefined property: Config\Toolbar::$viewsPath
[Method: GET, Route: /]
in SYSTEMPATH\Debug\Toolbar.php on line 474.
 1 SYSTEMPATH\Debug\Toolbar.php(474): CodeIgniter\Debug\Exceptions->errorHandler(2, 'Undefined property: Config\\Toolbar::$viewsPath', 'C:\\xampp\\htdocs\\KingsWastelands-store\\system\\Debug\\Toolbar.php', 474)
 2 APPPATH\Config\Events.php(47): CodeIgniter\Debug\Toolbar->respond()
 3 SYSTEMPATH\Events\Events.php(155): CodeIgniter\Events\Events::Config\{closure}()
 4 SYSTEMPATH\CodeIgniter.php(339): CodeIgniter\Events\Events::trigger('pre_system')
 5 SYSTEMPATH\Boot.php(334): CodeIgniter\CodeIgniter->run()
 6 SYSTEMPATH\Boot.php(67): CodeIgniter\Boot::runCodeIgniter(Object(CodeIgniter\CodeIgniter))
 7 FCPATH\index.php(59): CodeIgniter\Boot::bootWeb(Object(Config\Paths))
DEBUG - 2025-06-08 01:21:07 --> Session: Class initialized using 'CodeIgniter\Session\Handlers\FileHandler' driver.
CRITICAL - 2025-06-08 01:21:07 --> ErrorException: Undefined property: Config\Toolbar::$viewsPath
[Method: GET, Route: /]
in SYSTEMPATH\Debug\Toolbar.php on line 474.
 1 SYSTEMPATH\Debug\Toolbar.php(474): CodeIgniter\Debug\Exceptions->errorHandler(2, 'Undefined property: Config\\Toolbar::$viewsPath', 'C:\\xampp\\htdocs\\KingsWastelands-store\\system\\Debug\\Toolbar.php', 474)
 2 APPPATH\Config\Events.php(47): CodeIgniter\Debug\Toolbar->respond()
 3 SYSTEMPATH\Events\Events.php(155): CodeIgniter\Events\Events::Config\{closure}()
 4 SYSTEMPATH\CodeIgniter.php(339): CodeIgniter\Events\Events::trigger('pre_system')
 5 SYSTEMPATH\Boot.php(334): CodeIgniter\CodeIgniter->run()
 6 SYSTEMPATH\Boot.php(67): CodeIgniter\Boot::runCodeIgniter(Object(CodeIgniter\CodeIgniter))
 7 FCPATH\index.php(59): CodeIgniter\Boot::bootWeb(Object(Config\Paths))
DEBUG - 2025-06-08 01:21:24 --> Session: Class initialized using 'CodeIgniter\Session\Handlers\FileHandler' driver.
CRITICAL - 2025-06-08 01:21:24 --> ErrorException: Undefined property: Config\Toolbar::$viewsPath
[Method: GET, Route: /]
in SYSTEMPATH\Debug\Toolbar.php on line 474.
 1 SYSTEMPATH\Debug\Toolbar.php(474): CodeIgniter\Debug\Exceptions->errorHandler(2, 'Undefined property: Config\\Toolbar::$viewsPath', 'C:\\xampp\\htdocs\\KingsWastelands-store\\system\\Debug\\Toolbar.php', 474)
 2 APPPATH\Config\Events.php(47): CodeIgniter\Debug\Toolbar->respond()
 3 SYSTEMPATH\Events\Events.php(155): CodeIgniter\Events\Events::Config\{closure}()
 4 SYSTEMPATH\CodeIgniter.php(339): CodeIgniter\Events\Events::trigger('pre_system')
 5 SYSTEMPATH\Boot.php(334): CodeIgniter\CodeIgniter->run()
 6 SYSTEMPATH\Boot.php(67): CodeIgniter\Boot::runCodeIgniter(Object(CodeIgniter\CodeIgniter))
 7 FCPATH\index.php(59): CodeIgniter\Boot::bootWeb(Object(Config\Paths))
DEBUG - 2025-06-08 01:21:27 --> Session: Class initialized using 'CodeIgniter\Session\Handlers\FileHandler' driver.
CRITICAL - 2025-06-08 01:21:27 --> ErrorException: Undefined property: Config\Toolbar::$viewsPath
[Method: GET, Route: /]
in SYSTEMPATH\Debug\Toolbar.php on line 474.
 1 SYSTEMPATH\Debug\Toolbar.php(474): CodeIgniter\Debug\Exceptions->errorHandler(2, 'Undefined property: Config\\Toolbar::$viewsPath', 'C:\\xampp\\htdocs\\KingsWastelands-store\\system\\Debug\\Toolbar.php', 474)
 2 APPPATH\Config\Events.php(47): CodeIgniter\Debug\Toolbar->respond()
 3 SYSTEMPATH\Events\Events.php(155): CodeIgniter\Events\Events::Config\{closure}()
 4 SYSTEMPATH\CodeIgniter.php(339): CodeIgniter\Events\Events::trigger('pre_system')
 5 SYSTEMPATH\Boot.php(334): CodeIgniter\CodeIgniter->run()
 6 SYSTEMPATH\Boot.php(67): CodeIgniter\Boot::runCodeIgniter(Object(CodeIgniter\CodeIgniter))
 7 FCPATH\index.php(59): CodeIgniter\Boot::bootWeb(Object(Config\Paths))
DEBUG - 2025-06-08 01:21:47 --> Session: Class initialized using 'CodeIgniter\Session\Handlers\FileHandler' driver.
CRITICAL - 2025-06-08 01:21:47 --> ErrorException: Undefined property: Config\Toolbar::$viewsPath
[Method: GET, Route: /]
in SYSTEMPATH\Debug\Toolbar.php on line 474.
 1 SYSTEMPATH\Debug\Toolbar.php(474): CodeIgniter\Debug\Exceptions->errorHandler(2, 'Undefined property: Config\\Toolbar::$viewsPath', 'C:\\xampp\\htdocs\\KingsWastelands-store\\system\\Debug\\Toolbar.php', 474)
 2 APPPATH\Config\Events.php(47): CodeIgniter\Debug\Toolbar->respond()
 3 SYSTEMPATH\Events\Events.php(155): CodeIgniter\Events\Events::Config\{closure}()
 4 SYSTEMPATH\CodeIgniter.php(339): CodeIgniter\Events\Events::trigger('pre_system')
 5 SYSTEMPATH\Boot.php(334): CodeIgniter\CodeIgniter->run()
 6 SYSTEMPATH\Boot.php(67): CodeIgniter\Boot::runCodeIgniter(Object(CodeIgniter\CodeIgniter))
 7 FCPATH\index.php(59): CodeIgniter\Boot::bootWeb(Object(Config\Paths))
DEBUG - 2025-06-08 01:22:47 --> Session: Class initialized using 'CodeIgniter\Session\Handlers\FileHandler' driver.
CRITICAL - 2025-06-08 01:22:47 --> ErrorException: Undefined property: Config\Toolbar::$viewsPath
[Method: GET, Route: /]
in SYSTEMPATH\Debug\Toolbar.php on line 474.
 1 SYSTEMPATH\Debug\Toolbar.php(474): CodeIgniter\Debug\Exceptions->errorHandler(2, 'Undefined property: Config\\Toolbar::$viewsPath', 'C:\\xampp\\htdocs\\KingsWastelands-store\\system\\Debug\\Toolbar.php', 474)
 2 APPPATH\Config\Events.php(47): CodeIgniter\Debug\Toolbar->respond()
 3 SYSTEMPATH\Events\Events.php(155): CodeIgniter\Events\Events::Config\{closure}()
 4 SYSTEMPATH\CodeIgniter.php(339): CodeIgniter\Events\Events::trigger('pre_system')
 5 SYSTEMPATH\Boot.php(334): CodeIgniter\CodeIgniter->run()
 6 SYSTEMPATH\Boot.php(67): CodeIgniter\Boot::runCodeIgniter(Object(CodeIgniter\CodeIgniter))
 7 FCPATH\index.php(59): CodeIgniter\Boot::bootWeb(Object(Config\Paths))
DEBUG - 2025-06-08 01:23:50 --> Session: Class initialized using 'CodeIgniter\Session\Handlers\FileHandler' driver.
CRITICAL - 2025-06-08 01:23:50 --> ErrorException: Undefined property: Config\Toolbar::$viewsPath
[Method: GET, Route: /]
in SYSTEMPATH\Debug\Toolbar.php on line 474.
 1 SYSTEMPATH\Debug\Toolbar.php(474): CodeIgniter\Debug\Exceptions->errorHandler(2, 'Undefined property: Config\\Toolbar::$viewsPath', 'C:\\xampp\\htdocs\\KingsWastelands-store\\system\\Debug\\Toolbar.php', 474)
 2 APPPATH\Config\Events.php(47): CodeIgniter\Debug\Toolbar->respond()
 3 SYSTEMPATH\Events\Events.php(155): CodeIgniter\Events\Events::Config\{closure}()
 4 SYSTEMPATH\CodeIgniter.php(339): CodeIgniter\Events\Events::trigger('pre_system')
 5 SYSTEMPATH\Boot.php(334): CodeIgniter\CodeIgniter->run()
 6 SYSTEMPATH\Boot.php(67): CodeIgniter\Boot::runCodeIgniter(Object(CodeIgniter\CodeIgniter))
 7 FCPATH\index.php(59): CodeIgniter\Boot::bootWeb(Object(Config\Paths))
DEBUG - 2025-06-08 01:23:54 --> Session: Class initialized using 'CodeIgniter\Session\Handlers\FileHandler' driver.
CRITICAL - 2025-06-08 01:23:54 --> ErrorException: Undefined property: Config\Toolbar::$viewsPath
[Method: GET, Route: /]
in SYSTEMPATH\Debug\Toolbar.php on line 474.
 1 SYSTEMPATH\Debug\Toolbar.php(474): CodeIgniter\Debug\Exceptions->errorHandler(2, 'Undefined property: Config\\Toolbar::$viewsPath', 'C:\\xampp\\htdocs\\KingsWastelands-store\\system\\Debug\\Toolbar.php', 474)
 2 APPPATH\Config\Events.php(47): CodeIgniter\Debug\Toolbar->respond()
 3 SYSTEMPATH\Events\Events.php(155): CodeIgniter\Events\Events::Config\{closure}()
 4 SYSTEMPATH\CodeIgniter.php(339): CodeIgniter\Events\Events::trigger('pre_system')
 5 SYSTEMPATH\Boot.php(334): CodeIgniter\CodeIgniter->run()
 6 SYSTEMPATH\Boot.php(67): CodeIgniter\Boot::runCodeIgniter(Object(CodeIgniter\CodeIgniter))
 7 FCPATH\index.php(59): CodeIgniter\Boot::bootWeb(Object(Config\Paths))
DEBUG - 2025-06-08 01:24:09 --> Session: Class initialized using 'CodeIgniter\Session\Handlers\FileHandler' driver.
CRITICAL - 2025-06-08 01:24:09 --> ErrorException: Undefined property: Config\Toolbar::$viewsPath
[Method: GET, Route: /]
in SYSTEMPATH\Debug\Toolbar.php on line 474.
 1 SYSTEMPATH\Debug\Toolbar.php(474): CodeIgniter\Debug\Exceptions->errorHandler(2, 'Undefined property: Config\\Toolbar::$viewsPath', 'C:\\xampp\\htdocs\\KingsWastelands-store\\system\\Debug\\Toolbar.php', 474)
 2 APPPATH\Config\Events.php(47): CodeIgniter\Debug\Toolbar->respond()
 3 SYSTEMPATH\Events\Events.php(155): CodeIgniter\Events\Events::Config\{closure}()
 4 SYSTEMPATH\CodeIgniter.php(339): CodeIgniter\Events\Events::trigger('pre_system')
 5 SYSTEMPATH\Boot.php(334): CodeIgniter\CodeIgniter->run()
 6 SYSTEMPATH\Boot.php(67): CodeIgniter\Boot::runCodeIgniter(Object(CodeIgniter\CodeIgniter))
 7 FCPATH\index.php(59): CodeIgniter\Boot::bootWeb(Object(Config\Paths))
DEBUG - 2025-06-08 01:24:12 --> Session: Class initialized using 'CodeIgniter\Session\Handlers\FileHandler' driver.
CRITICAL - 2025-06-08 01:24:13 --> ErrorException: Undefined property: Config\Toolbar::$viewsPath
[Method: GET, Route: /]
in SYSTEMPATH\Debug\Toolbar.php on line 474.
 1 SYSTEMPATH\Debug\Toolbar.php(474): CodeIgniter\Debug\Exceptions->errorHandler(2, 'Undefined property: Config\\Toolbar::$viewsPath', 'C:\\xampp\\htdocs\\KingsWastelands-store\\system\\Debug\\Toolbar.php', 474)
 2 APPPATH\Config\Events.php(47): CodeIgniter\Debug\Toolbar->respond()
 3 SYSTEMPATH\Events\Events.php(155): CodeIgniter\Events\Events::Config\{closure}()
 4 SYSTEMPATH\CodeIgniter.php(339): CodeIgniter\Events\Events::trigger('pre_system')
 5 SYSTEMPATH\Boot.php(334): CodeIgniter\CodeIgniter->run()
 6 SYSTEMPATH\Boot.php(67): CodeIgniter\Boot::runCodeIgniter(Object(CodeIgniter\CodeIgniter))
 7 FCPATH\index.php(59): CodeIgniter\Boot::bootWeb(Object(Config\Paths))
DEBUG - 2025-06-08 01:24:40 --> Session: Class initialized using 'CodeIgniter\Session\Handlers\FileHandler' driver.
CRITICAL - 2025-06-08 01:24:40 --> ErrorException: Undefined property: Config\Toolbar::$viewsPath
[Method: GET, Route: /]
in SYSTEMPATH\Debug\Toolbar.php on line 474.
 1 SYSTEMPATH\Debug\Toolbar.php(474): CodeIgniter\Debug\Exceptions->errorHandler(2, 'Undefined property: Config\\Toolbar::$viewsPath', 'C:\\xampp\\htdocs\\KingsWastelands-store\\system\\Debug\\Toolbar.php', 474)
 2 APPPATH\Config\Events.php(47): CodeIgniter\Debug\Toolbar->respond()
 3 SYSTEMPATH\Events\Events.php(155): CodeIgniter\Events\Events::Config\{closure}()
 4 SYSTEMPATH\CodeIgniter.php(339): CodeIgniter\Events\Events::trigger('pre_system')
 5 SYSTEMPATH\Boot.php(334): CodeIgniter\CodeIgniter->run()
 6 SYSTEMPATH\Boot.php(67): CodeIgniter\Boot::runCodeIgniter(Object(CodeIgniter\CodeIgniter))
 7 FCPATH\index.php(59): CodeIgniter\Boot::bootWeb(Object(Config\Paths))
DEBUG - 2025-06-08 01:24:57 --> Session: Class initialized using 'CodeIgniter\Session\Handlers\FileHandler' driver.
CRITICAL - 2025-06-08 01:24:57 --> ErrorException: Undefined property: Config\Toolbar::$viewsPath
[Method: GET, Route: /]
in SYSTEMPATH\Debug\Toolbar.php on line 474.
 1 SYSTEMPATH\Debug\Toolbar.php(474): CodeIgniter\Debug\Exceptions->errorHandler(2, 'Undefined property: Config\\Toolbar::$viewsPath', 'C:\\xampp\\htdocs\\KingsWastelands-store\\system\\Debug\\Toolbar.php', 474)
 2 APPPATH\Config\Events.php(47): CodeIgniter\Debug\Toolbar->respond()
 3 SYSTEMPATH\Events\Events.php(155): CodeIgniter\Events\Events::Config\{closure}()
 4 SYSTEMPATH\CodeIgniter.php(339): CodeIgniter\Events\Events::trigger('pre_system')
 5 SYSTEMPATH\Boot.php(334): CodeIgniter\CodeIgniter->run()
 6 SYSTEMPATH\Boot.php(67): CodeIgniter\Boot::runCodeIgniter(Object(CodeIgniter\CodeIgniter))
 7 FCPATH\index.php(59): CodeIgniter\Boot::bootWeb(Object(Config\Paths))
DEBUG - 2025-06-08 01:25:08 --> Session: Class initialized using 'CodeIgniter\Session\Handlers\FileHandler' driver.
CRITICAL - 2025-06-08 01:25:08 --> ErrorException: Undefined property: Config\Toolbar::$viewsPath
[Method: GET, Route: /]
in SYSTEMPATH\Debug\Toolbar.php on line 474.
 1 SYSTEMPATH\Debug\Toolbar.php(474): CodeIgniter\Debug\Exceptions->errorHandler(2, 'Undefined property: Config\\Toolbar::$viewsPath', 'C:\\xampp\\htdocs\\KingsWastelands-store\\system\\Debug\\Toolbar.php', 474)
 2 APPPATH\Config\Events.php(47): CodeIgniter\Debug\Toolbar->respond()
 3 SYSTEMPATH\Events\Events.php(155): CodeIgniter\Events\Events::Config\{closure}()
 4 SYSTEMPATH\CodeIgniter.php(339): CodeIgniter\Events\Events::trigger('pre_system')
 5 SYSTEMPATH\Boot.php(334): CodeIgniter\CodeIgniter->run()
 6 SYSTEMPATH\Boot.php(67): CodeIgniter\Boot::runCodeIgniter(Object(CodeIgniter\CodeIgniter))
 7 FCPATH\index.php(59): CodeIgniter\Boot::bootWeb(Object(Config\Paths))
DEBUG - 2025-06-08 01:29:53 --> Session: Class initialized using 'CodeIgniter\Session\Handlers\FileHandler' driver.
CRITICAL - 2025-06-08 01:29:53 --> ErrorException: Undefined property: Config\Toolbar::$viewsPath
[Method: GET, Route: /]
in SYSTEMPATH\Debug\Toolbar.php on line 474.
 1 SYSTEMPATH\Debug\Toolbar.php(474): CodeIgniter\Debug\Exceptions->errorHandler(2, 'Undefined property: Config\\Toolbar::$viewsPath', 'C:\\xampp\\htdocs\\KingsWastelands-store\\system\\Debug\\Toolbar.php', 474)
 2 APPPATH\Config\Events.php(47): CodeIgniter\Debug\Toolbar->respond()
 3 SYSTEMPATH\Events\Events.php(155): CodeIgniter\Events\Events::Config\{closure}()
 4 SYSTEMPATH\CodeIgniter.php(339): CodeIgniter\Events\Events::trigger('pre_system')
 5 SYSTEMPATH\Boot.php(334): CodeIgniter\CodeIgniter->run()
 6 SYSTEMPATH\Boot.php(67): CodeIgniter\Boot::runCodeIgniter(Object(CodeIgniter\CodeIgniter))
 7 FCPATH\index.php(59): CodeIgniter\Boot::bootWeb(Object(Config\Paths))
DEBUG - 2025-06-08 01:30:15 --> Session: Class initialized using 'CodeIgniter\Session\Handlers\FileHandler' driver.
CRITICAL - 2025-06-08 01:30:16 --> ErrorException: Undefined property: Config\Toolbar::$viewsPath
[Method: GET, Route: /]
in SYSTEMPATH\Debug\Toolbar.php on line 474.
 1 SYSTEMPATH\Debug\Toolbar.php(474): CodeIgniter\Debug\Exceptions->errorHandler(2, 'Undefined property: Config\\Toolbar::$viewsPath', 'C:\\xampp\\htdocs\\KingsWastelands-store\\system\\Debug\\Toolbar.php', 474)
 2 APPPATH\Config\Events.php(47): CodeIgniter\Debug\Toolbar->respond()
 3 SYSTEMPATH\Events\Events.php(155): CodeIgniter\Events\Events::Config\{closure}()
 4 SYSTEMPATH\CodeIgniter.php(339): CodeIgniter\Events\Events::trigger('pre_system')
 5 SYSTEMPATH\Boot.php(334): CodeIgniter\CodeIgniter->run()
 6 SYSTEMPATH\Boot.php(67): CodeIgniter\Boot::runCodeIgniter(Object(CodeIgniter\CodeIgniter))
 7 FCPATH\index.php(59): CodeIgniter\Boot::bootWeb(Object(Config\Paths))
DEBUG - 2025-06-08 01:30:26 --> Session: Class initialized using 'CodeIgniter\Session\Handlers\FileHandler' driver.
CRITICAL - 2025-06-08 01:30:27 --> ErrorException: Undefined property: Config\Toolbar::$viewsPath
[Method: GET, Route: /]
in SYSTEMPATH\Debug\Toolbar.php on line 474.
 1 SYSTEMPATH\Debug\Toolbar.php(474): CodeIgniter\Debug\Exceptions->errorHandler(2, 'Undefined property: Config\\Toolbar::$viewsPath', 'C:\\xampp\\htdocs\\KingsWastelands-store\\system\\Debug\\Toolbar.php', 474)
 2 APPPATH\Config\Events.php(47): CodeIgniter\Debug\Toolbar->respond()
 3 SYSTEMPATH\Events\Events.php(155): CodeIgniter\Events\Events::Config\{closure}()
 4 SYSTEMPATH\CodeIgniter.php(339): CodeIgniter\Events\Events::trigger('pre_system')
 5 SYSTEMPATH\Boot.php(334): CodeIgniter\CodeIgniter->run()
 6 SYSTEMPATH\Boot.php(67): CodeIgniter\Boot::runCodeIgniter(Object(CodeIgniter\CodeIgniter))
 7 FCPATH\index.php(59): CodeIgniter\Boot::bootWeb(Object(Config\Paths))
DEBUG - 2025-06-08 01:30:30 --> Session: Class initialized using 'CodeIgniter\Session\Handlers\FileHandler' driver.
CRITICAL - 2025-06-08 01:30:30 --> ErrorException: Undefined property: Config\Toolbar::$viewsPath
[Method: GET, Route: /]
in SYSTEMPATH\Debug\Toolbar.php on line 474.
 1 SYSTEMPATH\Debug\Toolbar.php(474): CodeIgniter\Debug\Exceptions->errorHandler(2, 'Undefined property: Config\\Toolbar::$viewsPath', 'C:\\xampp\\htdocs\\KingsWastelands-store\\system\\Debug\\Toolbar.php', 474)
 2 APPPATH\Config\Events.php(47): CodeIgniter\Debug\Toolbar->respond()
 3 SYSTEMPATH\Events\Events.php(155): CodeIgniter\Events\Events::Config\{closure}()
 4 SYSTEMPATH\CodeIgniter.php(339): CodeIgniter\Events\Events::trigger('pre_system')
 5 SYSTEMPATH\Boot.php(334): CodeIgniter\CodeIgniter->run()
 6 SYSTEMPATH\Boot.php(67): CodeIgniter\Boot::runCodeIgniter(Object(CodeIgniter\CodeIgniter))
 7 FCPATH\index.php(59): CodeIgniter\Boot::bootWeb(Object(Config\Paths))
DEBUG - 2025-06-08 01:30:33 --> Session: Class initialized using 'CodeIgniter\Session\Handlers\FileHandler' driver.
CRITICAL - 2025-06-08 01:30:34 --> ErrorException: Undefined property: Config\Toolbar::$viewsPath
[Method: GET, Route: /]
in SYSTEMPATH\Debug\Toolbar.php on line 474.
 1 SYSTEMPATH\Debug\Toolbar.php(474): CodeIgniter\Debug\Exceptions->errorHandler(2, 'Undefined property: Config\\Toolbar::$viewsPath', 'C:\\xampp\\htdocs\\KingsWastelands-store\\system\\Debug\\Toolbar.php', 474)
 2 APPPATH\Config\Events.php(47): CodeIgniter\Debug\Toolbar->respond()
 3 SYSTEMPATH\Events\Events.php(155): CodeIgniter\Events\Events::Config\{closure}()
 4 SYSTEMPATH\CodeIgniter.php(339): CodeIgniter\Events\Events::trigger('pre_system')
 5 SYSTEMPATH\Boot.php(334): CodeIgniter\CodeIgniter->run()
 6 SYSTEMPATH\Boot.php(67): CodeIgniter\Boot::runCodeIgniter(Object(CodeIgniter\CodeIgniter))
 7 FCPATH\index.php(59): CodeIgniter\Boot::bootWeb(Object(Config\Paths))
DEBUG - 2025-06-08 01:30:41 --> Session: Class initialized using 'CodeIgniter\Session\Handlers\FileHandler' driver.
CRITICAL - 2025-06-08 01:30:41 --> ErrorException: Undefined property: Config\Toolbar::$viewsPath
[Method: GET, Route: /]
in SYSTEMPATH\Debug\Toolbar.php on line 474.
 1 SYSTEMPATH\Debug\Toolbar.php(474): CodeIgniter\Debug\Exceptions->errorHandler(2, 'Undefined property: Config\\Toolbar::$viewsPath', 'C:\\xampp\\htdocs\\KingsWastelands-store\\system\\Debug\\Toolbar.php', 474)
 2 APPPATH\Config\Events.php(47): CodeIgniter\Debug\Toolbar->respond()
 3 SYSTEMPATH\Events\Events.php(155): CodeIgniter\Events\Events::Config\{closure}()
 4 SYSTEMPATH\CodeIgniter.php(339): CodeIgniter\Events\Events::trigger('pre_system')
 5 SYSTEMPATH\Boot.php(334): CodeIgniter\CodeIgniter->run()
 6 SYSTEMPATH\Boot.php(67): CodeIgniter\Boot::runCodeIgniter(Object(CodeIgniter\CodeIgniter))
 7 FCPATH\index.php(59): CodeIgniter\Boot::bootWeb(Object(Config\Paths))
DEBUG - 2025-06-08 01:30:49 --> Session: Class initialized using 'CodeIgniter\Session\Handlers\FileHandler' driver.
CRITICAL - 2025-06-08 01:30:49 --> ErrorException: Undefined property: Config\Toolbar::$viewsPath
[Method: GET, Route: /]
in SYSTEMPATH\Debug\Toolbar.php on line 474.
 1 SYSTEMPATH\Debug\Toolbar.php(474): CodeIgniter\Debug\Exceptions->errorHandler(2, 'Undefined property: Config\\Toolbar::$viewsPath', 'C:\\xampp\\htdocs\\KingsWastelands-store\\system\\Debug\\Toolbar.php', 474)
 2 APPPATH\Config\Events.php(47): CodeIgniter\Debug\Toolbar->respond()
 3 SYSTEMPATH\Events\Events.php(155): CodeIgniter\Events\Events::Config\{closure}()
 4 SYSTEMPATH\CodeIgniter.php(339): CodeIgniter\Events\Events::trigger('pre_system')
 5 SYSTEMPATH\Boot.php(334): CodeIgniter\CodeIgniter->run()
 6 SYSTEMPATH\Boot.php(67): CodeIgniter\Boot::runCodeIgniter(Object(CodeIgniter\CodeIgniter))
 7 FCPATH\index.php(59): CodeIgniter\Boot::bootWeb(Object(Config\Paths))
DEBUG - 2025-06-08 01:30:52 --> Session: Class initialized using 'CodeIgniter\Session\Handlers\FileHandler' driver.
CRITICAL - 2025-06-08 01:30:52 --> ErrorException: Undefined property: Config\Toolbar::$viewsPath
[Method: GET, Route: /]
in SYSTEMPATH\Debug\Toolbar.php on line 474.
 1 SYSTEMPATH\Debug\Toolbar.php(474): CodeIgniter\Debug\Exceptions->errorHandler(2, 'Undefined property: Config\\Toolbar::$viewsPath', 'C:\\xampp\\htdocs\\KingsWastelands-store\\system\\Debug\\Toolbar.php', 474)
 2 APPPATH\Config\Events.php(47): CodeIgniter\Debug\Toolbar->respond()
 3 SYSTEMPATH\Events\Events.php(155): CodeIgniter\Events\Events::Config\{closure}()
 4 SYSTEMPATH\CodeIgniter.php(339): CodeIgniter\Events\Events::trigger('pre_system')
 5 SYSTEMPATH\Boot.php(334): CodeIgniter\CodeIgniter->run()
 6 SYSTEMPATH\Boot.php(67): CodeIgniter\Boot::runCodeIgniter(Object(CodeIgniter\CodeIgniter))
 7 FCPATH\index.php(59): CodeIgniter\Boot::bootWeb(Object(Config\Paths))
DEBUG - 2025-06-08 01:31:03 --> Session: Class initialized using 'CodeIgniter\Session\Handlers\FileHandler' driver.
CRITICAL - 2025-06-08 01:31:03 --> ErrorException: Undefined property: Config\Toolbar::$viewsPath
[Method: GET, Route: /]
in SYSTEMPATH\Debug\Toolbar.php on line 474.
 1 SYSTEMPATH\Debug\Toolbar.php(474): CodeIgniter\Debug\Exceptions->errorHandler(2, 'Undefined property: Config\\Toolbar::$viewsPath', 'C:\\xampp\\htdocs\\KingsWastelands-store\\system\\Debug\\Toolbar.php', 474)
 2 APPPATH\Config\Events.php(47): CodeIgniter\Debug\Toolbar->respond()
 3 SYSTEMPATH\Events\Events.php(155): CodeIgniter\Events\Events::Config\{closure}()
 4 SYSTEMPATH\CodeIgniter.php(339): CodeIgniter\Events\Events::trigger('pre_system')
 5 SYSTEMPATH\Boot.php(334): CodeIgniter\CodeIgniter->run()
 6 SYSTEMPATH\Boot.php(67): CodeIgniter\Boot::runCodeIgniter(Object(CodeIgniter\CodeIgniter))
 7 FCPATH\index.php(59): CodeIgniter\Boot::bootWeb(Object(Config\Paths))
DEBUG - 2025-06-08 01:31:17 --> Session: Class initialized using 'CodeIgniter\Session\Handlers\FileHandler' driver.
CRITICAL - 2025-06-08 01:31:17 --> ErrorException: Undefined property: Config\Toolbar::$viewsPath
[Method: GET, Route: /]
in SYSTEMPATH\Debug\Toolbar.php on line 474.
 1 SYSTEMPATH\Debug\Toolbar.php(474): CodeIgniter\Debug\Exceptions->errorHandler(2, 'Undefined property: Config\\Toolbar::$viewsPath', 'C:\\xampp\\htdocs\\KingsWastelands-store\\system\\Debug\\Toolbar.php', 474)
 2 APPPATH\Config\Events.php(47): CodeIgniter\Debug\Toolbar->respond()
 3 SYSTEMPATH\Events\Events.php(155): CodeIgniter\Events\Events::Config\{closure}()
 4 SYSTEMPATH\CodeIgniter.php(339): CodeIgniter\Events\Events::trigger('pre_system')
 5 SYSTEMPATH\Boot.php(334): CodeIgniter\CodeIgniter->run()
 6 SYSTEMPATH\Boot.php(67): CodeIgniter\Boot::runCodeIgniter(Object(CodeIgniter\CodeIgniter))
 7 FCPATH\index.php(59): CodeIgniter\Boot::bootWeb(Object(Config\Paths))
DEBUG - 2025-06-08 01:32:09 --> Session: Class initialized using 'CodeIgniter\Session\Handlers\FileHandler' driver.
CRITICAL - 2025-06-08 01:32:09 --> ErrorException: Undefined property: Config\Toolbar::$viewsPath
[Method: GET, Route: /]
in SYSTEMPATH\Debug\Toolbar.php on line 474.
 1 SYSTEMPATH\Debug\Toolbar.php(474): CodeIgniter\Debug\Exceptions->errorHandler(2, 'Undefined property: Config\\Toolbar::$viewsPath', 'C:\\xampp\\htdocs\\KingsWastelands-store\\system\\Debug\\Toolbar.php', 474)
 2 APPPATH\Config\Events.php(47): CodeIgniter\Debug\Toolbar->respond()
 3 SYSTEMPATH\Events\Events.php(155): CodeIgniter\Events\Events::Config\{closure}()
 4 SYSTEMPATH\CodeIgniter.php(339): CodeIgniter\Events\Events::trigger('pre_system')
 5 SYSTEMPATH\Boot.php(334): CodeIgniter\CodeIgniter->run()
 6 SYSTEMPATH\Boot.php(67): CodeIgniter\Boot::runCodeIgniter(Object(CodeIgniter\CodeIgniter))
 7 FCPATH\index.php(59): CodeIgniter\Boot::bootWeb(Object(Config\Paths))
DEBUG - 2025-06-08 01:49:52 --> Session: Class initialized using 'CodeIgniter\Session\Handlers\FileHandler' driver.
CRITICAL - 2025-06-08 01:49:52 --> ErrorException: Undefined variable $juegosPopulares
[Method: GET, Route: /]
in APPPATH\Views\plantillas\tendencias_view.php on line 16.
 1 APPPATH\Views\plantillas\tendencias_view.php(16): CodeIgniter\Debug\Exceptions->errorHandler(2, 'Undefined variable $juegosPopulares', 'C:\\xampp\\htdocs\\KingsWastelands-store\\app\\Views\\plantillas\\tendencias_view.php', 16)
 2 SYSTEMPATH\View\View.php(224): include('C:\\xampp\\htdocs\\KingsWastelands-store\\app\\Views\\plantillas\\tendencias_view.php')
 3 SYSTEMPATH\View\View.php(227): CodeIgniter\View\View->CodeIgniter\View\{closure}()
 4 SYSTEMPATH\Common.php(1173): CodeIgniter\View\View->render('../Views/plantillas/tendencias_view', [], true)
 5 APPPATH\Controllers\Home.php(10): view('../Views/plantillas/tendencias_view')
 6 SYSTEMPATH\CodeIgniter.php(933): App\Controllers\Home->index()
 7 SYSTEMPATH\CodeIgniter.php(507): CodeIgniter\CodeIgniter->runController(Object(App\Controllers\Home))
 8 SYSTEMPATH\CodeIgniter.php(354): CodeIgniter\CodeIgniter->handleRequest(null, Object(Config\Cache), false)
 9 SYSTEMPATH\Boot.php(334): CodeIgniter\CodeIgniter->run()
10 SYSTEMPATH\Boot.php(67): CodeIgniter\Boot::runCodeIgniter(Object(CodeIgniter\CodeIgniter))
11 FCPATH\index.php(59): CodeIgniter\Boot::bootWeb(Object(Config\Paths))
DEBUG - 2025-06-08 03:26:49 --> Session: Class initialized using 'CodeIgniter\Session\Handlers\FileHandler' driver.
CRITICAL - 2025-06-08 03:26:49 --> ErrorException: Undefined variable $juegos
[Method: GET, Route: /]
in APPPATH\Views\plantillas\tendencias_view.php on line 16.
 1 APPPATH\Views\plantillas\tendencias_view.php(16): CodeIgniter\Debug\Exceptions->errorHandler(2, 'Undefined variable $juegos', 'C:\\xampp\\htdocs\\KingsWastelands-store\\app\\Views\\plantillas\\tendencias_view.php', 16)
 2 SYSTEMPATH\View\View.php(224): include('C:\\xampp\\htdocs\\KingsWastelands-store\\app\\Views\\plantillas\\tendencias_view.php')
 3 SYSTEMPATH\View\View.php(227): CodeIgniter\View\View->CodeIgniter\View\{closure}()
 4 SYSTEMPATH\Common.php(1173): CodeIgniter\View\View->render('../Views/plantillas/tendencias_view', [], true)
 5 APPPATH\Controllers\Home.php(10): view('../Views/plantillas/tendencias_view')
 6 SYSTEMPATH\CodeIgniter.php(933): App\Controllers\Home->index()
 7 SYSTEMPATH\CodeIgniter.php(507): CodeIgniter\CodeIgniter->runController(Object(App\Controllers\Home))
 8 SYSTEMPATH\CodeIgniter.php(354): CodeIgniter\CodeIgniter->handleRequest(null, Object(Config\Cache), false)
 9 SYSTEMPATH\Boot.php(334): CodeIgniter\CodeIgniter->run()
10 SYSTEMPATH\Boot.php(67): CodeIgniter\Boot::runCodeIgniter(Object(CodeIgniter\CodeIgniter))
11 FCPATH\index.php(59): CodeIgniter\Boot::bootWeb(Object(Config\Paths))
DEBUG - 2025-06-08 03:37:33 --> Session: Class initialized using 'CodeIgniter\Session\Handlers\FileHandler' driver.
CRITICAL - 2025-06-08 03:37:33 --> ErrorException: Undefined variable $juegos
[Method: GET, Route: /]
in APPPATH\Views\plantillas\tendencias_view.php on line 16.
 1 APPPATH\Views\plantillas\tendencias_view.php(16): CodeIgniter\Debug\Exceptions->errorHandler(2, 'Undefined variable $juegos', 'C:\\xampp\\htdocs\\KingsWastelands-store\\app\\Views\\plantillas\\tendencias_view.php', 16)
 2 SYSTEMPATH\View\View.php(224): include('C:\\xampp\\htdocs\\KingsWastelands-store\\app\\Views\\plantillas\\tendencias_view.php')
 3 SYSTEMPATH\View\View.php(227): CodeIgniter\View\View->CodeIgniter\View\{closure}()
 4 SYSTEMPATH\Common.php(1173): CodeIgniter\View\View->render('plantillas/tendencias_view', [], true)
 5 APPPATH\Controllers\Home.php(35): view('plantillas/tendencias_view', [...])
 6 SYSTEMPATH\CodeIgniter.php(933): App\Controllers\Home->index()
 7 SYSTEMPATH\CodeIgniter.php(507): CodeIgniter\CodeIgniter->runController(Object(App\Controllers\Home))
 8 SYSTEMPATH\CodeIgniter.php(354): CodeIgniter\CodeIgniter->handleRequest(null, Object(Config\Cache), false)
 9 SYSTEMPATH\Boot.php(334): CodeIgniter\CodeIgniter->run()
10 SYSTEMPATH\Boot.php(67): CodeIgniter\Boot::runCodeIgniter(Object(CodeIgniter\CodeIgniter))
11 FCPATH\index.php(59): CodeIgniter\Boot::bootWeb(Object(Config\Paths))
DEBUG - 2025-06-08 03:37:38 --> Session: Class initialized using 'CodeIgniter\Session\Handlers\FileHandler' driver.
CRITICAL - 2025-06-08 03:37:38 --> ErrorException: Undefined variable $juegos
[Method: GET, Route: /]
in APPPATH\Views\plantillas\tendencias_view.php on line 16.
 1 APPPATH\Views\plantillas\tendencias_view.php(16): CodeIgniter\Debug\Exceptions->errorHandler(2, 'Undefined variable $juegos', 'C:\\xampp\\htdocs\\KingsWastelands-store\\app\\Views\\plantillas\\tendencias_view.php', 16)
 2 SYSTEMPATH\View\View.php(224): include('C:\\xampp\\htdocs\\KingsWastelands-store\\app\\Views\\plantillas\\tendencias_view.php')
 3 SYSTEMPATH\View\View.php(227): CodeIgniter\View\View->CodeIgniter\View\{closure}()
 4 SYSTEMPATH\Common.php(1173): CodeIgniter\View\View->render('plantillas/tendencias_view', [], true)
 5 APPPATH\Controllers\Home.php(35): view('plantillas/tendencias_view', [...])
 6 SYSTEMPATH\CodeIgniter.php(933): App\Controllers\Home->index()
 7 SYSTEMPATH\CodeIgniter.php(507): CodeIgniter\CodeIgniter->runController(Object(App\Controllers\Home))
 8 SYSTEMPATH\CodeIgniter.php(354): CodeIgniter\CodeIgniter->handleRequest(null, Object(Config\Cache), false)
 9 SYSTEMPATH\Boot.php(334): CodeIgniter\CodeIgniter->run()
10 SYSTEMPATH\Boot.php(67): CodeIgniter\Boot::runCodeIgniter(Object(CodeIgniter\CodeIgniter))
11 FCPATH\index.php(59): CodeIgniter\Boot::bootWeb(Object(Config\Paths))
DEBUG - 2025-06-08 03:38:45 --> Session: Class initialized using 'CodeIgniter\Session\Handlers\FileHandler' driver.
CRITICAL - 2025-06-08 03:38:45 --> ErrorException: Undefined variable $proximosLanzamientos
[Method: GET, Route: /]
in APPPATH\Views\plantillas\tendencias_view.php on line 93.
 1 APPPATH\Views\plantillas\tendencias_view.php(93): CodeIgniter\Debug\Exceptions->errorHandler(2, 'Undefined variable $proximosLanzamientos', 'C:\\xampp\\htdocs\\KingsWastelands-store\\app\\Views\\plantillas\\tendencias_view.php', 93)
 2 SYSTEMPATH\View\View.php(224): include('C:\\xampp\\htdocs\\KingsWastelands-store\\app\\Views\\plantillas\\tendencias_view.php')
 3 SYSTEMPATH\View\View.php(227): CodeIgniter\View\View->CodeIgniter\View\{closure}()
 4 SYSTEMPATH\Common.php(1173): CodeIgniter\View\View->render('plantillas/tendencias_view', [], true)
 5 APPPATH\Controllers\Home.php(35): view('plantillas/tendencias_view', [...])
 6 SYSTEMPATH\CodeIgniter.php(933): App\Controllers\Home->index()
 7 SYSTEMPATH\CodeIgniter.php(507): CodeIgniter\CodeIgniter->runController(Object(App\Controllers\Home))
 8 SYSTEMPATH\CodeIgniter.php(354): CodeIgniter\CodeIgniter->handleRequest(null, Object(Config\Cache), false)
 9 SYSTEMPATH\Boot.php(334): CodeIgniter\CodeIgniter->run()
10 SYSTEMPATH\Boot.php(67): CodeIgniter\Boot::runCodeIgniter(Object(CodeIgniter\CodeIgniter))
11 FCPATH\index.php(59): CodeIgniter\Boot::bootWeb(Object(Config\Paths))
DEBUG - 2025-06-08 03:39:04 --> Session: Class initialized using 'CodeIgniter\Session\Handlers\FileHandler' driver.
CRITICAL - 2025-06-08 03:39:04 --> ErrorException: Undefined variable $proximosLanzamientos
[Method: GET, Route: /]
in APPPATH\Views\plantillas\tendencias_view.php on line 93.
 1 APPPATH\Views\plantillas\tendencias_view.php(93): CodeIgniter\Debug\Exceptions->errorHandler(2, 'Undefined variable $proximosLanzamientos', 'C:\\xampp\\htdocs\\KingsWastelands-store\\app\\Views\\plantillas\\tendencias_view.php', 93)
 2 SYSTEMPATH\View\View.php(224): include('C:\\xampp\\htdocs\\KingsWastelands-store\\app\\Views\\plantillas\\tendencias_view.php')
 3 SYSTEMPATH\View\View.php(227): CodeIgniter\View\View->CodeIgniter\View\{closure}()
 4 SYSTEMPATH\Common.php(1173): CodeIgniter\View\View->render('plantillas/tendencias_view', [], true)
 5 APPPATH\Controllers\Home.php(35): view('plantillas/tendencias_view', [...])
 6 SYSTEMPATH\CodeIgniter.php(933): App\Controllers\Home->index()
 7 SYSTEMPATH\CodeIgniter.php(507): CodeIgniter\CodeIgniter->runController(Object(App\Controllers\Home))
 8 SYSTEMPATH\CodeIgniter.php(354): CodeIgniter\CodeIgniter->handleRequest(null, Object(Config\Cache), false)
 9 SYSTEMPATH\Boot.php(334): CodeIgniter\CodeIgniter->run()
10 SYSTEMPATH\Boot.php(67): CodeIgniter\Boot::runCodeIgniter(Object(CodeIgniter\CodeIgniter))
11 FCPATH\index.php(59): CodeIgniter\Boot::bootWeb(Object(Config\Paths))
DEBUG - 2025-06-08 03:39:05 --> Session: Class initialized using 'CodeIgniter\Session\Handlers\FileHandler' driver.
CRITICAL - 2025-06-08 03:39:05 --> ErrorException: Undefined variable $proximosLanzamientos
[Method: GET, Route: /]
in APPPATH\Views\plantillas\tendencias_view.php on line 93.
 1 APPPATH\Views\plantillas\tendencias_view.php(93): CodeIgniter\Debug\Exceptions->errorHandler(2, 'Undefined variable $proximosLanzamientos', 'C:\\xampp\\htdocs\\KingsWastelands-store\\app\\Views\\plantillas\\tendencias_view.php', 93)
 2 SYSTEMPATH\View\View.php(224): include('C:\\xampp\\htdocs\\KingsWastelands-store\\app\\Views\\plantillas\\tendencias_view.php')
 3 SYSTEMPATH\View\View.php(227): CodeIgniter\View\View->CodeIgniter\View\{closure}()
 4 SYSTEMPATH\Common.php(1173): CodeIgniter\View\View->render('plantillas/tendencias_view', [], true)
 5 APPPATH\Controllers\Home.php(35): view('plantillas/tendencias_view', [...])
 6 SYSTEMPATH\CodeIgniter.php(933): App\Controllers\Home->index()
 7 SYSTEMPATH\CodeIgniter.php(507): CodeIgniter\CodeIgniter->runController(Object(App\Controllers\Home))
 8 SYSTEMPATH\CodeIgniter.php(354): CodeIgniter\CodeIgniter->handleRequest(null, Object(Config\Cache), false)
 9 SYSTEMPATH\Boot.php(334): CodeIgniter\CodeIgniter->run()
10 SYSTEMPATH\Boot.php(67): CodeIgniter\Boot::runCodeIgniter(Object(CodeIgniter\CodeIgniter))
11 FCPATH\index.php(59): CodeIgniter\Boot::bootWeb(Object(Config\Paths))
DEBUG - 2025-06-08 03:39:05 --> Session: Class initialized using 'CodeIgniter\Session\Handlers\FileHandler' driver.
CRITICAL - 2025-06-08 03:39:05 --> ErrorException: Undefined variable $proximosLanzamientos
[Method: GET, Route: /]
in APPPATH\Views\plantillas\tendencias_view.php on line 93.
 1 APPPATH\Views\plantillas\tendencias_view.php(93): CodeIgniter\Debug\Exceptions->errorHandler(2, 'Undefined variable $proximosLanzamientos', 'C:\\xampp\\htdocs\\KingsWastelands-store\\app\\Views\\plantillas\\tendencias_view.php', 93)
 2 SYSTEMPATH\View\View.php(224): include('C:\\xampp\\htdocs\\KingsWastelands-store\\app\\Views\\plantillas\\tendencias_view.php')
 3 SYSTEMPATH\View\View.php(227): CodeIgniter\View\View->CodeIgniter\View\{closure}()
 4 SYSTEMPATH\Common.php(1173): CodeIgniter\View\View->render('plantillas/tendencias_view', [], true)
 5 APPPATH\Controllers\Home.php(35): view('plantillas/tendencias_view', [...])
 6 SYSTEMPATH\CodeIgniter.php(933): App\Controllers\Home->index()
 7 SYSTEMPATH\CodeIgniter.php(507): CodeIgniter\CodeIgniter->runController(Object(App\Controllers\Home))
 8 SYSTEMPATH\CodeIgniter.php(354): CodeIgniter\CodeIgniter->handleRequest(null, Object(Config\Cache), false)
 9 SYSTEMPATH\Boot.php(334): CodeIgniter\CodeIgniter->run()
10 SYSTEMPATH\Boot.php(67): CodeIgniter\Boot::runCodeIgniter(Object(CodeIgniter\CodeIgniter))
11 FCPATH\index.php(59): CodeIgniter\Boot::bootWeb(Object(Config\Paths))
DEBUG - 2025-06-08 03:47:19 --> Session: Class initialized using 'CodeIgniter\Session\Handlers\FileHandler' driver.
CRITICAL - 2025-06-08 03:47:19 --> ErrorException: Undefined property: Config\Toolbar::$viewsPath
[Method: GET, Route: /]
in SYSTEMPATH\Debug\Toolbar.php on line 474.
 1 SYSTEMPATH\Debug\Toolbar.php(474): CodeIgniter\Debug\Exceptions->errorHandler(2, 'Undefined property: Config\\Toolbar::$viewsPath', 'C:\\xampp\\htdocs\\KingsWastelands-store\\system\\Debug\\Toolbar.php', 474)
 2 APPPATH\Config\Events.php(47): CodeIgniter\Debug\Toolbar->respond()
 3 SYSTEMPATH\Events\Events.php(155): CodeIgniter\Events\Events::Config\{closure}()
 4 SYSTEMPATH\CodeIgniter.php(339): CodeIgniter\Events\Events::trigger('pre_system')
 5 SYSTEMPATH\Boot.php(334): CodeIgniter\CodeIgniter->run()
 6 SYSTEMPATH\Boot.php(67): CodeIgniter\Boot::runCodeIgniter(Object(CodeIgniter\CodeIgniter))
 7 FCPATH\index.php(59): CodeIgniter\Boot::bootWeb(Object(Config\Paths))
DEBUG - 2025-06-08 03:48:04 --> Session: Class initialized using 'CodeIgniter\Session\Handlers\FileHandler' driver.
CRITICAL - 2025-06-08 03:48:04 --> ErrorException: Undefined property: Config\Toolbar::$viewsPath
[Method: GET, Route: /]
in SYSTEMPATH\Debug\Toolbar.php on line 474.
 1 SYSTEMPATH\Debug\Toolbar.php(474): CodeIgniter\Debug\Exceptions->errorHandler(2, 'Undefined property: Config\\Toolbar::$viewsPath', 'C:\\xampp\\htdocs\\KingsWastelands-store\\system\\Debug\\Toolbar.php', 474)
 2 APPPATH\Config\Events.php(47): CodeIgniter\Debug\Toolbar->respond()
 3 SYSTEMPATH\Events\Events.php(155): CodeIgniter\Events\Events::Config\{closure}()
 4 SYSTEMPATH\CodeIgniter.php(339): CodeIgniter\Events\Events::trigger('pre_system')
 5 SYSTEMPATH\Boot.php(334): CodeIgniter\CodeIgniter->run()
 6 SYSTEMPATH\Boot.php(67): CodeIgniter\Boot::runCodeIgniter(Object(CodeIgniter\CodeIgniter))
 7 FCPATH\index.php(59): CodeIgniter\Boot::bootWeb(Object(Config\Paths))
DEBUG - 2025-06-08 04:03:20 --> Session: Class initialized using 'CodeIgniter\Session\Handlers\FileHandler' driver.
CRITICAL - 2025-06-08 04:03:20 --> ErrorException: Undefined property: Config\Toolbar::$viewsPath
[Method: GET, Route: /]
in SYSTEMPATH\Debug\Toolbar.php on line 474.
 1 SYSTEMPATH\Debug\Toolbar.php(474): CodeIgniter\Debug\Exceptions->errorHandler(2, 'Undefined property: Config\\Toolbar::$viewsPath', 'C:\\xampp\\htdocs\\KingsWastelands-store\\system\\Debug\\Toolbar.php', 474)
 2 APPPATH\Config\Events.php(47): CodeIgniter\Debug\Toolbar->respond()
 3 SYSTEMPATH\Events\Events.php(155): CodeIgniter\Events\Events::Config\{closure}()
 4 SYSTEMPATH\CodeIgniter.php(339): CodeIgniter\Events\Events::trigger('pre_system')
 5 SYSTEMPATH\Boot.php(334): CodeIgniter\CodeIgniter->run()
 6 SYSTEMPATH\Boot.php(67): CodeIgniter\Boot::runCodeIgniter(Object(CodeIgniter\CodeIgniter))
 7 FCPATH\index.php(59): CodeIgniter\Boot::bootWeb(Object(Config\Paths))
DEBUG - 2025-06-08 04:14:17 --> Session: Class initialized using 'CodeIgniter\Session\Handlers\FileHandler' driver.
CRITICAL - 2025-06-08 04:14:17 --> ErrorException: Undefined array key "discount"
[Method: GET, Route: /]
in APPPATH\Views\plantillas\tendencias_view.php on line 56.
 1 APPPATH\Views\plantillas\tendencias_view.php(56): CodeIgniter\Debug\Exceptions->errorHandler(2, 'Undefined array key "discount"', 'C:\\xampp\\htdocs\\KingsWastelands-store\\app\\Views\\plantillas\\tendencias_view.php', 56)
 2 SYSTEMPATH\View\View.php(224): include('C:\\xampp\\htdocs\\KingsWastelands-store\\app\\Views\\plantillas\\tendencias_view.php')
 3 SYSTEMPATH\View\View.php(227): CodeIgniter\View\View->CodeIgniter\View\{closure}()
 4 SYSTEMPATH\Common.php(1173): CodeIgniter\View\View->render('plantillas/tendencias_view', [], true)
 5 APPPATH\Controllers\Home.php(36): view('plantillas/tendencias_view', [...])
 6 SYSTEMPATH\CodeIgniter.php(933): App\Controllers\Home->index()
 7 SYSTEMPATH\CodeIgniter.php(507): CodeIgniter\CodeIgniter->runController(Object(App\Controllers\Home))
 8 SYSTEMPATH\CodeIgniter.php(354): CodeIgniter\CodeIgniter->handleRequest(null, Object(Config\Cache), false)
 9 SYSTEMPATH\Boot.php(334): CodeIgniter\CodeIgniter->run()
10 SYSTEMPATH\Boot.php(67): CodeIgniter\Boot::runCodeIgniter(Object(CodeIgniter\CodeIgniter))
11 FCPATH\index.php(59): CodeIgniter\Boot::bootWeb(Object(Config\Paths))
DEBUG - 2025-06-08 04:15:08 --> Session: Class initialized using 'CodeIgniter\Session\Handlers\FileHandler' driver.
CRITICAL - 2025-06-08 04:15:08 --> ErrorException: Undefined variable $proximosLanzamientos
[Method: GET, Route: /]
in APPPATH\Views\plantillas\tendencias_view.php on line 93.
 1 APPPATH\Views\plantillas\tendencias_view.php(93): CodeIgniter\Debug\Exceptions->errorHandler(2, 'Undefined variable $proximosLanzamientos', 'C:\\xampp\\htdocs\\KingsWastelands-store\\app\\Views\\plantillas\\tendencias_view.php', 93)
 2 SYSTEMPATH\View\View.php(224): include('C:\\xampp\\htdocs\\KingsWastelands-store\\app\\Views\\plantillas\\tendencias_view.php')
 3 SYSTEMPATH\View\View.php(227): CodeIgniter\View\View->CodeIgniter\View\{closure}()
 4 SYSTEMPATH\Common.php(1173): CodeIgniter\View\View->render('plantillas/tendencias_view', [], true)
 5 APPPATH\Controllers\Home.php(36): view('plantillas/tendencias_view', [...])
 6 SYSTEMPATH\CodeIgniter.php(933): App\Controllers\Home->index()
 7 SYSTEMPATH\CodeIgniter.php(507): CodeIgniter\CodeIgniter->runController(Object(App\Controllers\Home))
 8 SYSTEMPATH\CodeIgniter.php(354): CodeIgniter\CodeIgniter->handleRequest(null, Object(Config\Cache), false)
 9 SYSTEMPATH\Boot.php(334): CodeIgniter\CodeIgniter->run()
10 SYSTEMPATH\Boot.php(67): CodeIgniter\Boot::runCodeIgniter(Object(CodeIgniter\CodeIgniter))
11 FCPATH\index.php(59): CodeIgniter\Boot::bootWeb(Object(Config\Paths))
DEBUG - 2025-06-08 04:15:22 --> Session: Class initialized using 'CodeIgniter\Session\Handlers\FileHandler' driver.
CRITICAL - 2025-06-08 04:15:22 --> ErrorException: Undefined property: Config\Toolbar::$viewsPath
[Method: GET, Route: /]
in SYSTEMPATH\Debug\Toolbar.php on line 474.
 1 SYSTEMPATH\Debug\Toolbar.php(474): CodeIgniter\Debug\Exceptions->errorHandler(2, 'Undefined property: Config\\Toolbar::$viewsPath', 'C:\\xampp\\htdocs\\KingsWastelands-store\\system\\Debug\\Toolbar.php', 474)
 2 APPPATH\Config\Events.php(47): CodeIgniter\Debug\Toolbar->respond()
 3 SYSTEMPATH\Events\Events.php(155): CodeIgniter\Events\Events::Config\{closure}()
 4 SYSTEMPATH\CodeIgniter.php(339): CodeIgniter\Events\Events::trigger('pre_system')
 5 SYSTEMPATH\Boot.php(334): CodeIgniter\CodeIgniter->run()
 6 SYSTEMPATH\Boot.php(67): CodeIgniter\Boot::runCodeIgniter(Object(CodeIgniter\CodeIgniter))
 7 FCPATH\index.php(59): CodeIgniter\Boot::bootWeb(Object(Config\Paths))
DEBUG - 2025-06-08 04:16:09 --> Session: Class initialized using 'CodeIgniter\Session\Handlers\FileHandler' driver.
CRITICAL - 2025-06-08 04:16:09 --> ErrorException: Undefined property: Config\Toolbar::$viewsPath
[Method: GET, Route: /]
in SYSTEMPATH\Debug\Toolbar.php on line 474.
 1 SYSTEMPATH\Debug\Toolbar.php(474): CodeIgniter\Debug\Exceptions->errorHandler(2, 'Undefined property: Config\\Toolbar::$viewsPath', 'C:\\xampp\\htdocs\\KingsWastelands-store\\system\\Debug\\Toolbar.php', 474)
 2 APPPATH\Config\Events.php(47): CodeIgniter\Debug\Toolbar->respond()
 3 SYSTEMPATH\Events\Events.php(155): CodeIgniter\Events\Events::Config\{closure}()
 4 SYSTEMPATH\CodeIgniter.php(339): CodeIgniter\Events\Events::trigger('pre_system')
 5 SYSTEMPATH\Boot.php(334): CodeIgniter\CodeIgniter->run()
 6 SYSTEMPATH\Boot.php(67): CodeIgniter\Boot::runCodeIgniter(Object(CodeIgniter\CodeIgniter))
 7 FCPATH\index.php(59): CodeIgniter\Boot::bootWeb(Object(Config\Paths))
DEBUG - 2025-06-08 04:16:19 --> Session: Class initialized using 'CodeIgniter\Session\Handlers\FileHandler' driver.
CRITICAL - 2025-06-08 04:16:19 --> ErrorException: Undefined property: Config\Toolbar::$viewsPath
[Method: GET, Route: /]
in SYSTEMPATH\Debug\Toolbar.php on line 474.
 1 SYSTEMPATH\Debug\Toolbar.php(474): CodeIgniter\Debug\Exceptions->errorHandler(2, 'Undefined property: Config\\Toolbar::$viewsPath', 'C:\\xampp\\htdocs\\KingsWastelands-store\\system\\Debug\\Toolbar.php', 474)
 2 APPPATH\Config\Events.php(47): CodeIgniter\Debug\Toolbar->respond()
 3 SYSTEMPATH\Events\Events.php(155): CodeIgniter\Events\Events::Config\{closure}()
 4 SYSTEMPATH\CodeIgniter.php(339): CodeIgniter\Events\Events::trigger('pre_system')
 5 SYSTEMPATH\Boot.php(334): CodeIgniter\CodeIgniter->run()
 6 SYSTEMPATH\Boot.php(67): CodeIgniter\Boot::runCodeIgniter(Object(CodeIgniter\CodeIgniter))
 7 FCPATH\index.php(59): CodeIgniter\Boot::bootWeb(Object(Config\Paths))
DEBUG - 2025-06-08 05:02:06 --> Session: Class initialized using 'CodeIgniter\Session\Handlers\FileHandler' driver.
CRITICAL - 2025-06-08 05:02:06 --> ErrorException: Undefined property: Config\Toolbar::$viewsPath
[Method: GET, Route: /]
in SYSTEMPATH\Debug\Toolbar.php on line 474.
 1 SYSTEMPATH\Debug\Toolbar.php(474): CodeIgniter\Debug\Exceptions->errorHandler(2, 'Undefined property: Config\\Toolbar::$viewsPath', 'C:\\xampp\\htdocs\\KingsWastelands-store\\system\\Debug\\Toolbar.php', 474)
 2 APPPATH\Config\Events.php(47): CodeIgniter\Debug\Toolbar->respond()
 3 SYSTEMPATH\Events\Events.php(155): CodeIgniter\Events\Events::Config\{closure}()
 4 SYSTEMPATH\CodeIgniter.php(339): CodeIgniter\Events\Events::trigger('pre_system')
 5 SYSTEMPATH\Boot.php(334): CodeIgniter\CodeIgniter->run()
 6 SYSTEMPATH\Boot.php(67): CodeIgniter\Boot::runCodeIgniter(Object(CodeIgniter\CodeIgniter))
 7 FCPATH\index.php(59): CodeIgniter\Boot::bootWeb(Object(Config\Paths))
DEBUG - 2025-06-08 05:02:12 --> Session: Class initialized using 'CodeIgniter\Session\Handlers\FileHandler' driver.
DEBUG - 2025-06-08 05:02:12 --> Session: Class initialized using 'CodeIgniter\Session\Handlers\FileHandler' driver.
CRITICAL - 2025-06-08 05:02:12 --> ErrorException: Undefined property: Config\Toolbar::$viewsPath
[Method: GET, Route: /]
in SYSTEMPATH\Debug\Toolbar.php on line 474.
 1 SYSTEMPATH\Debug\Toolbar.php(474): CodeIgniter\Debug\Exceptions->errorHandler(2, 'Undefined property: Config\\Toolbar::$viewsPath', 'C:\\xampp\\htdocs\\KingsWastelands-store\\system\\Debug\\Toolbar.php', 474)
 2 APPPATH\Config\Events.php(47): CodeIgniter\Debug\Toolbar->respond()
 3 SYSTEMPATH\Events\Events.php(155): CodeIgniter\Events\Events::Config\{closure}()
 4 SYSTEMPATH\CodeIgniter.php(339): CodeIgniter\Events\Events::trigger('pre_system')
 5 SYSTEMPATH\Boot.php(334): CodeIgniter\CodeIgniter->run()
 6 SYSTEMPATH\Boot.php(67): CodeIgniter\Boot::runCodeIgniter(Object(CodeIgniter\CodeIgniter))
 7 FCPATH\index.php(59): CodeIgniter\Boot::bootWeb(Object(Config\Paths))
DEBUG - 2025-06-08 05:32:09 --> Session: Class initialized using 'CodeIgniter\Session\Handlers\FileHandler' driver.
CRITICAL - 2025-06-08 05:32:09 --> ErrorException: Undefined property: Config\Toolbar::$viewsPath
[Method: GET, Route: /]
in SYSTEMPATH\Debug\Toolbar.php on line 474.
 1 SYSTEMPATH\Debug\Toolbar.php(474): CodeIgniter\Debug\Exceptions->errorHandler(2, 'Undefined property: Config\\Toolbar::$viewsPath', 'C:\\xampp\\htdocs\\KingsWastelands-store\\system\\Debug\\Toolbar.php', 474)
 2 APPPATH\Config\Events.php(47): CodeIgniter\Debug\Toolbar->respond()
 3 SYSTEMPATH\Events\Events.php(155): CodeIgniter\Events\Events::Config\{closure}()
 4 SYSTEMPATH\CodeIgniter.php(339): CodeIgniter\Events\Events::trigger('pre_system')
 5 SYSTEMPATH\Boot.php(334): CodeIgniter\CodeIgniter->run()
 6 SYSTEMPATH\Boot.php(67): CodeIgniter\Boot::runCodeIgniter(Object(CodeIgniter\CodeIgniter))
 7 FCPATH\index.php(59): CodeIgniter\Boot::bootWeb(Object(Config\Paths))
DEBUG - 2025-06-08 05:39:33 --> Session: Class initialized using 'CodeIgniter\Session\Handlers\FileHandler' driver.
CRITICAL - 2025-06-08 05:39:33 --> ErrorException: Undefined variable $juegosPopulares
[Method: GET, Route: /]
in APPPATH\Views\plantillas\slider_view.php on line 3.
 1 APPPATH\Views\plantillas\slider_view.php(3): CodeIgniter\Debug\Exceptions->errorHandler(2, 'Undefined variable $juegosPopulares', 'C:\\xampp\\htdocs\\KingsWastelands-store\\app\\Views\\plantillas\\slider_view.php', 3)
 2 SYSTEMPATH\View\View.php(224): include('C:\\xampp\\htdocs\\KingsWastelands-store\\app\\Views\\plantillas\\slider_view.php')
 3 SYSTEMPATH\View\View.php(227): CodeIgniter\View\View->CodeIgniter\View\{closure}()
 4 SYSTEMPATH\Common.php(1173): CodeIgniter\View\View->render('plantillas/slider_view', [], true)
 5 APPPATH\Controllers\Home.php(35): view('plantillas/slider_view')
 6 SYSTEMPATH\CodeIgniter.php(933): App\Controllers\Home->index()
 7 SYSTEMPATH\CodeIgniter.php(507): CodeIgniter\CodeIgniter->runController(Object(App\Controllers\Home))
 8 SYSTEMPATH\CodeIgniter.php(354): CodeIgniter\CodeIgniter->handleRequest(null, Object(Config\Cache), false)
 9 SYSTEMPATH\Boot.php(334): CodeIgniter\CodeIgniter->run()
10 SYSTEMPATH\Boot.php(67): CodeIgniter\Boot::runCodeIgniter(Object(CodeIgniter\CodeIgniter))
11 FCPATH\index.php(59): CodeIgniter\Boot::bootWeb(Object(Config\Paths))
DEBUG - 2025-06-08 05:41:55 --> Session: Class initialized using 'CodeIgniter\Session\Handlers\FileHandler' driver.
CRITICAL - 2025-06-08 05:41:55 --> ErrorException: Undefined variable $juegosPopulares
[Method: GET, Route: /]
in APPPATH\Views\plantillas\slider_view.php on line 3.
 1 APPPATH\Views\plantillas\slider_view.php(3): CodeIgniter\Debug\Exceptions->errorHandler(2, 'Undefined variable $juegosPopulares', 'C:\\xampp\\htdocs\\KingsWastelands-store\\app\\Views\\plantillas\\slider_view.php', 3)
 2 SYSTEMPATH\View\View.php(224): include('C:\\xampp\\htdocs\\KingsWastelands-store\\app\\Views\\plantillas\\slider_view.php')
 3 SYSTEMPATH\View\View.php(227): CodeIgniter\View\View->CodeIgniter\View\{closure}()
 4 SYSTEMPATH\Common.php(1173): CodeIgniter\View\View->render('plantillas/slider_view', [], true)
 5 APPPATH\Controllers\Home.php(35): view('plantillas/slider_view')
 6 SYSTEMPATH\CodeIgniter.php(933): App\Controllers\Home->index()
 7 SYSTEMPATH\CodeIgniter.php(507): CodeIgniter\CodeIgniter->runController(Object(App\Controllers\Home))
 8 SYSTEMPATH\CodeIgniter.php(354): CodeIgniter\CodeIgniter->handleRequest(null, Object(Config\Cache), false)
 9 SYSTEMPATH\Boot.php(334): CodeIgniter\CodeIgniter->run()
10 SYSTEMPATH\Boot.php(67): CodeIgniter\Boot::runCodeIgniter(Object(CodeIgniter\CodeIgniter))
11 FCPATH\index.php(59): CodeIgniter\Boot::bootWeb(Object(Config\Paths))
DEBUG - 2025-06-08 05:41:58 --> Session: Class initialized using 'CodeIgniter\Session\Handlers\FileHandler' driver.
CRITICAL - 2025-06-08 05:41:58 --> ErrorException: Undefined variable $juegosPopulares
[Method: GET, Route: /]
in APPPATH\Views\plantillas\slider_view.php on line 3.
 1 APPPATH\Views\plantillas\slider_view.php(3): CodeIgniter\Debug\Exceptions->errorHandler(2, 'Undefined variable $juegosPopulares', 'C:\\xampp\\htdocs\\KingsWastelands-store\\app\\Views\\plantillas\\slider_view.php', 3)
 2 SYSTEMPATH\View\View.php(224): include('C:\\xampp\\htdocs\\KingsWastelands-store\\app\\Views\\plantillas\\slider_view.php')
 3 SYSTEMPATH\View\View.php(227): CodeIgniter\View\View->CodeIgniter\View\{closure}()
 4 SYSTEMPATH\Common.php(1173): CodeIgniter\View\View->render('plantillas/slider_view', [], true)
 5 APPPATH\Controllers\Home.php(35): view('plantillas/slider_view')
 6 SYSTEMPATH\CodeIgniter.php(933): App\Controllers\Home->index()
 7 SYSTEMPATH\CodeIgniter.php(507): CodeIgniter\CodeIgniter->runController(Object(App\Controllers\Home))
 8 SYSTEMPATH\CodeIgniter.php(354): CodeIgniter\CodeIgniter->handleRequest(null, Object(Config\Cache), false)
 9 SYSTEMPATH\Boot.php(334): CodeIgniter\CodeIgniter->run()
10 SYSTEMPATH\Boot.php(67): CodeIgniter\Boot::runCodeIgniter(Object(CodeIgniter\CodeIgniter))
11 FCPATH\index.php(59): CodeIgniter\Boot::bootWeb(Object(Config\Paths))
DEBUG - 2025-06-08 05:43:30 --> Session: Class initialized using 'CodeIgniter\Session\Handlers\FileHandler' driver.
CRITICAL - 2025-06-08 05:43:30 --> ErrorException: Undefined array key "banner_img_url"
[Method: GET, Route: /]
in APPPATH\Views\plantillas\slider_view.php on line 5.
 1 APPPATH\Views\plantillas\slider_view.php(5): CodeIgniter\Debug\Exceptions->errorHandler(2, 'Undefined array key "banner_img_url"', 'C:\\xampp\\htdocs\\KingsWastelands-store\\app\\Views\\plantillas\\slider_view.php', 5)
 2 SYSTEMPATH\View\View.php(224): include('C:\\xampp\\htdocs\\KingsWastelands-store\\app\\Views\\plantillas\\slider_view.php')
 3 SYSTEMPATH\View\View.php(227): CodeIgniter\View\View->CodeIgniter\View\{closure}()
 4 SYSTEMPATH\Common.php(1173): CodeIgniter\View\View->render('plantillas/slider_view', [], true)
 5 APPPATH\Controllers\Home.php(41): view('plantillas/slider_view', [...])
 6 SYSTEMPATH\CodeIgniter.php(933): App\Controllers\Home->index()
 7 SYSTEMPATH\CodeIgniter.php(507): CodeIgniter\CodeIgniter->runController(Object(App\Controllers\Home))
 8 SYSTEMPATH\CodeIgniter.php(354): CodeIgniter\CodeIgniter->handleRequest(null, Object(Config\Cache), false)
 9 SYSTEMPATH\Boot.php(334): CodeIgniter\CodeIgniter->run()
10 SYSTEMPATH\Boot.php(67): CodeIgniter\Boot::runCodeIgniter(Object(CodeIgniter\CodeIgniter))
11 FCPATH\index.php(59): CodeIgniter\Boot::bootWeb(Object(Config\Paths))
DEBUG - 2025-06-08 05:43:53 --> Session: Class initialized using 'CodeIgniter\Session\Handlers\FileHandler' driver.
CRITICAL - 2025-06-08 05:43:54 --> ErrorException: Undefined property: Config\Toolbar::$viewsPath
[Method: GET, Route: /]
in SYSTEMPATH\Debug\Toolbar.php on line 474.
 1 SYSTEMPATH\Debug\Toolbar.php(474): CodeIgniter\Debug\Exceptions->errorHandler(2, 'Undefined property: Config\\Toolbar::$viewsPath', 'C:\\xampp\\htdocs\\KingsWastelands-store\\system\\Debug\\Toolbar.php', 474)
 2 APPPATH\Config\Events.php(47): CodeIgniter\Debug\Toolbar->respond()
 3 SYSTEMPATH\Events\Events.php(155): CodeIgniter\Events\Events::Config\{closure}()
 4 SYSTEMPATH\CodeIgniter.php(339): CodeIgniter\Events\Events::trigger('pre_system')
 5 SYSTEMPATH\Boot.php(334): CodeIgniter\CodeIgniter->run()
 6 SYSTEMPATH\Boot.php(67): CodeIgniter\Boot::runCodeIgniter(Object(CodeIgniter\CodeIgniter))
 7 FCPATH\index.php(59): CodeIgniter\Boot::bootWeb(Object(Config\Paths))
DEBUG - 2025-06-08 05:44:02 --> Session: Class initialized using 'CodeIgniter\Session\Handlers\FileHandler' driver.
CRITICAL - 2025-06-08 05:44:02 --> ErrorException: Undefined property: Config\Toolbar::$viewsPath
[Method: GET, Route: /]
in SYSTEMPATH\Debug\Toolbar.php on line 474.
 1 SYSTEMPATH\Debug\Toolbar.php(474): CodeIgniter\Debug\Exceptions->errorHandler(2, 'Undefined property: Config\\Toolbar::$viewsPath', 'C:\\xampp\\htdocs\\KingsWastelands-store\\system\\Debug\\Toolbar.php', 474)
 2 APPPATH\Config\Events.php(47): CodeIgniter\Debug\Toolbar->respond()
 3 SYSTEMPATH\Events\Events.php(155): CodeIgniter\Events\Events::Config\{closure}()
 4 SYSTEMPATH\CodeIgniter.php(339): CodeIgniter\Events\Events::trigger('pre_system')
 5 SYSTEMPATH\Boot.php(334): CodeIgniter\CodeIgniter->run()
 6 SYSTEMPATH\Boot.php(67): CodeIgniter\Boot::runCodeIgniter(Object(CodeIgniter\CodeIgniter))
 7 FCPATH\index.php(59): CodeIgniter\Boot::bootWeb(Object(Config\Paths))
DEBUG - 2025-06-08 05:44:49 --> Session: Class initialized using 'CodeIgniter\Session\Handlers\FileHandler' driver.
CRITICAL - 2025-06-08 05:44:50 --> ErrorException: Undefined property: Config\Toolbar::$viewsPath
[Method: GET, Route: /]
in SYSTEMPATH\Debug\Toolbar.php on line 474.
 1 SYSTEMPATH\Debug\Toolbar.php(474): CodeIgniter\Debug\Exceptions->errorHandler(2, 'Undefined property: Config\\Toolbar::$viewsPath', 'C:\\xampp\\htdocs\\KingsWastelands-store\\system\\Debug\\Toolbar.php', 474)
 2 APPPATH\Config\Events.php(47): CodeIgniter\Debug\Toolbar->respond()
 3 SYSTEMPATH\Events\Events.php(155): CodeIgniter\Events\Events::Config\{closure}()
 4 SYSTEMPATH\CodeIgniter.php(339): CodeIgniter\Events\Events::trigger('pre_system')
 5 SYSTEMPATH\Boot.php(334): CodeIgniter\CodeIgniter->run()
 6 SYSTEMPATH\Boot.php(67): CodeIgniter\Boot::runCodeIgniter(Object(CodeIgniter\CodeIgniter))
 7 FCPATH\index.php(59): CodeIgniter\Boot::bootWeb(Object(Config\Paths))
DEBUG - 2025-06-08 05:50:05 --> Session: Class initialized using 'CodeIgniter\Session\Handlers\FileHandler' driver.
CRITICAL - 2025-06-08 05:50:05 --> ErrorException: Undefined property: Config\Toolbar::$viewsPath
[Method: GET, Route: /]
in SYSTEMPATH\Debug\Toolbar.php on line 474.
 1 SYSTEMPATH\Debug\Toolbar.php(474): CodeIgniter\Debug\Exceptions->errorHandler(2, 'Undefined property: Config\\Toolbar::$viewsPath', 'C:\\xampp\\htdocs\\KingsWastelands-store\\system\\Debug\\Toolbar.php', 474)
 2 APPPATH\Config\Events.php(47): CodeIgniter\Debug\Toolbar->respond()
 3 SYSTEMPATH\Events\Events.php(155): CodeIgniter\Events\Events::Config\{closure}()
 4 SYSTEMPATH\CodeIgniter.php(339): CodeIgniter\Events\Events::trigger('pre_system')
 5 SYSTEMPATH\Boot.php(334): CodeIgniter\CodeIgniter->run()
 6 SYSTEMPATH\Boot.php(67): CodeIgniter\Boot::runCodeIgniter(Object(CodeIgniter\CodeIgniter))
 7 FCPATH\index.php(59): CodeIgniter\Boot::bootWeb(Object(Config\Paths))
DEBUG - 2025-06-08 05:50:10 --> Session: Class initialized using 'CodeIgniter\Session\Handlers\FileHandler' driver.
CRITICAL - 2025-06-08 05:50:10 --> CodeIgniter\View\Exceptions\ViewException: Invalid file: "../Views/content/wishlist.php"
[Method: GET, Route: wishlist]
in SYSTEMPATH\Exceptions\FrameworkException.php on line 39.
 1 SYSTEMPATH\View\View.php(212): CodeIgniter\Exceptions\FrameworkException::forInvalidFile('../Views/content/wishlist.php')
 2 SYSTEMPATH\Common.php(1173): CodeIgniter\View\View->render('../Views/content/wishlist', [], true)
 3 APPPATH\Controllers\Home.php(154): view('../Views/content/wishlist')
 4 SYSTEMPATH\CodeIgniter.php(933): App\Controllers\Home->wishlist()
 5 SYSTEMPATH\CodeIgniter.php(507): CodeIgniter\CodeIgniter->runController(Object(App\Controllers\Home))
 6 SYSTEMPATH\CodeIgniter.php(354): CodeIgniter\CodeIgniter->handleRequest(null, Object(Config\Cache), false)
 7 SYSTEMPATH\Boot.php(334): CodeIgniter\CodeIgniter->run()
 8 SYSTEMPATH\Boot.php(67): CodeIgniter\Boot::runCodeIgniter(Object(CodeIgniter\CodeIgniter))
 9 FCPATH\index.php(59): CodeIgniter\Boot::bootWeb(Object(Config\Paths))
DEBUG - 2025-06-08 05:53:07 --> Session: Class initialized using 'CodeIgniter\Session\Handlers\FileHandler' driver.
CRITICAL - 2025-06-08 05:53:07 --> CodeIgniter\View\Exceptions\ViewException: Invalid file: "../Views/content/wishlist.php"
[Method: GET, Route: wishlist]
in SYSTEMPATH\Exceptions\FrameworkException.php on line 39.
 1 SYSTEMPATH\View\View.php(212): CodeIgniter\Exceptions\FrameworkException::forInvalidFile('../Views/content/wishlist.php')
 2 SYSTEMPATH\Common.php(1173): CodeIgniter\View\View->render('../Views/content/wishlist', [], true)
 3 APPPATH\Controllers\Home.php(154): view('../Views/content/wishlist')
 4 SYSTEMPATH\CodeIgniter.php(933): App\Controllers\Home->wishlist()
 5 SYSTEMPATH\CodeIgniter.php(507): CodeIgniter\CodeIgniter->runController(Object(App\Controllers\Home))
 6 SYSTEMPATH\CodeIgniter.php(354): CodeIgniter\CodeIgniter->handleRequest(null, Object(Config\Cache), false)
 7 SYSTEMPATH\Boot.php(334): CodeIgniter\CodeIgniter->run()
 8 SYSTEMPATH\Boot.php(67): CodeIgniter\Boot::runCodeIgniter(Object(CodeIgniter\CodeIgniter))
 9 FCPATH\index.php(59): CodeIgniter\Boot::bootWeb(Object(Config\Paths))
DEBUG - 2025-06-08 05:53:09 --> Session: Class initialized using 'CodeIgniter\Session\Handlers\FileHandler' driver.
CRITICAL - 2025-06-08 05:53:09 --> ErrorException: Undefined property: Config\Toolbar::$viewsPath
[Method: GET, Route: /]
in SYSTEMPATH\Debug\Toolbar.php on line 474.
 1 SYSTEMPATH\Debug\Toolbar.php(474): CodeIgniter\Debug\Exceptions->errorHandler(2, 'Undefined property: Config\\Toolbar::$viewsPath', 'C:\\xampp\\htdocs\\KingsWastelands-store\\system\\Debug\\Toolbar.php', 474)
 2 APPPATH\Config\Events.php(47): CodeIgniter\Debug\Toolbar->respond()
 3 SYSTEMPATH\Events\Events.php(155): CodeIgniter\Events\Events::Config\{closure}()
 4 SYSTEMPATH\CodeIgniter.php(339): CodeIgniter\Events\Events::trigger('pre_system')
 5 SYSTEMPATH\Boot.php(334): CodeIgniter\CodeIgniter->run()
 6 SYSTEMPATH\Boot.php(67): CodeIgniter\Boot::runCodeIgniter(Object(CodeIgniter\CodeIgniter))
 7 FCPATH\index.php(59): CodeIgniter\Boot::bootWeb(Object(Config\Paths))
DEBUG - 2025-06-08 05:53:12 --> Session: Class initialized using 'CodeIgniter\Session\Handlers\FileHandler' driver.
CRITICAL - 2025-06-08 05:53:12 --> CodeIgniter\View\Exceptions\ViewException: Invalid file: "../Views/content/wishlist.php"
[Method: GET, Route: wishlist]
in SYSTEMPATH\Exceptions\FrameworkException.php on line 39.
 1 SYSTEMPATH\View\View.php(212): CodeIgniter\Exceptions\FrameworkException::forInvalidFile('../Views/content/wishlist.php')
 2 SYSTEMPATH\Common.php(1173): CodeIgniter\View\View->render('../Views/content/wishlist', [], true)
 3 APPPATH\Controllers\Home.php(154): view('../Views/content/wishlist')
 4 SYSTEMPATH\CodeIgniter.php(933): App\Controllers\Home->wishlist()
 5 SYSTEMPATH\CodeIgniter.php(507): CodeIgniter\CodeIgniter->runController(Object(App\Controllers\Home))
 6 SYSTEMPATH\CodeIgniter.php(354): CodeIgniter\CodeIgniter->handleRequest(null, Object(Config\Cache), false)
 7 SYSTEMPATH\Boot.php(334): CodeIgniter\CodeIgniter->run()
 8 SYSTEMPATH\Boot.php(67): CodeIgniter\Boot::runCodeIgniter(Object(CodeIgniter\CodeIgniter))
 9 FCPATH\index.php(59): CodeIgniter\Boot::bootWeb(Object(Config\Paths))
DEBUG - 2025-06-08 05:53:47 --> Session: Class initialized using 'CodeIgniter\Session\Handlers\FileHandler' driver.
CRITICAL - 2025-06-08 05:53:47 --> ErrorException: Undefined property: Config\Toolbar::$viewsPath
[Method: GET, Route: /]
in SYSTEMPATH\Debug\Toolbar.php on line 474.
 1 SYSTEMPATH\Debug\Toolbar.php(474): CodeIgniter\Debug\Exceptions->errorHandler(2, 'Undefined property: Config\\Toolbar::$viewsPath', 'C:\\xampp\\htdocs\\KingsWastelands-store\\system\\Debug\\Toolbar.php', 474)
 2 APPPATH\Config\Events.php(47): CodeIgniter\Debug\Toolbar->respond()
 3 SYSTEMPATH\Events\Events.php(155): CodeIgniter\Events\Events::Config\{closure}()
 4 SYSTEMPATH\CodeIgniter.php(339): CodeIgniter\Events\Events::trigger('pre_system')
 5 SYSTEMPATH\Boot.php(334): CodeIgniter\CodeIgniter->run()
 6 SYSTEMPATH\Boot.php(67): CodeIgniter\Boot::runCodeIgniter(Object(CodeIgniter\CodeIgniter))
 7 FCPATH\index.php(59): CodeIgniter\Boot::bootWeb(Object(Config\Paths))
DEBUG - 2025-06-08 05:54:53 --> Session: Class initialized using 'CodeIgniter\Session\Handlers\FileHandler' driver.
CRITICAL - 2025-06-08 05:54:53 --> ErrorException: Undefined property: Config\Toolbar::$viewsPath
[Method: GET, Route: /]
in SYSTEMPATH\Debug\Toolbar.php on line 474.
 1 SYSTEMPATH\Debug\Toolbar.php(474): CodeIgniter\Debug\Exceptions->errorHandler(2, 'Undefined property: Config\\Toolbar::$viewsPath', 'C:\\xampp\\htdocs\\KingsWastelands-store\\system\\Debug\\Toolbar.php', 474)
 2 APPPATH\Config\Events.php(47): CodeIgniter\Debug\Toolbar->respond()
 3 SYSTEMPATH\Events\Events.php(155): CodeIgniter\Events\Events::Config\{closure}()
 4 SYSTEMPATH\CodeIgniter.php(339): CodeIgniter\Events\Events::trigger('pre_system')
 5 SYSTEMPATH\Boot.php(334): CodeIgniter\CodeIgniter->run()
 6 SYSTEMPATH\Boot.php(67): CodeIgniter\Boot::runCodeIgniter(Object(CodeIgniter\CodeIgniter))
 7 FCPATH\index.php(59): CodeIgniter\Boot::bootWeb(Object(Config\Paths))
DEBUG - 2025-06-08 05:55:57 --> Session: Class initialized using 'CodeIgniter\Session\Handlers\FileHandler' driver.
CRITICAL - 2025-06-08 05:55:57 --> ErrorException: Undefined property: Config\Toolbar::$viewsPath
[Method: GET, Route: /]
in SYSTEMPATH\Debug\Toolbar.php on line 474.
 1 SYSTEMPATH\Debug\Toolbar.php(474): CodeIgniter\Debug\Exceptions->errorHandler(2, 'Undefined property: Config\\Toolbar::$viewsPath', 'C:\\xampp\\htdocs\\KingsWastelands-store\\system\\Debug\\Toolbar.php', 474)
 2 APPPATH\Config\Events.php(47): CodeIgniter\Debug\Toolbar->respond()
 3 SYSTEMPATH\Events\Events.php(155): CodeIgniter\Events\Events::Config\{closure}()
 4 SYSTEMPATH\CodeIgniter.php(339): CodeIgniter\Events\Events::trigger('pre_system')
 5 SYSTEMPATH\Boot.php(334): CodeIgniter\CodeIgniter->run()
 6 SYSTEMPATH\Boot.php(67): CodeIgniter\Boot::runCodeIgniter(Object(CodeIgniter\CodeIgniter))
 7 FCPATH\index.php(59): CodeIgniter\Boot::bootWeb(Object(Config\Paths))
DEBUG - 2025-06-08 05:56:05 --> Session: Class initialized using 'CodeIgniter\Session\Handlers\FileHandler' driver.
CRITICAL - 2025-06-08 05:56:05 --> ErrorException: Undefined property: Config\Toolbar::$viewsPath
[Method: GET, Route: /]
in SYSTEMPATH\Debug\Toolbar.php on line 474.
 1 SYSTEMPATH\Debug\Toolbar.php(474): CodeIgniter\Debug\Exceptions->errorHandler(2, 'Undefined property: Config\\Toolbar::$viewsPath', 'C:\\xampp\\htdocs\\KingsWastelands-store\\system\\Debug\\Toolbar.php', 474)
 2 APPPATH\Config\Events.php(47): CodeIgniter\Debug\Toolbar->respond()
 3 SYSTEMPATH\Events\Events.php(155): CodeIgniter\Events\Events::Config\{closure}()
 4 SYSTEMPATH\CodeIgniter.php(339): CodeIgniter\Events\Events::trigger('pre_system')
 5 SYSTEMPATH\Boot.php(334): CodeIgniter\CodeIgniter->run()
 6 SYSTEMPATH\Boot.php(67): CodeIgniter\Boot::runCodeIgniter(Object(CodeIgniter\CodeIgniter))
 7 FCPATH\index.php(59): CodeIgniter\Boot::bootWeb(Object(Config\Paths))
DEBUG - 2025-06-08 05:58:59 --> Session: Class initialized using 'CodeIgniter\Session\Handlers\FileHandler' driver.
CRITICAL - 2025-06-08 05:58:59 --> ErrorException: Undefined property: Config\Toolbar::$viewsPath
[Method: GET, Route: /]
in SYSTEMPATH\Debug\Toolbar.php on line 474.
 1 SYSTEMPATH\Debug\Toolbar.php(474): CodeIgniter\Debug\Exceptions->errorHandler(2, 'Undefined property: Config\\Toolbar::$viewsPath', 'C:\\xampp\\htdocs\\KingsWastelands-store\\system\\Debug\\Toolbar.php', 474)
 2 APPPATH\Config\Events.php(47): CodeIgniter\Debug\Toolbar->respond()
 3 SYSTEMPATH\Events\Events.php(155): CodeIgniter\Events\Events::Config\{closure}()
 4 SYSTEMPATH\CodeIgniter.php(339): CodeIgniter\Events\Events::trigger('pre_system')
 5 SYSTEMPATH\Boot.php(334): CodeIgniter\CodeIgniter->run()
 6 SYSTEMPATH\Boot.php(67): CodeIgniter\Boot::runCodeIgniter(Object(CodeIgniter\CodeIgniter))
 7 FCPATH\index.php(59): CodeIgniter\Boot::bootWeb(Object(Config\Paths))
DEBUG - 2025-06-08 05:59:45 --> Session: Class initialized using 'CodeIgniter\Session\Handlers\FileHandler' driver.
CRITICAL - 2025-06-08 05:59:45 --> ErrorException: Undefined property: Config\Toolbar::$viewsPath
[Method: GET, Route: /]
in SYSTEMPATH\Debug\Toolbar.php on line 474.
 1 SYSTEMPATH\Debug\Toolbar.php(474): CodeIgniter\Debug\Exceptions->errorHandler(2, 'Undefined property: Config\\Toolbar::$viewsPath', 'C:\\xampp\\htdocs\\KingsWastelands-store\\system\\Debug\\Toolbar.php', 474)
 2 APPPATH\Config\Events.php(47): CodeIgniter\Debug\Toolbar->respond()
 3 SYSTEMPATH\Events\Events.php(155): CodeIgniter\Events\Events::Config\{closure}()
 4 SYSTEMPATH\CodeIgniter.php(339): CodeIgniter\Events\Events::trigger('pre_system')
 5 SYSTEMPATH\Boot.php(334): CodeIgniter\CodeIgniter->run()
 6 SYSTEMPATH\Boot.php(67): CodeIgniter\Boot::runCodeIgniter(Object(CodeIgniter\CodeIgniter))
 7 FCPATH\index.php(59): CodeIgniter\Boot::bootWeb(Object(Config\Paths))
DEBUG - 2025-06-08 05:59:48 --> Session: Class initialized using 'CodeIgniter\Session\Handlers\FileHandler' driver.
CRITICAL - 2025-06-08 05:59:48 --> ErrorException: Undefined property: Config\Toolbar::$viewsPath
[Method: GET, Route: /]
in SYSTEMPATH\Debug\Toolbar.php on line 474.
 1 SYSTEMPATH\Debug\Toolbar.php(474): CodeIgniter\Debug\Exceptions->errorHandler(2, 'Undefined property: Config\\Toolbar::$viewsPath', 'C:\\xampp\\htdocs\\KingsWastelands-store\\system\\Debug\\Toolbar.php', 474)
 2 APPPATH\Config\Events.php(47): CodeIgniter\Debug\Toolbar->respond()
 3 SYSTEMPATH\Events\Events.php(155): CodeIgniter\Events\Events::Config\{closure}()
 4 SYSTEMPATH\CodeIgniter.php(339): CodeIgniter\Events\Events::trigger('pre_system')
 5 SYSTEMPATH\Boot.php(334): CodeIgniter\CodeIgniter->run()
 6 SYSTEMPATH\Boot.php(67): CodeIgniter\Boot::runCodeIgniter(Object(CodeIgniter\CodeIgniter))
 7 FCPATH\index.php(59): CodeIgniter\Boot::bootWeb(Object(Config\Paths))
DEBUG - 2025-06-08 06:06:47 --> Session: Class initialized using 'CodeIgniter\Session\Handlers\FileHandler' driver.
CRITICAL - 2025-06-08 06:06:47 --> ErrorException: Undefined property: Config\Toolbar::$viewsPath
[Method: GET, Route: /]
in SYSTEMPATH\Debug\Toolbar.php on line 474.
 1 SYSTEMPATH\Debug\Toolbar.php(474): CodeIgniter\Debug\Exceptions->errorHandler(2, 'Undefined property: Config\\Toolbar::$viewsPath', 'C:\\xampp\\htdocs\\KingsWastelands-store\\system\\Debug\\Toolbar.php', 474)
 2 APPPATH\Config\Events.php(47): CodeIgniter\Debug\Toolbar->respond()
 3 SYSTEMPATH\Events\Events.php(155): CodeIgniter\Events\Events::Config\{closure}()
 4 SYSTEMPATH\CodeIgniter.php(339): CodeIgniter\Events\Events::trigger('pre_system')
 5 SYSTEMPATH\Boot.php(334): CodeIgniter\CodeIgniter->run()
 6 SYSTEMPATH\Boot.php(67): CodeIgniter\Boot::runCodeIgniter(Object(CodeIgniter\CodeIgniter))
 7 FCPATH\index.php(59): CodeIgniter\Boot::bootWeb(Object(Config\Paths))
DEBUG - 2025-06-08 06:07:06 --> Session: Class initialized using 'CodeIgniter\Session\Handlers\FileHandler' driver.
CRITICAL - 2025-06-08 06:07:06 --> ErrorException: Undefined property: Config\Toolbar::$viewsPath
[Method: GET, Route: /]
in SYSTEMPATH\Debug\Toolbar.php on line 474.
 1 SYSTEMPATH\Debug\Toolbar.php(474): CodeIgniter\Debug\Exceptions->errorHandler(2, 'Undefined property: Config\\Toolbar::$viewsPath', 'C:\\xampp\\htdocs\\KingsWastelands-store\\system\\Debug\\Toolbar.php', 474)
 2 APPPATH\Config\Events.php(47): CodeIgniter\Debug\Toolbar->respond()
 3 SYSTEMPATH\Events\Events.php(155): CodeIgniter\Events\Events::Config\{closure}()
 4 SYSTEMPATH\CodeIgniter.php(339): CodeIgniter\Events\Events::trigger('pre_system')
 5 SYSTEMPATH\Boot.php(334): CodeIgniter\CodeIgniter->run()
 6 SYSTEMPATH\Boot.php(67): CodeIgniter\Boot::runCodeIgniter(Object(CodeIgniter\CodeIgniter))
 7 FCPATH\index.php(59): CodeIgniter\Boot::bootWeb(Object(Config\Paths))
DEBUG - 2025-06-08 06:07:40 --> Session: Class initialized using 'CodeIgniter\Session\Handlers\FileHandler' driver.
CRITICAL - 2025-06-08 06:07:40 --> ErrorException: Undefined property: Config\Toolbar::$viewsPath
[Method: GET, Route: /]
in SYSTEMPATH\Debug\Toolbar.php on line 474.
 1 SYSTEMPATH\Debug\Toolbar.php(474): CodeIgniter\Debug\Exceptions->errorHandler(2, 'Undefined property: Config\\Toolbar::$viewsPath', 'C:\\xampp\\htdocs\\KingsWastelands-store\\system\\Debug\\Toolbar.php', 474)
 2 APPPATH\Config\Events.php(47): CodeIgniter\Debug\Toolbar->respond()
 3 SYSTEMPATH\Events\Events.php(155): CodeIgniter\Events\Events::Config\{closure}()
 4 SYSTEMPATH\CodeIgniter.php(339): CodeIgniter\Events\Events::trigger('pre_system')
 5 SYSTEMPATH\Boot.php(334): CodeIgniter\CodeIgniter->run()
 6 SYSTEMPATH\Boot.php(67): CodeIgniter\Boot::runCodeIgniter(Object(CodeIgniter\CodeIgniter))
 7 FCPATH\index.php(59): CodeIgniter\Boot::bootWeb(Object(Config\Paths))
DEBUG - 2025-06-08 06:07:41 --> Session: Class initialized using 'CodeIgniter\Session\Handlers\FileHandler' driver.
CRITICAL - 2025-06-08 06:07:42 --> ErrorException: Undefined property: Config\Toolbar::$viewsPath
[Method: GET, Route: /]
in SYSTEMPATH\Debug\Toolbar.php on line 474.
 1 SYSTEMPATH\Debug\Toolbar.php(474): CodeIgniter\Debug\Exceptions->errorHandler(2, 'Undefined property: Config\\Toolbar::$viewsPath', 'C:\\xampp\\htdocs\\KingsWastelands-store\\system\\Debug\\Toolbar.php', 474)
 2 APPPATH\Config\Events.php(47): CodeIgniter\Debug\Toolbar->respond()
 3 SYSTEMPATH\Events\Events.php(155): CodeIgniter\Events\Events::Config\{closure}()
 4 SYSTEMPATH\CodeIgniter.php(339): CodeIgniter\Events\Events::trigger('pre_system')
 5 SYSTEMPATH\Boot.php(334): CodeIgniter\CodeIgniter->run()
 6 SYSTEMPATH\Boot.php(67): CodeIgniter\Boot::runCodeIgniter(Object(CodeIgniter\CodeIgniter))
 7 FCPATH\index.php(59): CodeIgniter\Boot::bootWeb(Object(Config\Paths))
DEBUG - 2025-06-08 06:07:43 --> Session: Class initialized using 'CodeIgniter\Session\Handlers\FileHandler' driver.
CRITICAL - 2025-06-08 06:07:43 --> ErrorException: Undefined property: Config\Toolbar::$viewsPath
[Method: GET, Route: /]
in SYSTEMPATH\Debug\Toolbar.php on line 474.
 1 SYSTEMPATH\Debug\Toolbar.php(474): CodeIgniter\Debug\Exceptions->errorHandler(2, 'Undefined property: Config\\Toolbar::$viewsPath', 'C:\\xampp\\htdocs\\KingsWastelands-store\\system\\Debug\\Toolbar.php', 474)
 2 APPPATH\Config\Events.php(47): CodeIgniter\Debug\Toolbar->respond()
 3 SYSTEMPATH\Events\Events.php(155): CodeIgniter\Events\Events::Config\{closure}()
 4 SYSTEMPATH\CodeIgniter.php(339): CodeIgniter\Events\Events::trigger('pre_system')
 5 SYSTEMPATH\Boot.php(334): CodeIgniter\CodeIgniter->run()
 6 SYSTEMPATH\Boot.php(67): CodeIgniter\Boot::runCodeIgniter(Object(CodeIgniter\CodeIgniter))
 7 FCPATH\index.php(59): CodeIgniter\Boot::bootWeb(Object(Config\Paths))
DEBUG - 2025-06-08 06:07:45 --> Session: Class initialized using 'CodeIgniter\Session\Handlers\FileHandler' driver.
CRITICAL - 2025-06-08 06:07:45 --> ErrorException: Undefined property: Config\Toolbar::$viewsPath
[Method: GET, Route: /]
in SYSTEMPATH\Debug\Toolbar.php on line 474.
 1 SYSTEMPATH\Debug\Toolbar.php(474): CodeIgniter\Debug\Exceptions->errorHandler(2, 'Undefined property: Config\\Toolbar::$viewsPath', 'C:\\xampp\\htdocs\\KingsWastelands-store\\system\\Debug\\Toolbar.php', 474)
 2 APPPATH\Config\Events.php(47): CodeIgniter\Debug\Toolbar->respond()
 3 SYSTEMPATH\Events\Events.php(155): CodeIgniter\Events\Events::Config\{closure}()
 4 SYSTEMPATH\CodeIgniter.php(339): CodeIgniter\Events\Events::trigger('pre_system')
 5 SYSTEMPATH\Boot.php(334): CodeIgniter\CodeIgniter->run()
 6 SYSTEMPATH\Boot.php(67): CodeIgniter\Boot::runCodeIgniter(Object(CodeIgniter\CodeIgniter))
 7 FCPATH\index.php(59): CodeIgniter\Boot::bootWeb(Object(Config\Paths))
DEBUG - 2025-06-08 06:12:38 --> Session: Class initialized using 'CodeIgniter\Session\Handlers\FileHandler' driver.
CRITICAL - 2025-06-08 06:12:38 --> ErrorException: Undefined property: Config\Toolbar::$viewsPath
[Method: GET, Route: /]
in SYSTEMPATH\Debug\Toolbar.php on line 474.
 1 SYSTEMPATH\Debug\Toolbar.php(474): CodeIgniter\Debug\Exceptions->errorHandler(2, 'Undefined property: Config\\Toolbar::$viewsPath', 'C:\\xampp\\htdocs\\KingsWastelands-store\\system\\Debug\\Toolbar.php', 474)
 2 APPPATH\Config\Events.php(47): CodeIgniter\Debug\Toolbar->respond()
 3 SYSTEMPATH\Events\Events.php(155): CodeIgniter\Events\Events::Config\{closure}()
 4 SYSTEMPATH\CodeIgniter.php(339): CodeIgniter\Events\Events::trigger('pre_system')
 5 SYSTEMPATH\Boot.php(334): CodeIgniter\CodeIgniter->run()
 6 SYSTEMPATH\Boot.php(67): CodeIgniter\Boot::runCodeIgniter(Object(CodeIgniter\CodeIgniter))
 7 FCPATH\index.php(59): CodeIgniter\Boot::bootWeb(Object(Config\Paths))
DEBUG - 2025-06-08 06:12:41 --> Session: Class initialized using 'CodeIgniter\Session\Handlers\FileHandler' driver.
CRITICAL - 2025-06-08 06:12:41 --> ErrorException: Undefined property: Config\Toolbar::$viewsPath
[Method: GET, Route: /]
in SYSTEMPATH\Debug\Toolbar.php on line 474.
 1 SYSTEMPATH\Debug\Toolbar.php(474): CodeIgniter\Debug\Exceptions->errorHandler(2, 'Undefined property: Config\\Toolbar::$viewsPath', 'C:\\xampp\\htdocs\\KingsWastelands-store\\system\\Debug\\Toolbar.php', 474)
 2 APPPATH\Config\Events.php(47): CodeIgniter\Debug\Toolbar->respond()
 3 SYSTEMPATH\Events\Events.php(155): CodeIgniter\Events\Events::Config\{closure}()
 4 SYSTEMPATH\CodeIgniter.php(339): CodeIgniter\Events\Events::trigger('pre_system')
 5 SYSTEMPATH\Boot.php(334): CodeIgniter\CodeIgniter->run()
 6 SYSTEMPATH\Boot.php(67): CodeIgniter\Boot::runCodeIgniter(Object(CodeIgniter\CodeIgniter))
 7 FCPATH\index.php(59): CodeIgniter\Boot::bootWeb(Object(Config\Paths))
DEBUG - 2025-06-08 06:12:42 --> Session: Class initialized using 'CodeIgniter\Session\Handlers\FileHandler' driver.
CRITICAL - 2025-06-08 06:12:42 --> ErrorException: Undefined property: Config\Toolbar::$viewsPath
[Method: GET, Route: /]
in SYSTEMPATH\Debug\Toolbar.php on line 474.
 1 SYSTEMPATH\Debug\Toolbar.php(474): CodeIgniter\Debug\Exceptions->errorHandler(2, 'Undefined property: Config\\Toolbar::$viewsPath', 'C:\\xampp\\htdocs\\KingsWastelands-store\\system\\Debug\\Toolbar.php', 474)
 2 APPPATH\Config\Events.php(47): CodeIgniter\Debug\Toolbar->respond()
 3 SYSTEMPATH\Events\Events.php(155): CodeIgniter\Events\Events::Config\{closure}()
 4 SYSTEMPATH\CodeIgniter.php(339): CodeIgniter\Events\Events::trigger('pre_system')
 5 SYSTEMPATH\Boot.php(334): CodeIgniter\CodeIgniter->run()
 6 SYSTEMPATH\Boot.php(67): CodeIgniter\Boot::runCodeIgniter(Object(CodeIgniter\CodeIgniter))
 7 FCPATH\index.php(59): CodeIgniter\Boot::bootWeb(Object(Config\Paths))
