DEBUG - 2025-06-22 14:37:55 --> Session: Class initialized using 'CodeIgniter\Session\Handlers\FileHandler' driver.
ERROR - 2025-06-22 14:37:55 --> mysqli_sql_exception: MySQL server has gone away in C:\xampp\htdocs\KingsWastelands-store\system\Database\MySQLi\Connection.php:327
Stack trace:
#0 C:\xampp\htdocs\KingsWastelands-store\system\Database\MySQLi\Connection.php(327): mysqli->query('SELECT *\nFROM `...', 0)
#1 C:\xampp\htdocs\KingsWastelands-store\system\Database\BaseConnection.php(738): CodeIgniter\Database\MySQLi\Connection->execute('SELECT *\nFROM `...')
#2 C:\xampp\htdocs\KingsWastelands-store\system\Database\BaseConnection.php(652): CodeIgniter\Database\BaseConnection->simpleQuery('SELECT *\nFROM `...')
#3 C:\xampp\htdocs\KingsWastelands-store\system\Database\BaseBuilder.php(1649): CodeIgniter\Database\BaseConnection->query('SELECT *\nFROM `...', Array, false)
#4 C:\xampp\htdocs\KingsWastelands-store\system\Model.php(286): CodeIgniter\Database\BaseBuilder->get()
#5 C:\xampp\htdocs\KingsWastelands-store\system\BaseModel.php(675): CodeIgniter\Model->doFindAll(12, 0)
#6 C:\xampp\htdocs\KingsWastelands-store\app\Controllers\Home.php(28): CodeIgniter\BaseModel->findAll(12)
#7 C:\xampp\htdocs\KingsWastelands-store\system\CodeIgniter.php(933): App\Controllers\Home->index()
#8 C:\xampp\htdocs\KingsWastelands-store\system\CodeIgniter.php(507): CodeIgniter\CodeIgniter->runController(Object(App\Controllers\Home))
#9 C:\xampp\htdocs\KingsWastelands-store\system\CodeIgniter.php(354): CodeIgniter\CodeIgniter->handleRequest(NULL, Object(Config\Cache), false)
#10 C:\xampp\htdocs\KingsWastelands-store\system\Boot.php(334): CodeIgniter\CodeIgniter->run()
#11 C:\xampp\htdocs\KingsWastelands-store\system\Boot.php(67): CodeIgniter\Boot::runCodeIgniter(Object(CodeIgniter\CodeIgniter))
#12 C:\xampp\htdocs\KingsWastelands-store\public\index.php(59): CodeIgniter\Boot::bootWeb(Object(Config\Paths))
#13 {main}
CRITICAL - 2025-06-22 14:37:55 --> CodeIgniter\Database\Exceptions\DatabaseException: MySQL server has gone away
[Method: GET, Route: /]
in SYSTEMPATH\Database\BaseConnection.php on line 692.
 1 SYSTEMPATH\Database\BaseBuilder.php(1649): CodeIgniter\Database\BaseConnection->query('SELECT *
FROM `juegos`
WHERE `release_date` > :release_date:
ORDER BY `release_date` ASC
 LIMIT 12', [...], false)
 2 SYSTEMPATH\Model.php(286): CodeIgniter\Database\BaseBuilder->get()
 3 SYSTEMPATH\BaseModel.php(675): CodeIgniter\Model->doFindAll(12, 0)
 4 APPPATH\Controllers\Home.php(28): CodeIgniter\BaseModel->findAll(12)
 5 SYSTEMPATH\CodeIgniter.php(933): App\Controllers\Home->index()
 6 SYSTEMPATH\CodeIgniter.php(507): CodeIgniter\CodeIgniter->runController(Object(App\Controllers\Home))
 7 SYSTEMPATH\CodeIgniter.php(354): CodeIgniter\CodeIgniter->handleRequest(null, Object(Config\Cache), false)
 8 SYSTEMPATH\Boot.php(334): CodeIgniter\CodeIgniter->run()
 9 SYSTEMPATH\Boot.php(67): CodeIgniter\Boot::runCodeIgniter(Object(CodeIgniter\CodeIgniter))
10 FCPATH\index.php(59): CodeIgniter\Boot::bootWeb(Object(Config\Paths))
CRITICAL - 2025-06-22 14:37:55 --> [Caused by] CodeIgniter\Database\Exceptions\DatabaseException: MySQL server has gone away
in SYSTEMPATH\Database\MySQLi\Connection.php on line 332.
 1 SYSTEMPATH\Database\BaseConnection.php(738): CodeIgniter\Database\MySQLi\Connection->execute('SELECT *
FROM `juegos`
WHERE `release_date` > \'2025-06-22\'
ORDER BY `release_date` ASC
 LIMIT 12')
 2 SYSTEMPATH\Database\BaseConnection.php(652): CodeIgniter\Database\BaseConnection->simpleQuery('SELECT *
FROM `juegos`
WHERE `release_date` > \'2025-06-22\'
ORDER BY `release_date` ASC
 LIMIT 12')
 3 SYSTEMPATH\Database\BaseBuilder.php(1649): CodeIgniter\Database\BaseConnection->query('SELECT *
FROM `juegos`
WHERE `release_date` > :release_date:
ORDER BY `release_date` ASC
 LIMIT 12', [...], false)
 4 SYSTEMPATH\Model.php(286): CodeIgniter\Database\BaseBuilder->get()
 5 SYSTEMPATH\BaseModel.php(675): CodeIgniter\Model->doFindAll(12, 0)
 6 APPPATH\Controllers\Home.php(28): CodeIgniter\BaseModel->findAll(12)
 7 SYSTEMPATH\CodeIgniter.php(933): App\Controllers\Home->index()
 8 SYSTEMPATH\CodeIgniter.php(507): CodeIgniter\CodeIgniter->runController(Object(App\Controllers\Home))
 9 SYSTEMPATH\CodeIgniter.php(354): CodeIgniter\CodeIgniter->handleRequest(null, Object(Config\Cache), false)
10 SYSTEMPATH\Boot.php(334): CodeIgniter\CodeIgniter->run()
11 SYSTEMPATH\Boot.php(67): CodeIgniter\Boot::runCodeIgniter(Object(CodeIgniter\CodeIgniter))
12 FCPATH\index.php(59): CodeIgniter\Boot::bootWeb(Object(Config\Paths))
CRITICAL - 2025-06-22 14:37:55 --> [Caused by] mysqli_sql_exception: MySQL server has gone away
in SYSTEMPATH\Database\MySQLi\Connection.php on line 327.
 1 SYSTEMPATH\Database\MySQLi\Connection.php(327): mysqli->query('SELECT *
FROM `juegos`
WHERE `release_date` > \'2025-06-22\'
ORDER BY `release_date` ASC
 LIMIT 12', 0)
 2 SYSTEMPATH\Database\BaseConnection.php(738): CodeIgniter\Database\MySQLi\Connection->execute('SELECT *
FROM `juegos`
WHERE `release_date` > \'2025-06-22\'
ORDER BY `release_date` ASC
 LIMIT 12')
 3 SYSTEMPATH\Database\BaseConnection.php(652): CodeIgniter\Database\BaseConnection->simpleQuery('SELECT *
FROM `juegos`
WHERE `release_date` > \'2025-06-22\'
ORDER BY `release_date` ASC
 LIMIT 12')
 4 SYSTEMPATH\Database\BaseBuilder.php(1649): CodeIgniter\Database\BaseConnection->query('SELECT *
FROM `juegos`
WHERE `release_date` > :release_date:
ORDER BY `release_date` ASC
 LIMIT 12', [...], false)
 5 SYSTEMPATH\Model.php(286): CodeIgniter\Database\BaseBuilder->get()
 6 SYSTEMPATH\BaseModel.php(675): CodeIgniter\Model->doFindAll(12, 0)
 7 APPPATH\Controllers\Home.php(28): CodeIgniter\BaseModel->findAll(12)
 8 SYSTEMPATH\CodeIgniter.php(933): App\Controllers\Home->index()
 9 SYSTEMPATH\CodeIgniter.php(507): CodeIgniter\CodeIgniter->runController(Object(App\Controllers\Home))
10 SYSTEMPATH\CodeIgniter.php(354): CodeIgniter\CodeIgniter->handleRequest(null, Object(Config\Cache), false)
11 SYSTEMPATH\Boot.php(334): CodeIgniter\CodeIgniter->run()
12 SYSTEMPATH\Boot.php(67): CodeIgniter\Boot::runCodeIgniter(Object(CodeIgniter\CodeIgniter))
13 FCPATH\index.php(59): CodeIgniter\Boot::bootWeb(Object(Config\Paths))
DEBUG - 2025-06-22 14:38:09 --> Session: Class initialized using 'CodeIgniter\Session\Handlers\FileHandler' driver.
CRITICAL - 2025-06-22 14:38:10 --> ErrorException: Undefined property: Config\Toolbar::$viewsPath
[Method: GET, Route: /]
in SYSTEMPATH\Debug\Toolbar.php on line 474.
 1 SYSTEMPATH\Debug\Toolbar.php(474): CodeIgniter\Debug\Exceptions->errorHandler(2, 'Undefined property: Config\\Toolbar::$viewsPath', 'C:\\xampp\\htdocs\\KingsWastelands-store\\system\\Debug\\Toolbar.php', 474)
 2 APPPATH\Config\Events.php(47): CodeIgniter\Debug\Toolbar->respond()
 3 SYSTEMPATH\Events\Events.php(155): CodeIgniter\Events\Events::Config\{closure}()
 4 SYSTEMPATH\CodeIgniter.php(339): CodeIgniter\Events\Events::trigger('pre_system')
 5 SYSTEMPATH\Boot.php(334): CodeIgniter\CodeIgniter->run()
 6 SYSTEMPATH\Boot.php(67): CodeIgniter\Boot::runCodeIgniter(Object(CodeIgniter\CodeIgniter))
 7 FCPATH\index.php(59): CodeIgniter\Boot::bootWeb(Object(Config\Paths))
DEBUG - 2025-06-22 14:38:20 --> Session: Class initialized using 'CodeIgniter\Session\Handlers\FileHandler' driver.
CRITICAL - 2025-06-22 14:38:20 --> ErrorException: Undefined property: Config\Toolbar::$viewsPath
[Method: GET, Route: /]
in SYSTEMPATH\Debug\Toolbar.php on line 474.
 1 SYSTEMPATH\Debug\Toolbar.php(474): CodeIgniter\Debug\Exceptions->errorHandler(2, 'Undefined property: Config\\Toolbar::$viewsPath', 'C:\\xampp\\htdocs\\KingsWastelands-store\\system\\Debug\\Toolbar.php', 474)
 2 APPPATH\Config\Events.php(47): CodeIgniter\Debug\Toolbar->respond()
 3 SYSTEMPATH\Events\Events.php(155): CodeIgniter\Events\Events::Config\{closure}()
 4 SYSTEMPATH\CodeIgniter.php(339): CodeIgniter\Events\Events::trigger('pre_system')
 5 SYSTEMPATH\Boot.php(334): CodeIgniter\CodeIgniter->run()
 6 SYSTEMPATH\Boot.php(67): CodeIgniter\Boot::runCodeIgniter(Object(CodeIgniter\CodeIgniter))
 7 FCPATH\index.php(59): CodeIgniter\Boot::bootWeb(Object(Config\Paths))
DEBUG - 2025-06-22 14:38:34 --> Session: Class initialized using 'CodeIgniter\Session\Handlers\FileHandler' driver.
CRITICAL - 2025-06-22 14:38:34 --> ErrorException: Undefined property: Config\Toolbar::$viewsPath
[Method: GET, Route: /]
in SYSTEMPATH\Debug\Toolbar.php on line 474.
 1 SYSTEMPATH\Debug\Toolbar.php(474): CodeIgniter\Debug\Exceptions->errorHandler(2, 'Undefined property: Config\\Toolbar::$viewsPath', 'C:\\xampp\\htdocs\\KingsWastelands-store\\system\\Debug\\Toolbar.php', 474)
 2 APPPATH\Config\Events.php(47): CodeIgniter\Debug\Toolbar->respond()
 3 SYSTEMPATH\Events\Events.php(155): CodeIgniter\Events\Events::Config\{closure}()
 4 SYSTEMPATH\CodeIgniter.php(339): CodeIgniter\Events\Events::trigger('pre_system')
 5 SYSTEMPATH\Boot.php(334): CodeIgniter\CodeIgniter->run()
 6 SYSTEMPATH\Boot.php(67): CodeIgniter\Boot::runCodeIgniter(Object(CodeIgniter\CodeIgniter))
 7 FCPATH\index.php(59): CodeIgniter\Boot::bootWeb(Object(Config\Paths))
DEBUG - 2025-06-22 14:38:43 --> Session: Class initialized using 'CodeIgniter\Session\Handlers\FileHandler' driver.
CRITICAL - 2025-06-22 14:38:43 --> ErrorException: Undefined property: Config\Toolbar::$viewsPath
[Method: GET, Route: /]
in SYSTEMPATH\Debug\Toolbar.php on line 474.
 1 SYSTEMPATH\Debug\Toolbar.php(474): CodeIgniter\Debug\Exceptions->errorHandler(2, 'Undefined property: Config\\Toolbar::$viewsPath', 'C:\\xampp\\htdocs\\KingsWastelands-store\\system\\Debug\\Toolbar.php', 474)
 2 APPPATH\Config\Events.php(47): CodeIgniter\Debug\Toolbar->respond()
 3 SYSTEMPATH\Events\Events.php(155): CodeIgniter\Events\Events::Config\{closure}()
 4 SYSTEMPATH\CodeIgniter.php(339): CodeIgniter\Events\Events::trigger('pre_system')
 5 SYSTEMPATH\Boot.php(334): CodeIgniter\CodeIgniter->run()
 6 SYSTEMPATH\Boot.php(67): CodeIgniter\Boot::runCodeIgniter(Object(CodeIgniter\CodeIgniter))
 7 FCPATH\index.php(59): CodeIgniter\Boot::bootWeb(Object(Config\Paths))
DEBUG - 2025-06-22 14:38:51 --> Session: Class initialized using 'CodeIgniter\Session\Handlers\FileHandler' driver.
CRITICAL - 2025-06-22 14:38:51 --> ErrorException: Undefined property: Config\Toolbar::$viewsPath
[Method: GET, Route: /]
in SYSTEMPATH\Debug\Toolbar.php on line 474.
 1 SYSTEMPATH\Debug\Toolbar.php(474): CodeIgniter\Debug\Exceptions->errorHandler(2, 'Undefined property: Config\\Toolbar::$viewsPath', 'C:\\xampp\\htdocs\\KingsWastelands-store\\system\\Debug\\Toolbar.php', 474)
 2 APPPATH\Config\Events.php(47): CodeIgniter\Debug\Toolbar->respond()
 3 SYSTEMPATH\Events\Events.php(155): CodeIgniter\Events\Events::Config\{closure}()
 4 SYSTEMPATH\CodeIgniter.php(339): CodeIgniter\Events\Events::trigger('pre_system')
 5 SYSTEMPATH\Boot.php(334): CodeIgniter\CodeIgniter->run()
 6 SYSTEMPATH\Boot.php(67): CodeIgniter\Boot::runCodeIgniter(Object(CodeIgniter\CodeIgniter))
 7 FCPATH\index.php(59): CodeIgniter\Boot::bootWeb(Object(Config\Paths))
DEBUG - 2025-06-22 14:41:53 --> Session: Class initialized using 'CodeIgniter\Session\Handlers\FileHandler' driver.
CRITICAL - 2025-06-22 14:41:54 --> ErrorException: Undefined property: Config\Toolbar::$viewsPath
[Method: GET, Route: /]
in SYSTEMPATH\Debug\Toolbar.php on line 474.
 1 SYSTEMPATH\Debug\Toolbar.php(474): CodeIgniter\Debug\Exceptions->errorHandler(2, 'Undefined property: Config\\Toolbar::$viewsPath', 'C:\\xampp\\htdocs\\KingsWastelands-store\\system\\Debug\\Toolbar.php', 474)
 2 APPPATH\Config\Events.php(47): CodeIgniter\Debug\Toolbar->respond()
 3 SYSTEMPATH\Events\Events.php(155): CodeIgniter\Events\Events::Config\{closure}()
 4 SYSTEMPATH\CodeIgniter.php(339): CodeIgniter\Events\Events::trigger('pre_system')
 5 SYSTEMPATH\Boot.php(334): CodeIgniter\CodeIgniter->run()
 6 SYSTEMPATH\Boot.php(67): CodeIgniter\Boot::runCodeIgniter(Object(CodeIgniter\CodeIgniter))
 7 FCPATH\index.php(59): CodeIgniter\Boot::bootWeb(Object(Config\Paths))
DEBUG - 2025-06-22 14:42:17 --> Session: Class initialized using 'CodeIgniter\Session\Handlers\FileHandler' driver.
CRITICAL - 2025-06-22 14:42:17 --> ErrorException: Undefined property: Config\Toolbar::$viewsPath
[Method: GET, Route: /]
in SYSTEMPATH\Debug\Toolbar.php on line 474.
 1 SYSTEMPATH\Debug\Toolbar.php(474): CodeIgniter\Debug\Exceptions->errorHandler(2, 'Undefined property: Config\\Toolbar::$viewsPath', 'C:\\xampp\\htdocs\\KingsWastelands-store\\system\\Debug\\Toolbar.php', 474)
 2 APPPATH\Config\Events.php(47): CodeIgniter\Debug\Toolbar->respond()
 3 SYSTEMPATH\Events\Events.php(155): CodeIgniter\Events\Events::Config\{closure}()
 4 SYSTEMPATH\CodeIgniter.php(339): CodeIgniter\Events\Events::trigger('pre_system')
 5 SYSTEMPATH\Boot.php(334): CodeIgniter\CodeIgniter->run()
 6 SYSTEMPATH\Boot.php(67): CodeIgniter\Boot::runCodeIgniter(Object(CodeIgniter\CodeIgniter))
 7 FCPATH\index.php(59): CodeIgniter\Boot::bootWeb(Object(Config\Paths))
DEBUG - 2025-06-22 14:54:47 --> Session: Class initialized using 'CodeIgniter\Session\Handlers\FileHandler' driver.
CRITICAL - 2025-06-22 14:54:48 --> ErrorException: Undefined property: Config\Toolbar::$viewsPath
[Method: GET, Route: /]
in SYSTEMPATH\Debug\Toolbar.php on line 474.
 1 SYSTEMPATH\Debug\Toolbar.php(474): CodeIgniter\Debug\Exceptions->errorHandler(2, 'Undefined property: Config\\Toolbar::$viewsPath', 'C:\\xampp\\htdocs\\KingsWastelands-store\\system\\Debug\\Toolbar.php', 474)
 2 APPPATH\Config\Events.php(47): CodeIgniter\Debug\Toolbar->respond()
 3 SYSTEMPATH\Events\Events.php(155): CodeIgniter\Events\Events::Config\{closure}()
 4 SYSTEMPATH\CodeIgniter.php(339): CodeIgniter\Events\Events::trigger('pre_system')
 5 SYSTEMPATH\Boot.php(334): CodeIgniter\CodeIgniter->run()
 6 SYSTEMPATH\Boot.php(67): CodeIgniter\Boot::runCodeIgniter(Object(CodeIgniter\CodeIgniter))
 7 FCPATH\index.php(59): CodeIgniter\Boot::bootWeb(Object(Config\Paths))
DEBUG - 2025-06-22 14:55:08 --> Session: Class initialized using 'CodeIgniter\Session\Handlers\FileHandler' driver.
CRITICAL - 2025-06-22 14:55:09 --> ErrorException: Undefined property: Config\Toolbar::$viewsPath
[Method: GET, Route: /]
in SYSTEMPATH\Debug\Toolbar.php on line 474.
 1 SYSTEMPATH\Debug\Toolbar.php(474): CodeIgniter\Debug\Exceptions->errorHandler(2, 'Undefined property: Config\\Toolbar::$viewsPath', 'C:\\xampp\\htdocs\\KingsWastelands-store\\system\\Debug\\Toolbar.php', 474)
 2 APPPATH\Config\Events.php(47): CodeIgniter\Debug\Toolbar->respond()
 3 SYSTEMPATH\Events\Events.php(155): CodeIgniter\Events\Events::Config\{closure}()
 4 SYSTEMPATH\CodeIgniter.php(339): CodeIgniter\Events\Events::trigger('pre_system')
 5 SYSTEMPATH\Boot.php(334): CodeIgniter\CodeIgniter->run()
 6 SYSTEMPATH\Boot.php(67): CodeIgniter\Boot::runCodeIgniter(Object(CodeIgniter\CodeIgniter))
 7 FCPATH\index.php(59): CodeIgniter\Boot::bootWeb(Object(Config\Paths))
DEBUG - 2025-06-22 14:55:13 --> Session: Class initialized using 'CodeIgniter\Session\Handlers\FileHandler' driver.
CRITICAL - 2025-06-22 14:55:13 --> ErrorException: Undefined property: Config\Toolbar::$viewsPath
[Method: GET, Route: /]
in SYSTEMPATH\Debug\Toolbar.php on line 474.
 1 SYSTEMPATH\Debug\Toolbar.php(474): CodeIgniter\Debug\Exceptions->errorHandler(2, 'Undefined property: Config\\Toolbar::$viewsPath', 'C:\\xampp\\htdocs\\KingsWastelands-store\\system\\Debug\\Toolbar.php', 474)
 2 APPPATH\Config\Events.php(47): CodeIgniter\Debug\Toolbar->respond()
 3 SYSTEMPATH\Events\Events.php(155): CodeIgniter\Events\Events::Config\{closure}()
 4 SYSTEMPATH\CodeIgniter.php(339): CodeIgniter\Events\Events::trigger('pre_system')
 5 SYSTEMPATH\Boot.php(334): CodeIgniter\CodeIgniter->run()
 6 SYSTEMPATH\Boot.php(67): CodeIgniter\Boot::runCodeIgniter(Object(CodeIgniter\CodeIgniter))
 7 FCPATH\index.php(59): CodeIgniter\Boot::bootWeb(Object(Config\Paths))
DEBUG - 2025-06-22 14:55:54 --> Session: Class initialized using 'CodeIgniter\Session\Handlers\FileHandler' driver.
CRITICAL - 2025-06-22 14:55:54 --> ErrorException: Undefined property: Config\Toolbar::$viewsPath
[Method: GET, Route: /]
in SYSTEMPATH\Debug\Toolbar.php on line 474.
 1 SYSTEMPATH\Debug\Toolbar.php(474): CodeIgniter\Debug\Exceptions->errorHandler(2, 'Undefined property: Config\\Toolbar::$viewsPath', 'C:\\xampp\\htdocs\\KingsWastelands-store\\system\\Debug\\Toolbar.php', 474)
 2 APPPATH\Config\Events.php(47): CodeIgniter\Debug\Toolbar->respond()
 3 SYSTEMPATH\Events\Events.php(155): CodeIgniter\Events\Events::Config\{closure}()
 4 SYSTEMPATH\CodeIgniter.php(339): CodeIgniter\Events\Events::trigger('pre_system')
 5 SYSTEMPATH\Boot.php(334): CodeIgniter\CodeIgniter->run()
 6 SYSTEMPATH\Boot.php(67): CodeIgniter\Boot::runCodeIgniter(Object(CodeIgniter\CodeIgniter))
 7 FCPATH\index.php(59): CodeIgniter\Boot::bootWeb(Object(Config\Paths))
DEBUG - 2025-06-22 14:56:01 --> Session: Class initialized using 'CodeIgniter\Session\Handlers\FileHandler' driver.
CRITICAL - 2025-06-22 14:56:01 --> ErrorException: Undefined property: Config\Toolbar::$viewsPath
[Method: GET, Route: /]
in SYSTEMPATH\Debug\Toolbar.php on line 474.
 1 SYSTEMPATH\Debug\Toolbar.php(474): CodeIgniter\Debug\Exceptions->errorHandler(2, 'Undefined property: Config\\Toolbar::$viewsPath', 'C:\\xampp\\htdocs\\KingsWastelands-store\\system\\Debug\\Toolbar.php', 474)
 2 APPPATH\Config\Events.php(47): CodeIgniter\Debug\Toolbar->respond()
 3 SYSTEMPATH\Events\Events.php(155): CodeIgniter\Events\Events::Config\{closure}()
 4 SYSTEMPATH\CodeIgniter.php(339): CodeIgniter\Events\Events::trigger('pre_system')
 5 SYSTEMPATH\Boot.php(334): CodeIgniter\CodeIgniter->run()
 6 SYSTEMPATH\Boot.php(67): CodeIgniter\Boot::runCodeIgniter(Object(CodeIgniter\CodeIgniter))
 7 FCPATH\index.php(59): CodeIgniter\Boot::bootWeb(Object(Config\Paths))
DEBUG - 2025-06-22 14:56:54 --> Session: Class initialized using 'CodeIgniter\Session\Handlers\FileHandler' driver.
CRITICAL - 2025-06-22 14:56:54 --> ErrorException: Undefined property: Config\Toolbar::$viewsPath
[Method: GET, Route: /]
in SYSTEMPATH\Debug\Toolbar.php on line 474.
 1 SYSTEMPATH\Debug\Toolbar.php(474): CodeIgniter\Debug\Exceptions->errorHandler(2, 'Undefined property: Config\\Toolbar::$viewsPath', 'C:\\xampp\\htdocs\\KingsWastelands-store\\system\\Debug\\Toolbar.php', 474)
 2 APPPATH\Config\Events.php(47): CodeIgniter\Debug\Toolbar->respond()
 3 SYSTEMPATH\Events\Events.php(155): CodeIgniter\Events\Events::Config\{closure}()
 4 SYSTEMPATH\CodeIgniter.php(339): CodeIgniter\Events\Events::trigger('pre_system')
 5 SYSTEMPATH\Boot.php(334): CodeIgniter\CodeIgniter->run()
 6 SYSTEMPATH\Boot.php(67): CodeIgniter\Boot::runCodeIgniter(Object(CodeIgniter\CodeIgniter))
 7 FCPATH\index.php(59): CodeIgniter\Boot::bootWeb(Object(Config\Paths))
DEBUG - 2025-06-22 14:57:26 --> Session: Class initialized using 'CodeIgniter\Session\Handlers\FileHandler' driver.
DEBUG - 2025-06-22 14:57:26 --> Session: Class initialized using 'CodeIgniter\Session\Handlers\FileHandler' driver.
CRITICAL - 2025-06-22 14:57:26 --> ErrorException: Undefined property: Config\Toolbar::$viewsPath
[Method: GET, Route: /]
in SYSTEMPATH\Debug\Toolbar.php on line 474.
 1 SYSTEMPATH\Debug\Toolbar.php(474): CodeIgniter\Debug\Exceptions->errorHandler(2, 'Undefined property: Config\\Toolbar::$viewsPath', 'C:\\xampp\\htdocs\\KingsWastelands-store\\system\\Debug\\Toolbar.php', 474)
 2 APPPATH\Config\Events.php(47): CodeIgniter\Debug\Toolbar->respond()
 3 SYSTEMPATH\Events\Events.php(155): CodeIgniter\Events\Events::Config\{closure}()
 4 SYSTEMPATH\CodeIgniter.php(339): CodeIgniter\Events\Events::trigger('pre_system')
 5 SYSTEMPATH\Boot.php(334): CodeIgniter\CodeIgniter->run()
 6 SYSTEMPATH\Boot.php(67): CodeIgniter\Boot::runCodeIgniter(Object(CodeIgniter\CodeIgniter))
 7 FCPATH\index.php(59): CodeIgniter\Boot::bootWeb(Object(Config\Paths))
DEBUG - 2025-06-22 14:57:29 --> Session: Class initialized using 'CodeIgniter\Session\Handlers\FileHandler' driver.
DEBUG - 2025-06-22 14:57:30 --> Session: Class initialized using 'CodeIgniter\Session\Handlers\FileHandler' driver.
CRITICAL - 2025-06-22 14:57:30 --> ErrorException: Undefined property: Config\Toolbar::$viewsPath
[Method: GET, Route: /]
in SYSTEMPATH\Debug\Toolbar.php on line 474.
 1 SYSTEMPATH\Debug\Toolbar.php(474): CodeIgniter\Debug\Exceptions->errorHandler(2, 'Undefined property: Config\\Toolbar::$viewsPath', 'C:\\xampp\\htdocs\\KingsWastelands-store\\system\\Debug\\Toolbar.php', 474)
 2 APPPATH\Config\Events.php(47): CodeIgniter\Debug\Toolbar->respond()
 3 SYSTEMPATH\Events\Events.php(155): CodeIgniter\Events\Events::Config\{closure}()
 4 SYSTEMPATH\CodeIgniter.php(339): CodeIgniter\Events\Events::trigger('pre_system')
 5 SYSTEMPATH\Boot.php(334): CodeIgniter\CodeIgniter->run()
 6 SYSTEMPATH\Boot.php(67): CodeIgniter\Boot::runCodeIgniter(Object(CodeIgniter\CodeIgniter))
 7 FCPATH\index.php(59): CodeIgniter\Boot::bootWeb(Object(Config\Paths))
DEBUG - 2025-06-22 14:57:31 --> Session: Class initialized using 'CodeIgniter\Session\Handlers\FileHandler' driver.
CRITICAL - 2025-06-22 14:57:31 --> ErrorException: Undefined property: Config\Toolbar::$viewsPath
[Method: GET, Route: /]
in SYSTEMPATH\Debug\Toolbar.php on line 474.
 1 SYSTEMPATH\Debug\Toolbar.php(474): CodeIgniter\Debug\Exceptions->errorHandler(2, 'Undefined property: Config\\Toolbar::$viewsPath', 'C:\\xampp\\htdocs\\KingsWastelands-store\\system\\Debug\\Toolbar.php', 474)
 2 APPPATH\Config\Events.php(47): CodeIgniter\Debug\Toolbar->respond()
 3 SYSTEMPATH\Events\Events.php(155): CodeIgniter\Events\Events::Config\{closure}()
 4 SYSTEMPATH\CodeIgniter.php(339): CodeIgniter\Events\Events::trigger('pre_system')
 5 SYSTEMPATH\Boot.php(334): CodeIgniter\CodeIgniter->run()
 6 SYSTEMPATH\Boot.php(67): CodeIgniter\Boot::runCodeIgniter(Object(CodeIgniter\CodeIgniter))
 7 FCPATH\index.php(59): CodeIgniter\Boot::bootWeb(Object(Config\Paths))
DEBUG - 2025-06-22 14:57:32 --> Session: Class initialized using 'CodeIgniter\Session\Handlers\FileHandler' driver.
DEBUG - 2025-06-22 14:57:32 --> Session: Class initialized using 'CodeIgniter\Session\Handlers\FileHandler' driver.
CRITICAL - 2025-06-22 14:57:33 --> ErrorException: Undefined property: Config\Toolbar::$viewsPath
[Method: GET, Route: /]
in SYSTEMPATH\Debug\Toolbar.php on line 474.
 1 SYSTEMPATH\Debug\Toolbar.php(474): CodeIgniter\Debug\Exceptions->errorHandler(2, 'Undefined property: Config\\Toolbar::$viewsPath', 'C:\\xampp\\htdocs\\KingsWastelands-store\\system\\Debug\\Toolbar.php', 474)
 2 APPPATH\Config\Events.php(47): CodeIgniter\Debug\Toolbar->respond()
 3 SYSTEMPATH\Events\Events.php(155): CodeIgniter\Events\Events::Config\{closure}()
 4 SYSTEMPATH\CodeIgniter.php(339): CodeIgniter\Events\Events::trigger('pre_system')
 5 SYSTEMPATH\Boot.php(334): CodeIgniter\CodeIgniter->run()
 6 SYSTEMPATH\Boot.php(67): CodeIgniter\Boot::runCodeIgniter(Object(CodeIgniter\CodeIgniter))
 7 FCPATH\index.php(59): CodeIgniter\Boot::bootWeb(Object(Config\Paths))
DEBUG - 2025-06-22 14:57:34 --> Session: Class initialized using 'CodeIgniter\Session\Handlers\FileHandler' driver.
DEBUG - 2025-06-22 14:57:34 --> Session: Class initialized using 'CodeIgniter\Session\Handlers\FileHandler' driver.
CRITICAL - 2025-06-22 14:57:34 --> ErrorException: Undefined property: Config\Toolbar::$viewsPath
[Method: GET, Route: /]
in SYSTEMPATH\Debug\Toolbar.php on line 474.
 1 SYSTEMPATH\Debug\Toolbar.php(474): CodeIgniter\Debug\Exceptions->errorHandler(2, 'Undefined property: Config\\Toolbar::$viewsPath', 'C:\\xampp\\htdocs\\KingsWastelands-store\\system\\Debug\\Toolbar.php', 474)
 2 APPPATH\Config\Events.php(47): CodeIgniter\Debug\Toolbar->respond()
 3 SYSTEMPATH\Events\Events.php(155): CodeIgniter\Events\Events::Config\{closure}()
 4 SYSTEMPATH\CodeIgniter.php(339): CodeIgniter\Events\Events::trigger('pre_system')
 5 SYSTEMPATH\Boot.php(334): CodeIgniter\CodeIgniter->run()
 6 SYSTEMPATH\Boot.php(67): CodeIgniter\Boot::runCodeIgniter(Object(CodeIgniter\CodeIgniter))
 7 FCPATH\index.php(59): CodeIgniter\Boot::bootWeb(Object(Config\Paths))
DEBUG - 2025-06-22 14:57:37 --> Session: Class initialized using 'CodeIgniter\Session\Handlers\FileHandler' driver.
DEBUG - 2025-06-22 14:57:37 --> Session: Class initialized using 'CodeIgniter\Session\Handlers\FileHandler' driver.
CRITICAL - 2025-06-22 14:57:37 --> ErrorException: Undefined property: Config\Toolbar::$viewsPath
[Method: GET, Route: /]
in SYSTEMPATH\Debug\Toolbar.php on line 474.
 1 SYSTEMPATH\Debug\Toolbar.php(474): CodeIgniter\Debug\Exceptions->errorHandler(2, 'Undefined property: Config\\Toolbar::$viewsPath', 'C:\\xampp\\htdocs\\KingsWastelands-store\\system\\Debug\\Toolbar.php', 474)
 2 APPPATH\Config\Events.php(47): CodeIgniter\Debug\Toolbar->respond()
 3 SYSTEMPATH\Events\Events.php(155): CodeIgniter\Events\Events::Config\{closure}()
 4 SYSTEMPATH\CodeIgniter.php(339): CodeIgniter\Events\Events::trigger('pre_system')
 5 SYSTEMPATH\Boot.php(334): CodeIgniter\CodeIgniter->run()
 6 SYSTEMPATH\Boot.php(67): CodeIgniter\Boot::runCodeIgniter(Object(CodeIgniter\CodeIgniter))
 7 FCPATH\index.php(59): CodeIgniter\Boot::bootWeb(Object(Config\Paths))
DEBUG - 2025-06-22 14:57:46 --> Session: Class initialized using 'CodeIgniter\Session\Handlers\FileHandler' driver.
CRITICAL - 2025-06-22 14:57:46 --> ErrorException: Undefined property: Config\Toolbar::$viewsPath
[Method: GET, Route: /]
in SYSTEMPATH\Debug\Toolbar.php on line 474.
 1 SYSTEMPATH\Debug\Toolbar.php(474): CodeIgniter\Debug\Exceptions->errorHandler(2, 'Undefined property: Config\\Toolbar::$viewsPath', 'C:\\xampp\\htdocs\\KingsWastelands-store\\system\\Debug\\Toolbar.php', 474)
 2 APPPATH\Config\Events.php(47): CodeIgniter\Debug\Toolbar->respond()
 3 SYSTEMPATH\Events\Events.php(155): CodeIgniter\Events\Events::Config\{closure}()
 4 SYSTEMPATH\CodeIgniter.php(339): CodeIgniter\Events\Events::trigger('pre_system')
 5 SYSTEMPATH\Boot.php(334): CodeIgniter\CodeIgniter->run()
 6 SYSTEMPATH\Boot.php(67): CodeIgniter\Boot::runCodeIgniter(Object(CodeIgniter\CodeIgniter))
 7 FCPATH\index.php(59): CodeIgniter\Boot::bootWeb(Object(Config\Paths))
DEBUG - 2025-06-22 14:57:47 --> Session: Class initialized using 'CodeIgniter\Session\Handlers\FileHandler' driver.
DEBUG - 2025-06-22 14:57:47 --> Session: Class initialized using 'CodeIgniter\Session\Handlers\FileHandler' driver.
CRITICAL - 2025-06-22 14:57:47 --> ErrorException: Undefined property: Config\Toolbar::$viewsPath
[Method: GET, Route: /]
in SYSTEMPATH\Debug\Toolbar.php on line 474.
 1 SYSTEMPATH\Debug\Toolbar.php(474): CodeIgniter\Debug\Exceptions->errorHandler(2, 'Undefined property: Config\\Toolbar::$viewsPath', 'C:\\xampp\\htdocs\\KingsWastelands-store\\system\\Debug\\Toolbar.php', 474)
 2 APPPATH\Config\Events.php(47): CodeIgniter\Debug\Toolbar->respond()
 3 SYSTEMPATH\Events\Events.php(155): CodeIgniter\Events\Events::Config\{closure}()
 4 SYSTEMPATH\CodeIgniter.php(339): CodeIgniter\Events\Events::trigger('pre_system')
 5 SYSTEMPATH\Boot.php(334): CodeIgniter\CodeIgniter->run()
 6 SYSTEMPATH\Boot.php(67): CodeIgniter\Boot::runCodeIgniter(Object(CodeIgniter\CodeIgniter))
 7 FCPATH\index.php(59): CodeIgniter\Boot::bootWeb(Object(Config\Paths))
DEBUG - 2025-06-22 14:58:36 --> Session: Class initialized using 'CodeIgniter\Session\Handlers\FileHandler' driver.
CRITICAL - 2025-06-22 14:58:36 --> ErrorException: Undefined property: Config\Toolbar::$viewsPath
[Method: GET, Route: /]
in SYSTEMPATH\Debug\Toolbar.php on line 474.
 1 SYSTEMPATH\Debug\Toolbar.php(474): CodeIgniter\Debug\Exceptions->errorHandler(2, 'Undefined property: Config\\Toolbar::$viewsPath', 'C:\\xampp\\htdocs\\KingsWastelands-store\\system\\Debug\\Toolbar.php', 474)
 2 APPPATH\Config\Events.php(47): CodeIgniter\Debug\Toolbar->respond()
 3 SYSTEMPATH\Events\Events.php(155): CodeIgniter\Events\Events::Config\{closure}()
 4 SYSTEMPATH\CodeIgniter.php(339): CodeIgniter\Events\Events::trigger('pre_system')
 5 SYSTEMPATH\Boot.php(334): CodeIgniter\CodeIgniter->run()
 6 SYSTEMPATH\Boot.php(67): CodeIgniter\Boot::runCodeIgniter(Object(CodeIgniter\CodeIgniter))
 7 FCPATH\index.php(59): CodeIgniter\Boot::bootWeb(Object(Config\Paths))
DEBUG - 2025-06-22 14:58:38 --> Session: Class initialized using 'CodeIgniter\Session\Handlers\FileHandler' driver.
DEBUG - 2025-06-22 14:58:38 --> Session: Class initialized using 'CodeIgniter\Session\Handlers\FileHandler' driver.
CRITICAL - 2025-06-22 14:58:38 --> ErrorException: Undefined property: Config\Toolbar::$viewsPath
[Method: GET, Route: /]
in SYSTEMPATH\Debug\Toolbar.php on line 474.
 1 SYSTEMPATH\Debug\Toolbar.php(474): CodeIgniter\Debug\Exceptions->errorHandler(2, 'Undefined property: Config\\Toolbar::$viewsPath', 'C:\\xampp\\htdocs\\KingsWastelands-store\\system\\Debug\\Toolbar.php', 474)
 2 APPPATH\Config\Events.php(47): CodeIgniter\Debug\Toolbar->respond()
 3 SYSTEMPATH\Events\Events.php(155): CodeIgniter\Events\Events::Config\{closure}()
 4 SYSTEMPATH\CodeIgniter.php(339): CodeIgniter\Events\Events::trigger('pre_system')
 5 SYSTEMPATH\Boot.php(334): CodeIgniter\CodeIgniter->run()
 6 SYSTEMPATH\Boot.php(67): CodeIgniter\Boot::runCodeIgniter(Object(CodeIgniter\CodeIgniter))
 7 FCPATH\index.php(59): CodeIgniter\Boot::bootWeb(Object(Config\Paths))
DEBUG - 2025-06-22 14:58:41 --> Session: Class initialized using 'CodeIgniter\Session\Handlers\FileHandler' driver.
DEBUG - 2025-06-22 14:58:41 --> Session: Class initialized using 'CodeIgniter\Session\Handlers\FileHandler' driver.
CRITICAL - 2025-06-22 14:58:41 --> ErrorException: Undefined property: Config\Toolbar::$viewsPath
[Method: GET, Route: /]
in SYSTEMPATH\Debug\Toolbar.php on line 474.
 1 SYSTEMPATH\Debug\Toolbar.php(474): CodeIgniter\Debug\Exceptions->errorHandler(2, 'Undefined property: Config\\Toolbar::$viewsPath', 'C:\\xampp\\htdocs\\KingsWastelands-store\\system\\Debug\\Toolbar.php', 474)
 2 APPPATH\Config\Events.php(47): CodeIgniter\Debug\Toolbar->respond()
 3 SYSTEMPATH\Events\Events.php(155): CodeIgniter\Events\Events::Config\{closure}()
 4 SYSTEMPATH\CodeIgniter.php(339): CodeIgniter\Events\Events::trigger('pre_system')
 5 SYSTEMPATH\Boot.php(334): CodeIgniter\CodeIgniter->run()
 6 SYSTEMPATH\Boot.php(67): CodeIgniter\Boot::runCodeIgniter(Object(CodeIgniter\CodeIgniter))
 7 FCPATH\index.php(59): CodeIgniter\Boot::bootWeb(Object(Config\Paths))
DEBUG - 2025-06-22 14:58:46 --> Session: Class initialized using 'CodeIgniter\Session\Handlers\FileHandler' driver.
DEBUG - 2025-06-22 14:58:46 --> Session: Class initialized using 'CodeIgniter\Session\Handlers\FileHandler' driver.
CRITICAL - 2025-06-22 14:58:46 --> ErrorException: Undefined property: Config\Toolbar::$viewsPath
[Method: GET, Route: /]
in SYSTEMPATH\Debug\Toolbar.php on line 474.
 1 SYSTEMPATH\Debug\Toolbar.php(474): CodeIgniter\Debug\Exceptions->errorHandler(2, 'Undefined property: Config\\Toolbar::$viewsPath', 'C:\\xampp\\htdocs\\KingsWastelands-store\\system\\Debug\\Toolbar.php', 474)
 2 APPPATH\Config\Events.php(47): CodeIgniter\Debug\Toolbar->respond()
 3 SYSTEMPATH\Events\Events.php(155): CodeIgniter\Events\Events::Config\{closure}()
 4 SYSTEMPATH\CodeIgniter.php(339): CodeIgniter\Events\Events::trigger('pre_system')
 5 SYSTEMPATH\Boot.php(334): CodeIgniter\CodeIgniter->run()
 6 SYSTEMPATH\Boot.php(67): CodeIgniter\Boot::runCodeIgniter(Object(CodeIgniter\CodeIgniter))
 7 FCPATH\index.php(59): CodeIgniter\Boot::bootWeb(Object(Config\Paths))
DEBUG - 2025-06-22 14:58:50 --> Session: Class initialized using 'CodeIgniter\Session\Handlers\FileHandler' driver.
CRITICAL - 2025-06-22 14:58:50 --> ErrorException: Undefined property: Config\Toolbar::$viewsPath
[Method: GET, Route: /]
in SYSTEMPATH\Debug\Toolbar.php on line 474.
 1 SYSTEMPATH\Debug\Toolbar.php(474): CodeIgniter\Debug\Exceptions->errorHandler(2, 'Undefined property: Config\\Toolbar::$viewsPath', 'C:\\xampp\\htdocs\\KingsWastelands-store\\system\\Debug\\Toolbar.php', 474)
 2 APPPATH\Config\Events.php(47): CodeIgniter\Debug\Toolbar->respond()
 3 SYSTEMPATH\Events\Events.php(155): CodeIgniter\Events\Events::Config\{closure}()
 4 SYSTEMPATH\CodeIgniter.php(339): CodeIgniter\Events\Events::trigger('pre_system')
 5 SYSTEMPATH\Boot.php(334): CodeIgniter\CodeIgniter->run()
 6 SYSTEMPATH\Boot.php(67): CodeIgniter\Boot::runCodeIgniter(Object(CodeIgniter\CodeIgniter))
 7 FCPATH\index.php(59): CodeIgniter\Boot::bootWeb(Object(Config\Paths))
DEBUG - 2025-06-22 14:58:52 --> Session: Class initialized using 'CodeIgniter\Session\Handlers\FileHandler' driver.
DEBUG - 2025-06-22 14:58:52 --> Session: Class initialized using 'CodeIgniter\Session\Handlers\FileHandler' driver.
CRITICAL - 2025-06-22 14:58:52 --> ErrorException: Undefined property: Config\Toolbar::$viewsPath
[Method: GET, Route: /]
in SYSTEMPATH\Debug\Toolbar.php on line 474.
 1 SYSTEMPATH\Debug\Toolbar.php(474): CodeIgniter\Debug\Exceptions->errorHandler(2, 'Undefined property: Config\\Toolbar::$viewsPath', 'C:\\xampp\\htdocs\\KingsWastelands-store\\system\\Debug\\Toolbar.php', 474)
 2 APPPATH\Config\Events.php(47): CodeIgniter\Debug\Toolbar->respond()
 3 SYSTEMPATH\Events\Events.php(155): CodeIgniter\Events\Events::Config\{closure}()
 4 SYSTEMPATH\CodeIgniter.php(339): CodeIgniter\Events\Events::trigger('pre_system')
 5 SYSTEMPATH\Boot.php(334): CodeIgniter\CodeIgniter->run()
 6 SYSTEMPATH\Boot.php(67): CodeIgniter\Boot::runCodeIgniter(Object(CodeIgniter\CodeIgniter))
 7 FCPATH\index.php(59): CodeIgniter\Boot::bootWeb(Object(Config\Paths))
DEBUG - 2025-06-22 14:59:25 --> Session: Class initialized using 'CodeIgniter\Session\Handlers\FileHandler' driver.
CRITICAL - 2025-06-22 14:59:25 --> ErrorException: Undefined property: Config\Toolbar::$viewsPath
[Method: GET, Route: /]
in SYSTEMPATH\Debug\Toolbar.php on line 474.
 1 SYSTEMPATH\Debug\Toolbar.php(474): CodeIgniter\Debug\Exceptions->errorHandler(2, 'Undefined property: Config\\Toolbar::$viewsPath', 'C:\\xampp\\htdocs\\KingsWastelands-store\\system\\Debug\\Toolbar.php', 474)
 2 APPPATH\Config\Events.php(47): CodeIgniter\Debug\Toolbar->respond()
 3 SYSTEMPATH\Events\Events.php(155): CodeIgniter\Events\Events::Config\{closure}()
 4 SYSTEMPATH\CodeIgniter.php(339): CodeIgniter\Events\Events::trigger('pre_system')
 5 SYSTEMPATH\Boot.php(334): CodeIgniter\CodeIgniter->run()
 6 SYSTEMPATH\Boot.php(67): CodeIgniter\Boot::runCodeIgniter(Object(CodeIgniter\CodeIgniter))
 7 FCPATH\index.php(59): CodeIgniter\Boot::bootWeb(Object(Config\Paths))
DEBUG - 2025-06-22 14:59:26 --> Session: Class initialized using 'CodeIgniter\Session\Handlers\FileHandler' driver.
DEBUG - 2025-06-22 14:59:26 --> Session: Class initialized using 'CodeIgniter\Session\Handlers\FileHandler' driver.
CRITICAL - 2025-06-22 14:59:26 --> ErrorException: Undefined property: Config\Toolbar::$viewsPath
[Method: GET, Route: /]
in SYSTEMPATH\Debug\Toolbar.php on line 474.
 1 SYSTEMPATH\Debug\Toolbar.php(474): CodeIgniter\Debug\Exceptions->errorHandler(2, 'Undefined property: Config\\Toolbar::$viewsPath', 'C:\\xampp\\htdocs\\KingsWastelands-store\\system\\Debug\\Toolbar.php', 474)
 2 APPPATH\Config\Events.php(47): CodeIgniter\Debug\Toolbar->respond()
 3 SYSTEMPATH\Events\Events.php(155): CodeIgniter\Events\Events::Config\{closure}()
 4 SYSTEMPATH\CodeIgniter.php(339): CodeIgniter\Events\Events::trigger('pre_system')
 5 SYSTEMPATH\Boot.php(334): CodeIgniter\CodeIgniter->run()
 6 SYSTEMPATH\Boot.php(67): CodeIgniter\Boot::runCodeIgniter(Object(CodeIgniter\CodeIgniter))
 7 FCPATH\index.php(59): CodeIgniter\Boot::bootWeb(Object(Config\Paths))
DEBUG - 2025-06-22 14:59:28 --> Session: Class initialized using 'CodeIgniter\Session\Handlers\FileHandler' driver.
CRITICAL - 2025-06-22 14:59:28 --> ErrorException: Undefined property: Config\Toolbar::$viewsPath
[Method: GET, Route: /]
in SYSTEMPATH\Debug\Toolbar.php on line 474.
 1 SYSTEMPATH\Debug\Toolbar.php(474): CodeIgniter\Debug\Exceptions->errorHandler(2, 'Undefined property: Config\\Toolbar::$viewsPath', 'C:\\xampp\\htdocs\\KingsWastelands-store\\system\\Debug\\Toolbar.php', 474)
 2 APPPATH\Config\Events.php(47): CodeIgniter\Debug\Toolbar->respond()
 3 SYSTEMPATH\Events\Events.php(155): CodeIgniter\Events\Events::Config\{closure}()
 4 SYSTEMPATH\CodeIgniter.php(339): CodeIgniter\Events\Events::trigger('pre_system')
 5 SYSTEMPATH\Boot.php(334): CodeIgniter\CodeIgniter->run()
 6 SYSTEMPATH\Boot.php(67): CodeIgniter\Boot::runCodeIgniter(Object(CodeIgniter\CodeIgniter))
 7 FCPATH\index.php(59): CodeIgniter\Boot::bootWeb(Object(Config\Paths))
DEBUG - 2025-06-22 14:59:29 --> Session: Class initialized using 'CodeIgniter\Session\Handlers\FileHandler' driver.
DEBUG - 2025-06-22 14:59:29 --> Session: Class initialized using 'CodeIgniter\Session\Handlers\FileHandler' driver.
CRITICAL - 2025-06-22 14:59:29 --> ErrorException: Undefined property: Config\Toolbar::$viewsPath
[Method: GET, Route: /]
in SYSTEMPATH\Debug\Toolbar.php on line 474.
 1 SYSTEMPATH\Debug\Toolbar.php(474): CodeIgniter\Debug\Exceptions->errorHandler(2, 'Undefined property: Config\\Toolbar::$viewsPath', 'C:\\xampp\\htdocs\\KingsWastelands-store\\system\\Debug\\Toolbar.php', 474)
 2 APPPATH\Config\Events.php(47): CodeIgniter\Debug\Toolbar->respond()
 3 SYSTEMPATH\Events\Events.php(155): CodeIgniter\Events\Events::Config\{closure}()
 4 SYSTEMPATH\CodeIgniter.php(339): CodeIgniter\Events\Events::trigger('pre_system')
 5 SYSTEMPATH\Boot.php(334): CodeIgniter\CodeIgniter->run()
 6 SYSTEMPATH\Boot.php(67): CodeIgniter\Boot::runCodeIgniter(Object(CodeIgniter\CodeIgniter))
 7 FCPATH\index.php(59): CodeIgniter\Boot::bootWeb(Object(Config\Paths))
DEBUG - 2025-06-22 14:59:30 --> Session: Class initialized using 'CodeIgniter\Session\Handlers\FileHandler' driver.
CRITICAL - 2025-06-22 14:59:30 --> ErrorException: Undefined property: Config\Toolbar::$viewsPath
[Method: GET, Route: /]
in SYSTEMPATH\Debug\Toolbar.php on line 474.
 1 SYSTEMPATH\Debug\Toolbar.php(474): CodeIgniter\Debug\Exceptions->errorHandler(2, 'Undefined property: Config\\Toolbar::$viewsPath', 'C:\\xampp\\htdocs\\KingsWastelands-store\\system\\Debug\\Toolbar.php', 474)
 2 APPPATH\Config\Events.php(47): CodeIgniter\Debug\Toolbar->respond()
 3 SYSTEMPATH\Events\Events.php(155): CodeIgniter\Events\Events::Config\{closure}()
 4 SYSTEMPATH\CodeIgniter.php(339): CodeIgniter\Events\Events::trigger('pre_system')
 5 SYSTEMPATH\Boot.php(334): CodeIgniter\CodeIgniter->run()
 6 SYSTEMPATH\Boot.php(67): CodeIgniter\Boot::runCodeIgniter(Object(CodeIgniter\CodeIgniter))
 7 FCPATH\index.php(59): CodeIgniter\Boot::bootWeb(Object(Config\Paths))
DEBUG - 2025-06-22 14:59:31 --> Session: Class initialized using 'CodeIgniter\Session\Handlers\FileHandler' driver.
DEBUG - 2025-06-22 14:59:31 --> Session: Class initialized using 'CodeIgniter\Session\Handlers\FileHandler' driver.
CRITICAL - 2025-06-22 14:59:31 --> ErrorException: Undefined property: Config\Toolbar::$viewsPath
[Method: GET, Route: /]
in SYSTEMPATH\Debug\Toolbar.php on line 474.
 1 SYSTEMPATH\Debug\Toolbar.php(474): CodeIgniter\Debug\Exceptions->errorHandler(2, 'Undefined property: Config\\Toolbar::$viewsPath', 'C:\\xampp\\htdocs\\KingsWastelands-store\\system\\Debug\\Toolbar.php', 474)
 2 APPPATH\Config\Events.php(47): CodeIgniter\Debug\Toolbar->respond()
 3 SYSTEMPATH\Events\Events.php(155): CodeIgniter\Events\Events::Config\{closure}()
 4 SYSTEMPATH\CodeIgniter.php(339): CodeIgniter\Events\Events::trigger('pre_system')
 5 SYSTEMPATH\Boot.php(334): CodeIgniter\CodeIgniter->run()
 6 SYSTEMPATH\Boot.php(67): CodeIgniter\Boot::runCodeIgniter(Object(CodeIgniter\CodeIgniter))
 7 FCPATH\index.php(59): CodeIgniter\Boot::bootWeb(Object(Config\Paths))
DEBUG - 2025-06-22 14:59:33 --> Session: Class initialized using 'CodeIgniter\Session\Handlers\FileHandler' driver.
CRITICAL - 2025-06-22 14:59:33 --> ErrorException: Undefined property: Config\Toolbar::$viewsPath
[Method: GET, Route: /]
in SYSTEMPATH\Debug\Toolbar.php on line 474.
 1 SYSTEMPATH\Debug\Toolbar.php(474): CodeIgniter\Debug\Exceptions->errorHandler(2, 'Undefined property: Config\\Toolbar::$viewsPath', 'C:\\xampp\\htdocs\\KingsWastelands-store\\system\\Debug\\Toolbar.php', 474)
 2 APPPATH\Config\Events.php(47): CodeIgniter\Debug\Toolbar->respond()
 3 SYSTEMPATH\Events\Events.php(155): CodeIgniter\Events\Events::Config\{closure}()
 4 SYSTEMPATH\CodeIgniter.php(339): CodeIgniter\Events\Events::trigger('pre_system')
 5 SYSTEMPATH\Boot.php(334): CodeIgniter\CodeIgniter->run()
 6 SYSTEMPATH\Boot.php(67): CodeIgniter\Boot::runCodeIgniter(Object(CodeIgniter\CodeIgniter))
 7 FCPATH\index.php(59): CodeIgniter\Boot::bootWeb(Object(Config\Paths))
DEBUG - 2025-06-22 14:59:34 --> Session: Class initialized using 'CodeIgniter\Session\Handlers\FileHandler' driver.
DEBUG - 2025-06-22 14:59:34 --> Session: Class initialized using 'CodeIgniter\Session\Handlers\FileHandler' driver.
CRITICAL - 2025-06-22 14:59:35 --> ErrorException: Undefined property: Config\Toolbar::$viewsPath
[Method: GET, Route: /]
in SYSTEMPATH\Debug\Toolbar.php on line 474.
 1 SYSTEMPATH\Debug\Toolbar.php(474): CodeIgniter\Debug\Exceptions->errorHandler(2, 'Undefined property: Config\\Toolbar::$viewsPath', 'C:\\xampp\\htdocs\\KingsWastelands-store\\system\\Debug\\Toolbar.php', 474)
 2 APPPATH\Config\Events.php(47): CodeIgniter\Debug\Toolbar->respond()
 3 SYSTEMPATH\Events\Events.php(155): CodeIgniter\Events\Events::Config\{closure}()
 4 SYSTEMPATH\CodeIgniter.php(339): CodeIgniter\Events\Events::trigger('pre_system')
 5 SYSTEMPATH\Boot.php(334): CodeIgniter\CodeIgniter->run()
 6 SYSTEMPATH\Boot.php(67): CodeIgniter\Boot::runCodeIgniter(Object(CodeIgniter\CodeIgniter))
 7 FCPATH\index.php(59): CodeIgniter\Boot::bootWeb(Object(Config\Paths))
DEBUG - 2025-06-22 14:59:59 --> Session: Class initialized using 'CodeIgniter\Session\Handlers\FileHandler' driver.
CRITICAL - 2025-06-22 14:59:59 --> ErrorException: Undefined property: Config\Toolbar::$viewsPath
[Method: GET, Route: /]
in SYSTEMPATH\Debug\Toolbar.php on line 474.
 1 SYSTEMPATH\Debug\Toolbar.php(474): CodeIgniter\Debug\Exceptions->errorHandler(2, 'Undefined property: Config\\Toolbar::$viewsPath', 'C:\\xampp\\htdocs\\KingsWastelands-store\\system\\Debug\\Toolbar.php', 474)
 2 APPPATH\Config\Events.php(47): CodeIgniter\Debug\Toolbar->respond()
 3 SYSTEMPATH\Events\Events.php(155): CodeIgniter\Events\Events::Config\{closure}()
 4 SYSTEMPATH\CodeIgniter.php(339): CodeIgniter\Events\Events::trigger('pre_system')
 5 SYSTEMPATH\Boot.php(334): CodeIgniter\CodeIgniter->run()
 6 SYSTEMPATH\Boot.php(67): CodeIgniter\Boot::runCodeIgniter(Object(CodeIgniter\CodeIgniter))
 7 FCPATH\index.php(59): CodeIgniter\Boot::bootWeb(Object(Config\Paths))
DEBUG - 2025-06-22 15:00:07 --> Session: Class initialized using 'CodeIgniter\Session\Handlers\FileHandler' driver.
DEBUG - 2025-06-22 15:00:07 --> Session: Class initialized using 'CodeIgniter\Session\Handlers\FileHandler' driver.
CRITICAL - 2025-06-22 15:00:07 --> ErrorException: Undefined property: Config\Toolbar::$viewsPath
[Method: GET, Route: /]
in SYSTEMPATH\Debug\Toolbar.php on line 474.
 1 SYSTEMPATH\Debug\Toolbar.php(474): CodeIgniter\Debug\Exceptions->errorHandler(2, 'Undefined property: Config\\Toolbar::$viewsPath', 'C:\\xampp\\htdocs\\KingsWastelands-store\\system\\Debug\\Toolbar.php', 474)
 2 APPPATH\Config\Events.php(47): CodeIgniter\Debug\Toolbar->respond()
 3 SYSTEMPATH\Events\Events.php(155): CodeIgniter\Events\Events::Config\{closure}()
 4 SYSTEMPATH\CodeIgniter.php(339): CodeIgniter\Events\Events::trigger('pre_system')
 5 SYSTEMPATH\Boot.php(334): CodeIgniter\CodeIgniter->run()
 6 SYSTEMPATH\Boot.php(67): CodeIgniter\Boot::runCodeIgniter(Object(CodeIgniter\CodeIgniter))
 7 FCPATH\index.php(59): CodeIgniter\Boot::bootWeb(Object(Config\Paths))
DEBUG - 2025-06-22 15:00:23 --> Session: Class initialized using 'CodeIgniter\Session\Handlers\FileHandler' driver.
DEBUG - 2025-06-22 15:00:23 --> Session: Class initialized using 'CodeIgniter\Session\Handlers\FileHandler' driver.
CRITICAL - 2025-06-22 15:00:23 --> ErrorException: Undefined property: Config\Toolbar::$viewsPath
[Method: GET, Route: /]
in SYSTEMPATH\Debug\Toolbar.php on line 474.
 1 SYSTEMPATH\Debug\Toolbar.php(474): CodeIgniter\Debug\Exceptions->errorHandler(2, 'Undefined property: Config\\Toolbar::$viewsPath', 'C:\\xampp\\htdocs\\KingsWastelands-store\\system\\Debug\\Toolbar.php', 474)
 2 APPPATH\Config\Events.php(47): CodeIgniter\Debug\Toolbar->respond()
 3 SYSTEMPATH\Events\Events.php(155): CodeIgniter\Events\Events::Config\{closure}()
 4 SYSTEMPATH\CodeIgniter.php(339): CodeIgniter\Events\Events::trigger('pre_system')
 5 SYSTEMPATH\Boot.php(334): CodeIgniter\CodeIgniter->run()
 6 SYSTEMPATH\Boot.php(67): CodeIgniter\Boot::runCodeIgniter(Object(CodeIgniter\CodeIgniter))
 7 FCPATH\index.php(59): CodeIgniter\Boot::bootWeb(Object(Config\Paths))
DEBUG - 2025-06-22 15:00:31 --> Session: Class initialized using 'CodeIgniter\Session\Handlers\FileHandler' driver.
DEBUG - 2025-06-22 15:00:31 --> Session: Class initialized using 'CodeIgniter\Session\Handlers\FileHandler' driver.
DEBUG - 2025-06-22 15:00:31 --> Session: Class initialized using 'CodeIgniter\Session\Handlers\FileHandler' driver.
CRITICAL - 2025-06-22 15:00:32 --> ErrorException: Undefined property: Config\Toolbar::$viewsPath
[Method: GET, Route: /]
in SYSTEMPATH\Debug\Toolbar.php on line 474.
 1 SYSTEMPATH\Debug\Toolbar.php(474): CodeIgniter\Debug\Exceptions->errorHandler(2, 'Undefined property: Config\\Toolbar::$viewsPath', 'C:\\xampp\\htdocs\\KingsWastelands-store\\system\\Debug\\Toolbar.php', 474)
 2 APPPATH\Config\Events.php(47): CodeIgniter\Debug\Toolbar->respond()
 3 SYSTEMPATH\Events\Events.php(155): CodeIgniter\Events\Events::Config\{closure}()
 4 SYSTEMPATH\CodeIgniter.php(339): CodeIgniter\Events\Events::trigger('pre_system')
 5 SYSTEMPATH\Boot.php(334): CodeIgniter\CodeIgniter->run()
 6 SYSTEMPATH\Boot.php(67): CodeIgniter\Boot::runCodeIgniter(Object(CodeIgniter\CodeIgniter))
 7 FCPATH\index.php(59): CodeIgniter\Boot::bootWeb(Object(Config\Paths))
DEBUG - 2025-06-22 15:00:36 --> Session: Class initialized using 'CodeIgniter\Session\Handlers\FileHandler' driver.
CRITICAL - 2025-06-22 15:00:36 --> ErrorException: Undefined property: Config\Toolbar::$viewsPath
[Method: GET, Route: /]
in SYSTEMPATH\Debug\Toolbar.php on line 474.
 1 SYSTEMPATH\Debug\Toolbar.php(474): CodeIgniter\Debug\Exceptions->errorHandler(2, 'Undefined property: Config\\Toolbar::$viewsPath', 'C:\\xampp\\htdocs\\KingsWastelands-store\\system\\Debug\\Toolbar.php', 474)
 2 APPPATH\Config\Events.php(47): CodeIgniter\Debug\Toolbar->respond()
 3 SYSTEMPATH\Events\Events.php(155): CodeIgniter\Events\Events::Config\{closure}()
 4 SYSTEMPATH\CodeIgniter.php(339): CodeIgniter\Events\Events::trigger('pre_system')
 5 SYSTEMPATH\Boot.php(334): CodeIgniter\CodeIgniter->run()
 6 SYSTEMPATH\Boot.php(67): CodeIgniter\Boot::runCodeIgniter(Object(CodeIgniter\CodeIgniter))
 7 FCPATH\index.php(59): CodeIgniter\Boot::bootWeb(Object(Config\Paths))
DEBUG - 2025-06-22 15:00:40 --> Session: Class initialized using 'CodeIgniter\Session\Handlers\FileHandler' driver.
CRITICAL - 2025-06-22 15:00:40 --> ErrorException: Undefined property: Config\Toolbar::$viewsPath
[Method: GET, Route: /]
in SYSTEMPATH\Debug\Toolbar.php on line 474.
 1 SYSTEMPATH\Debug\Toolbar.php(474): CodeIgniter\Debug\Exceptions->errorHandler(2, 'Undefined property: Config\\Toolbar::$viewsPath', 'C:\\xampp\\htdocs\\KingsWastelands-store\\system\\Debug\\Toolbar.php', 474)
 2 APPPATH\Config\Events.php(47): CodeIgniter\Debug\Toolbar->respond()
 3 SYSTEMPATH\Events\Events.php(155): CodeIgniter\Events\Events::Config\{closure}()
 4 SYSTEMPATH\CodeIgniter.php(339): CodeIgniter\Events\Events::trigger('pre_system')
 5 SYSTEMPATH\Boot.php(334): CodeIgniter\CodeIgniter->run()
 6 SYSTEMPATH\Boot.php(67): CodeIgniter\Boot::runCodeIgniter(Object(CodeIgniter\CodeIgniter))
 7 FCPATH\index.php(59): CodeIgniter\Boot::bootWeb(Object(Config\Paths))
DEBUG - 2025-06-22 15:00:52 --> Session: Class initialized using 'CodeIgniter\Session\Handlers\FileHandler' driver.
CRITICAL - 2025-06-22 15:00:52 --> ErrorException: Undefined property: Config\Toolbar::$viewsPath
[Method: GET, Route: /]
in SYSTEMPATH\Debug\Toolbar.php on line 474.
 1 SYSTEMPATH\Debug\Toolbar.php(474): CodeIgniter\Debug\Exceptions->errorHandler(2, 'Undefined property: Config\\Toolbar::$viewsPath', 'C:\\xampp\\htdocs\\KingsWastelands-store\\system\\Debug\\Toolbar.php', 474)
 2 APPPATH\Config\Events.php(47): CodeIgniter\Debug\Toolbar->respond()
 3 SYSTEMPATH\Events\Events.php(155): CodeIgniter\Events\Events::Config\{closure}()
 4 SYSTEMPATH\CodeIgniter.php(339): CodeIgniter\Events\Events::trigger('pre_system')
 5 SYSTEMPATH\Boot.php(334): CodeIgniter\CodeIgniter->run()
 6 SYSTEMPATH\Boot.php(67): CodeIgniter\Boot::runCodeIgniter(Object(CodeIgniter\CodeIgniter))
 7 FCPATH\index.php(59): CodeIgniter\Boot::bootWeb(Object(Config\Paths))
DEBUG - 2025-06-22 15:00:56 --> Session: Class initialized using 'CodeIgniter\Session\Handlers\FileHandler' driver.
CRITICAL - 2025-06-22 15:00:56 --> ErrorException: Undefined property: Config\Toolbar::$viewsPath
[Method: GET, Route: /]
in SYSTEMPATH\Debug\Toolbar.php on line 474.
 1 SYSTEMPATH\Debug\Toolbar.php(474): CodeIgniter\Debug\Exceptions->errorHandler(2, 'Undefined property: Config\\Toolbar::$viewsPath', 'C:\\xampp\\htdocs\\KingsWastelands-store\\system\\Debug\\Toolbar.php', 474)
 2 APPPATH\Config\Events.php(47): CodeIgniter\Debug\Toolbar->respond()
 3 SYSTEMPATH\Events\Events.php(155): CodeIgniter\Events\Events::Config\{closure}()
 4 SYSTEMPATH\CodeIgniter.php(339): CodeIgniter\Events\Events::trigger('pre_system')
 5 SYSTEMPATH\Boot.php(334): CodeIgniter\CodeIgniter->run()
 6 SYSTEMPATH\Boot.php(67): CodeIgniter\Boot::runCodeIgniter(Object(CodeIgniter\CodeIgniter))
 7 FCPATH\index.php(59): CodeIgniter\Boot::bootWeb(Object(Config\Paths))
DEBUG - 2025-06-22 15:01:58 --> Session: Class initialized using 'CodeIgniter\Session\Handlers\FileHandler' driver.
CRITICAL - 2025-06-22 15:01:58 --> ErrorException: Undefined property: Config\Toolbar::$viewsPath
[Method: GET, Route: /]
in SYSTEMPATH\Debug\Toolbar.php on line 474.
 1 SYSTEMPATH\Debug\Toolbar.php(474): CodeIgniter\Debug\Exceptions->errorHandler(2, 'Undefined property: Config\\Toolbar::$viewsPath', 'C:\\xampp\\htdocs\\KingsWastelands-store\\system\\Debug\\Toolbar.php', 474)
 2 APPPATH\Config\Events.php(47): CodeIgniter\Debug\Toolbar->respond()
 3 SYSTEMPATH\Events\Events.php(155): CodeIgniter\Events\Events::Config\{closure}()
 4 SYSTEMPATH\CodeIgniter.php(339): CodeIgniter\Events\Events::trigger('pre_system')
 5 SYSTEMPATH\Boot.php(334): CodeIgniter\CodeIgniter->run()
 6 SYSTEMPATH\Boot.php(67): CodeIgniter\Boot::runCodeIgniter(Object(CodeIgniter\CodeIgniter))
 7 FCPATH\index.php(59): CodeIgniter\Boot::bootWeb(Object(Config\Paths))
DEBUG - 2025-06-22 15:08:10 --> Session: Class initialized using 'CodeIgniter\Session\Handlers\FileHandler' driver.
CRITICAL - 2025-06-22 15:08:10 --> ErrorException: Undefined property: Config\Toolbar::$viewsPath
[Method: GET, Route: /]
in SYSTEMPATH\Debug\Toolbar.php on line 474.
 1 SYSTEMPATH\Debug\Toolbar.php(474): CodeIgniter\Debug\Exceptions->errorHandler(2, 'Undefined property: Config\\Toolbar::$viewsPath', 'C:\\xampp\\htdocs\\KingsWastelands-store\\system\\Debug\\Toolbar.php', 474)
 2 APPPATH\Config\Events.php(47): CodeIgniter\Debug\Toolbar->respond()
 3 SYSTEMPATH\Events\Events.php(155): CodeIgniter\Events\Events::Config\{closure}()
 4 SYSTEMPATH\CodeIgniter.php(339): CodeIgniter\Events\Events::trigger('pre_system')
 5 SYSTEMPATH\Boot.php(334): CodeIgniter\CodeIgniter->run()
 6 SYSTEMPATH\Boot.php(67): CodeIgniter\Boot::runCodeIgniter(Object(CodeIgniter\CodeIgniter))
 7 FCPATH\index.php(59): CodeIgniter\Boot::bootWeb(Object(Config\Paths))
DEBUG - 2025-06-22 15:18:05 --> Session: Class initialized using 'CodeIgniter\Session\Handlers\FileHandler' driver.
CRITICAL - 2025-06-22 15:18:05 --> ErrorException: Undefined property: Config\Toolbar::$viewsPath
[Method: GET, Route: /]
in SYSTEMPATH\Debug\Toolbar.php on line 474.
 1 SYSTEMPATH\Debug\Toolbar.php(474): CodeIgniter\Debug\Exceptions->errorHandler(2, 'Undefined property: Config\\Toolbar::$viewsPath', 'C:\\xampp\\htdocs\\KingsWastelands-store\\system\\Debug\\Toolbar.php', 474)
 2 APPPATH\Config\Events.php(47): CodeIgniter\Debug\Toolbar->respond()
 3 SYSTEMPATH\Events\Events.php(155): CodeIgniter\Events\Events::Config\{closure}()
 4 SYSTEMPATH\CodeIgniter.php(339): CodeIgniter\Events\Events::trigger('pre_system')
 5 SYSTEMPATH\Boot.php(334): CodeIgniter\CodeIgniter->run()
 6 SYSTEMPATH\Boot.php(67): CodeIgniter\Boot::runCodeIgniter(Object(CodeIgniter\CodeIgniter))
 7 FCPATH\index.php(59): CodeIgniter\Boot::bootWeb(Object(Config\Paths))
DEBUG - 2025-06-22 15:18:21 --> Session: Class initialized using 'CodeIgniter\Session\Handlers\FileHandler' driver.
DEBUG - 2025-06-22 15:18:22 --> Session: Class initialized using 'CodeIgniter\Session\Handlers\FileHandler' driver.
DEBUG - 2025-06-22 15:18:23 --> Session: Class initialized using 'CodeIgniter\Session\Handlers\FileHandler' driver.
DEBUG - 2025-06-22 15:18:23 --> Session: Class initialized using 'CodeIgniter\Session\Handlers\FileHandler' driver.
DEBUG - 2025-06-22 15:19:03 --> Session: Class initialized using 'CodeIgniter\Session\Handlers\FileHandler' driver.
CRITICAL - 2025-06-22 15:19:03 --> ErrorException: Undefined property: Config\Toolbar::$viewsPath
[Method: GET, Route: /]
in SYSTEMPATH\Debug\Toolbar.php on line 474.
 1 SYSTEMPATH\Debug\Toolbar.php(474): CodeIgniter\Debug\Exceptions->errorHandler(2, 'Undefined property: Config\\Toolbar::$viewsPath', 'C:\\xampp\\htdocs\\KingsWastelands-store\\system\\Debug\\Toolbar.php', 474)
 2 APPPATH\Config\Events.php(47): CodeIgniter\Debug\Toolbar->respond()
 3 SYSTEMPATH\Events\Events.php(155): CodeIgniter\Events\Events::Config\{closure}()
 4 SYSTEMPATH\CodeIgniter.php(339): CodeIgniter\Events\Events::trigger('pre_system')
 5 SYSTEMPATH\Boot.php(334): CodeIgniter\CodeIgniter->run()
 6 SYSTEMPATH\Boot.php(67): CodeIgniter\Boot::runCodeIgniter(Object(CodeIgniter\CodeIgniter))
 7 FCPATH\index.php(59): CodeIgniter\Boot::bootWeb(Object(Config\Paths))
DEBUG - 2025-06-22 15:22:03 --> Session: Class initialized using 'CodeIgniter\Session\Handlers\FileHandler' driver.
CRITICAL - 2025-06-22 15:22:03 --> ErrorException: Undefined property: Config\Toolbar::$viewsPath
[Method: GET, Route: /]
in SYSTEMPATH\Debug\Toolbar.php on line 474.
 1 SYSTEMPATH\Debug\Toolbar.php(474): CodeIgniter\Debug\Exceptions->errorHandler(2, 'Undefined property: Config\\Toolbar::$viewsPath', 'C:\\xampp\\htdocs\\KingsWastelands-store\\system\\Debug\\Toolbar.php', 474)
 2 APPPATH\Config\Events.php(47): CodeIgniter\Debug\Toolbar->respond()
 3 SYSTEMPATH\Events\Events.php(155): CodeIgniter\Events\Events::Config\{closure}()
 4 SYSTEMPATH\CodeIgniter.php(339): CodeIgniter\Events\Events::trigger('pre_system')
 5 SYSTEMPATH\Boot.php(334): CodeIgniter\CodeIgniter->run()
 6 SYSTEMPATH\Boot.php(67): CodeIgniter\Boot::runCodeIgniter(Object(CodeIgniter\CodeIgniter))
 7 FCPATH\index.php(59): CodeIgniter\Boot::bootWeb(Object(Config\Paths))
DEBUG - 2025-06-22 15:23:21 --> Session: Class initialized using 'CodeIgniter\Session\Handlers\FileHandler' driver.
CRITICAL - 2025-06-22 15:23:21 --> ErrorException: Undefined property: Config\Toolbar::$viewsPath
[Method: GET, Route: /]
in SYSTEMPATH\Debug\Toolbar.php on line 474.
 1 SYSTEMPATH\Debug\Toolbar.php(474): CodeIgniter\Debug\Exceptions->errorHandler(2, 'Undefined property: Config\\Toolbar::$viewsPath', 'C:\\xampp\\htdocs\\KingsWastelands-store\\system\\Debug\\Toolbar.php', 474)
 2 APPPATH\Config\Events.php(47): CodeIgniter\Debug\Toolbar->respond()
 3 SYSTEMPATH\Events\Events.php(155): CodeIgniter\Events\Events::Config\{closure}()
 4 SYSTEMPATH\CodeIgniter.php(339): CodeIgniter\Events\Events::trigger('pre_system')
 5 SYSTEMPATH\Boot.php(334): CodeIgniter\CodeIgniter->run()
 6 SYSTEMPATH\Boot.php(67): CodeIgniter\Boot::runCodeIgniter(Object(CodeIgniter\CodeIgniter))
 7 FCPATH\index.php(59): CodeIgniter\Boot::bootWeb(Object(Config\Paths))
DEBUG - 2025-06-22 15:23:45 --> Session: Class initialized using 'CodeIgniter\Session\Handlers\FileHandler' driver.
CRITICAL - 2025-06-22 15:23:45 --> ErrorException: Undefined property: Config\Toolbar::$viewsPath
[Method: GET, Route: /]
in SYSTEMPATH\Debug\Toolbar.php on line 474.
 1 SYSTEMPATH\Debug\Toolbar.php(474): CodeIgniter\Debug\Exceptions->errorHandler(2, 'Undefined property: Config\\Toolbar::$viewsPath', 'C:\\xampp\\htdocs\\KingsWastelands-store\\system\\Debug\\Toolbar.php', 474)
 2 APPPATH\Config\Events.php(47): CodeIgniter\Debug\Toolbar->respond()
 3 SYSTEMPATH\Events\Events.php(155): CodeIgniter\Events\Events::Config\{closure}()
 4 SYSTEMPATH\CodeIgniter.php(339): CodeIgniter\Events\Events::trigger('pre_system')
 5 SYSTEMPATH\Boot.php(334): CodeIgniter\CodeIgniter->run()
 6 SYSTEMPATH\Boot.php(67): CodeIgniter\Boot::runCodeIgniter(Object(CodeIgniter\CodeIgniter))
 7 FCPATH\index.php(59): CodeIgniter\Boot::bootWeb(Object(Config\Paths))
DEBUG - 2025-06-22 15:26:59 --> Session: Class initialized using 'CodeIgniter\Session\Handlers\FileHandler' driver.
CRITICAL - 2025-06-22 15:26:59 --> ErrorException: Undefined property: Config\Toolbar::$viewsPath
[Method: GET, Route: /]
in SYSTEMPATH\Debug\Toolbar.php on line 474.
 1 SYSTEMPATH\Debug\Toolbar.php(474): CodeIgniter\Debug\Exceptions->errorHandler(2, 'Undefined property: Config\\Toolbar::$viewsPath', 'C:\\xampp\\htdocs\\KingsWastelands-store\\system\\Debug\\Toolbar.php', 474)
 2 APPPATH\Config\Events.php(47): CodeIgniter\Debug\Toolbar->respond()
 3 SYSTEMPATH\Events\Events.php(155): CodeIgniter\Events\Events::Config\{closure}()
 4 SYSTEMPATH\CodeIgniter.php(339): CodeIgniter\Events\Events::trigger('pre_system')
 5 SYSTEMPATH\Boot.php(334): CodeIgniter\CodeIgniter->run()
 6 SYSTEMPATH\Boot.php(67): CodeIgniter\Boot::runCodeIgniter(Object(CodeIgniter\CodeIgniter))
 7 FCPATH\index.php(59): CodeIgniter\Boot::bootWeb(Object(Config\Paths))
DEBUG - 2025-06-22 15:27:13 --> Session: Class initialized using 'CodeIgniter\Session\Handlers\FileHandler' driver.
CRITICAL - 2025-06-22 15:27:13 --> ErrorException: Undefined property: Config\Toolbar::$viewsPath
[Method: GET, Route: /]
in SYSTEMPATH\Debug\Toolbar.php on line 474.
 1 SYSTEMPATH\Debug\Toolbar.php(474): CodeIgniter\Debug\Exceptions->errorHandler(2, 'Undefined property: Config\\Toolbar::$viewsPath', 'C:\\xampp\\htdocs\\KingsWastelands-store\\system\\Debug\\Toolbar.php', 474)
 2 APPPATH\Config\Events.php(47): CodeIgniter\Debug\Toolbar->respond()
 3 SYSTEMPATH\Events\Events.php(155): CodeIgniter\Events\Events::Config\{closure}()
 4 SYSTEMPATH\CodeIgniter.php(339): CodeIgniter\Events\Events::trigger('pre_system')
 5 SYSTEMPATH\Boot.php(334): CodeIgniter\CodeIgniter->run()
 6 SYSTEMPATH\Boot.php(67): CodeIgniter\Boot::runCodeIgniter(Object(CodeIgniter\CodeIgniter))
 7 FCPATH\index.php(59): CodeIgniter\Boot::bootWeb(Object(Config\Paths))
DEBUG - 2025-06-22 15:33:37 --> Session: Class initialized using 'CodeIgniter\Session\Handlers\FileHandler' driver.
CRITICAL - 2025-06-22 15:33:37 --> ErrorException: Undefined property: Config\Toolbar::$viewsPath
[Method: GET, Route: /]
in SYSTEMPATH\Debug\Toolbar.php on line 474.
 1 SYSTEMPATH\Debug\Toolbar.php(474): CodeIgniter\Debug\Exceptions->errorHandler(2, 'Undefined property: Config\\Toolbar::$viewsPath', 'C:\\xampp\\htdocs\\KingsWastelands-store\\system\\Debug\\Toolbar.php', 474)
 2 APPPATH\Config\Events.php(47): CodeIgniter\Debug\Toolbar->respond()
 3 SYSTEMPATH\Events\Events.php(155): CodeIgniter\Events\Events::Config\{closure}()
 4 SYSTEMPATH\CodeIgniter.php(339): CodeIgniter\Events\Events::trigger('pre_system')
 5 SYSTEMPATH\Boot.php(334): CodeIgniter\CodeIgniter->run()
 6 SYSTEMPATH\Boot.php(67): CodeIgniter\Boot::runCodeIgniter(Object(CodeIgniter\CodeIgniter))
 7 FCPATH\index.php(59): CodeIgniter\Boot::bootWeb(Object(Config\Paths))
DEBUG - 2025-06-22 15:34:12 --> Session: Class initialized using 'CodeIgniter\Session\Handlers\FileHandler' driver.
DEBUG - 2025-06-22 15:34:13 --> Session: Class initialized using 'CodeIgniter\Session\Handlers\FileHandler' driver.
DEBUG - 2025-06-22 15:34:15 --> Session: Class initialized using 'CodeIgniter\Session\Handlers\FileHandler' driver.
DEBUG - 2025-06-22 15:40:06 --> Session: Class initialized using 'CodeIgniter\Session\Handlers\FileHandler' driver.
CRITICAL - 2025-06-22 15:40:06 --> ErrorException: Undefined property: Config\Toolbar::$viewsPath
[Method: GET, Route: /]
in SYSTEMPATH\Debug\Toolbar.php on line 474.
 1 SYSTEMPATH\Debug\Toolbar.php(474): CodeIgniter\Debug\Exceptions->errorHandler(2, 'Undefined property: Config\\Toolbar::$viewsPath', 'C:\\xampp\\htdocs\\KingsWastelands-store\\system\\Debug\\Toolbar.php', 474)
 2 APPPATH\Config\Events.php(47): CodeIgniter\Debug\Toolbar->respond()
 3 SYSTEMPATH\Events\Events.php(155): CodeIgniter\Events\Events::Config\{closure}()
 4 SYSTEMPATH\CodeIgniter.php(339): CodeIgniter\Events\Events::trigger('pre_system')
 5 SYSTEMPATH\Boot.php(334): CodeIgniter\CodeIgniter->run()
 6 SYSTEMPATH\Boot.php(67): CodeIgniter\Boot::runCodeIgniter(Object(CodeIgniter\CodeIgniter))
 7 FCPATH\index.php(59): CodeIgniter\Boot::bootWeb(Object(Config\Paths))
