CRITICAL - 2025-05-28 05:59:03 --> ErrorException: Undefined variable $gamesPage
[Method: GET, Route: perfil]
in APPPATH\Views\content\partials\gestion-juegos.php on line 19.
 1 APPPATH\Views\content\partials\gestion-juegos.php(19): CodeIgniter\Debug\Exceptions->errorHandler(2, 'Undefined variable $gamesPage', 'C:\\xampp\\htdocs\\KingsWastelands-store\\app\\Views\\content\\partials\\gestion-juegos.php', 19)
 2 SYSTEMPATH\View\View.php(224): include('C:\\xampp\\htdocs\\KingsWastelands-store\\app\\Views\\content\\partials\\gestion-juegos.php')
 3 SYSTEMPATH\View\View.php(227): CodeIgniter\View\View->CodeIgniter\View\{closure}()
 4 SYSTEMPATH\Common.php(1173): CodeIgniter\View\View->render('content/partials/gestion-juegos', [], true)
 5 APPPATH\Views\content\perfil.php(58): view('content/partials/gestion-juegos', [...])
 6 SYSTEMPATH\View\View.php(224): include('C:\\xampp\\htdocs\\KingsWastelands-store\\app\\Views\\content\\perfil.php')
 7 SYSTEMPATH\View\View.php(227): CodeIgniter\View\View->CodeIgniter\View\{closure}()
 8 SYSTEMPATH\Common.php(1173): CodeIgniter\View\View->render('../Views/content/perfil', [], true)
 9 APPPATH\Controllers\Admin.php(140): view('../Views/content/perfil')
10 SYSTEMPATH\CodeIgniter.php(933): App\Controllers\Admin->admin()
11 SYSTEMPATH\CodeIgniter.php(507): CodeIgniter\CodeIgniter->runController(Object(App\Controllers\Admin))
12 SYSTEMPATH\CodeIgniter.php(354): CodeIgniter\CodeIgniter->handleRequest(null, Object(Config\Cache), false)
13 SYSTEMPATH\Boot.php(334): CodeIgniter\CodeIgniter->run()
14 SYSTEMPATH\Boot.php(67): CodeIgniter\Boot::runCodeIgniter(Object(CodeIgniter\CodeIgniter))
15 FCPATH\index.php(58): CodeIgniter\Boot::bootWeb(Object(Config\Paths))
CRITICAL - 2025-05-28 06:00:34 --> ErrorException: Undefined variable $currentGamesPage
[Method: GET, Route: perfil]
in APPPATH\Views\content\partials\gestion-juegos.php on line 19.
 1 APPPATH\Views\content\partials\gestion-juegos.php(19): CodeIgniter\Debug\Exceptions->errorHandler(2, 'Undefined variable $currentGamesPage', 'C:\\xampp\\htdocs\\KingsWastelands-store\\app\\Views\\content\\partials\\gestion-juegos.php', 19)
 2 SYSTEMPATH\View\View.php(224): include('C:\\xampp\\htdocs\\KingsWastelands-store\\app\\Views\\content\\partials\\gestion-juegos.php')
 3 SYSTEMPATH\View\View.php(227): CodeIgniter\View\View->CodeIgniter\View\{closure}()
 4 SYSTEMPATH\Common.php(1173): CodeIgniter\View\View->render('content/partials/gestion-juegos', [], true)
 5 APPPATH\Views\content\perfil.php(58): view('content/partials/gestion-juegos', [...])
 6 SYSTEMPATH\View\View.php(224): include('C:\\xampp\\htdocs\\KingsWastelands-store\\app\\Views\\content\\perfil.php')
 7 SYSTEMPATH\View\View.php(227): CodeIgniter\View\View->CodeIgniter\View\{closure}()
 8 SYSTEMPATH\Common.php(1173): CodeIgniter\View\View->render('../Views/content/perfil', [], true)
 9 APPPATH\Controllers\Admin.php(140): view('../Views/content/perfil')
10 SYSTEMPATH\CodeIgniter.php(933): App\Controllers\Admin->admin()
11 SYSTEMPATH\CodeIgniter.php(507): CodeIgniter\CodeIgniter->runController(Object(App\Controllers\Admin))
12 SYSTEMPATH\CodeIgniter.php(354): CodeIgniter\CodeIgniter->handleRequest(null, Object(Config\Cache), false)
13 SYSTEMPATH\Boot.php(334): CodeIgniter\CodeIgniter->run()
14 SYSTEMPATH\Boot.php(67): CodeIgniter\Boot::runCodeIgniter(Object(CodeIgniter\CodeIgniter))
15 FCPATH\index.php(58): CodeIgniter\Boot::bootWeb(Object(Config\Paths))
CRITICAL - 2025-05-28 06:00:38 --> ErrorException: Undefined variable $currentGamesPage
[Method: GET, Route: perfil]
in APPPATH\Views\content\partials\gestion-juegos.php on line 19.
 1 APPPATH\Views\content\partials\gestion-juegos.php(19): CodeIgniter\Debug\Exceptions->errorHandler(2, 'Undefined variable $currentGamesPage', 'C:\\xampp\\htdocs\\KingsWastelands-store\\app\\Views\\content\\partials\\gestion-juegos.php', 19)
 2 SYSTEMPATH\View\View.php(224): include('C:\\xampp\\htdocs\\KingsWastelands-store\\app\\Views\\content\\partials\\gestion-juegos.php')
 3 SYSTEMPATH\View\View.php(227): CodeIgniter\View\View->CodeIgniter\View\{closure}()
 4 SYSTEMPATH\Common.php(1173): CodeIgniter\View\View->render('content/partials/gestion-juegos', [], true)
 5 APPPATH\Views\content\perfil.php(58): view('content/partials/gestion-juegos', [...])
 6 SYSTEMPATH\View\View.php(224): include('C:\\xampp\\htdocs\\KingsWastelands-store\\app\\Views\\content\\perfil.php')
 7 SYSTEMPATH\View\View.php(227): CodeIgniter\View\View->CodeIgniter\View\{closure}()
 8 SYSTEMPATH\Common.php(1173): CodeIgniter\View\View->render('../Views/content/perfil', [], true)
 9 APPPATH\Controllers\Admin.php(140): view('../Views/content/perfil')
10 SYSTEMPATH\CodeIgniter.php(933): App\Controllers\Admin->admin()
11 SYSTEMPATH\CodeIgniter.php(507): CodeIgniter\CodeIgniter->runController(Object(App\Controllers\Admin))
12 SYSTEMPATH\CodeIgniter.php(354): CodeIgniter\CodeIgniter->handleRequest(null, Object(Config\Cache), false)
13 SYSTEMPATH\Boot.php(334): CodeIgniter\CodeIgniter->run()
14 SYSTEMPATH\Boot.php(67): CodeIgniter\Boot::runCodeIgniter(Object(CodeIgniter\CodeIgniter))
15 FCPATH\index.php(58): CodeIgniter\Boot::bootWeb(Object(Config\Paths))
CRITICAL - 2025-05-28 06:02:39 --> ErrorException: Undefined variable $gamesTotalPages
[Method: GET, Route: perfil]
in APPPATH\Views\content\partials\gestion-juegos.php on line 20.
 1 APPPATH\Views\content\partials\gestion-juegos.php(20): CodeIgniter\Debug\Exceptions->errorHandler(2, 'Undefined variable $gamesTotalPages', 'C:\\xampp\\htdocs\\KingsWastelands-store\\app\\Views\\content\\partials\\gestion-juegos.php', 20)
 2 SYSTEMPATH\View\View.php(224): include('C:\\xampp\\htdocs\\KingsWastelands-store\\app\\Views\\content\\partials\\gestion-juegos.php')
 3 SYSTEMPATH\View\View.php(227): CodeIgniter\View\View->CodeIgniter\View\{closure}()
 4 SYSTEMPATH\Common.php(1173): CodeIgniter\View\View->render('content/partials/gestion-juegos', [], true)
 5 APPPATH\Views\content\perfil.php(58): view('content/partials/gestion-juegos', [...])
 6 SYSTEMPATH\View\View.php(224): include('C:\\xampp\\htdocs\\KingsWastelands-store\\app\\Views\\content\\perfil.php')
 7 SYSTEMPATH\View\View.php(227): CodeIgniter\View\View->CodeIgniter\View\{closure}()
 8 SYSTEMPATH\Common.php(1173): CodeIgniter\View\View->render('../Views/content/perfil', [], true)
 9 APPPATH\Controllers\Admin.php(140): view('../Views/content/perfil')
10 SYSTEMPATH\CodeIgniter.php(933): App\Controllers\Admin->admin()
11 SYSTEMPATH\CodeIgniter.php(507): CodeIgniter\CodeIgniter->runController(Object(App\Controllers\Admin))
12 SYSTEMPATH\CodeIgniter.php(354): CodeIgniter\CodeIgniter->handleRequest(null, Object(Config\Cache), false)
13 SYSTEMPATH\Boot.php(334): CodeIgniter\CodeIgniter->run()
14 SYSTEMPATH\Boot.php(67): CodeIgniter\Boot::runCodeIgniter(Object(CodeIgniter\CodeIgniter))
15 FCPATH\index.php(58): CodeIgniter\Boot::bootWeb(Object(Config\Paths))
CRITICAL - 2025-05-28 06:04:24 --> ErrorException: Undefined variable $currentPage
[Method: GET, Route: perfil/admin-juegos]
in APPPATH\Views\content\partials\gestion-juegos.php on line 294.
 1 APPPATH\Views\content\partials\gestion-juegos.php(294): CodeIgniter\Debug\Exceptions->errorHandler(2, 'Undefined variable $currentPage', 'C:\\xampp\\htdocs\\KingsWastelands-store\\app\\Views\\content\\partials\\gestion-juegos.php', 294)
 2 SYSTEMPATH\View\View.php(224): include('C:\\xampp\\htdocs\\KingsWastelands-store\\app\\Views\\content\\partials\\gestion-juegos.php')
 3 SYSTEMPATH\View\View.php(227): CodeIgniter\View\View->CodeIgniter\View\{closure}()
 4 SYSTEMPATH\Common.php(1173): CodeIgniter\View\View->render('content/partials/gestion-juegos', [], true)
 5 APPPATH\Controllers\Admin.php(177): view('content/partials/gestion-juegos', [...])
 6 SYSTEMPATH\CodeIgniter.php(933): App\Controllers\Admin->admin_juegos()
 7 SYSTEMPATH\CodeIgniter.php(507): CodeIgniter\CodeIgniter->runController(Object(App\Controllers\Admin))
 8 SYSTEMPATH\CodeIgniter.php(354): CodeIgniter\CodeIgniter->handleRequest(null, Object(Config\Cache), false)
 9 SYSTEMPATH\Boot.php(334): CodeIgniter\CodeIgniter->run()
10 SYSTEMPATH\Boot.php(67): CodeIgniter\Boot::runCodeIgniter(Object(CodeIgniter\CodeIgniter))
11 FCPATH\index.php(58): CodeIgniter\Boot::bootWeb(Object(Config\Paths))
CRITICAL - 2025-05-28 06:04:25 --> ErrorException: Undefined variable $currentPage
[Method: GET, Route: perfil/admin-juegos]
in APPPATH\Views\content\partials\gestion-juegos.php on line 294.
 1 APPPATH\Views\content\partials\gestion-juegos.php(294): CodeIgniter\Debug\Exceptions->errorHandler(2, 'Undefined variable $currentPage', 'C:\\xampp\\htdocs\\KingsWastelands-store\\app\\Views\\content\\partials\\gestion-juegos.php', 294)
 2 SYSTEMPATH\View\View.php(224): include('C:\\xampp\\htdocs\\KingsWastelands-store\\app\\Views\\content\\partials\\gestion-juegos.php')
 3 SYSTEMPATH\View\View.php(227): CodeIgniter\View\View->CodeIgniter\View\{closure}()
 4 SYSTEMPATH\Common.php(1173): CodeIgniter\View\View->render('content/partials/gestion-juegos', [], true)
 5 APPPATH\Controllers\Admin.php(177): view('content/partials/gestion-juegos', [...])
 6 SYSTEMPATH\CodeIgniter.php(933): App\Controllers\Admin->admin_juegos()
 7 SYSTEMPATH\CodeIgniter.php(507): CodeIgniter\CodeIgniter->runController(Object(App\Controllers\Admin))
 8 SYSTEMPATH\CodeIgniter.php(354): CodeIgniter\CodeIgniter->handleRequest(null, Object(Config\Cache), false)
 9 SYSTEMPATH\Boot.php(334): CodeIgniter\CodeIgniter->run()
10 SYSTEMPATH\Boot.php(67): CodeIgniter\Boot::runCodeIgniter(Object(CodeIgniter\CodeIgniter))
11 FCPATH\index.php(58): CodeIgniter\Boot::bootWeb(Object(Config\Paths))
CRITICAL - 2025-05-28 06:04:26 --> ErrorException: Undefined variable $currentPage
[Method: GET, Route: perfil/admin-juegos]
in APPPATH\Views\content\partials\gestion-juegos.php on line 294.
 1 APPPATH\Views\content\partials\gestion-juegos.php(294): CodeIgniter\Debug\Exceptions->errorHandler(2, 'Undefined variable $currentPage', 'C:\\xampp\\htdocs\\KingsWastelands-store\\app\\Views\\content\\partials\\gestion-juegos.php', 294)
 2 SYSTEMPATH\View\View.php(224): include('C:\\xampp\\htdocs\\KingsWastelands-store\\app\\Views\\content\\partials\\gestion-juegos.php')
 3 SYSTEMPATH\View\View.php(227): CodeIgniter\View\View->CodeIgniter\View\{closure}()
 4 SYSTEMPATH\Common.php(1173): CodeIgniter\View\View->render('content/partials/gestion-juegos', [], true)
 5 APPPATH\Controllers\Admin.php(177): view('content/partials/gestion-juegos', [...])
 6 SYSTEMPATH\CodeIgniter.php(933): App\Controllers\Admin->admin_juegos()
 7 SYSTEMPATH\CodeIgniter.php(507): CodeIgniter\CodeIgniter->runController(Object(App\Controllers\Admin))
 8 SYSTEMPATH\CodeIgniter.php(354): CodeIgniter\CodeIgniter->handleRequest(null, Object(Config\Cache), false)
 9 SYSTEMPATH\Boot.php(334): CodeIgniter\CodeIgniter->run()
10 SYSTEMPATH\Boot.php(67): CodeIgniter\Boot::runCodeIgniter(Object(CodeIgniter\CodeIgniter))
11 FCPATH\index.php(58): CodeIgniter\Boot::bootWeb(Object(Config\Paths))
CRITICAL - 2025-05-28 06:04:29 --> ErrorException: Undefined variable $currentPage
[Method: GET, Route: perfil/admin-juegos]
in APPPATH\Views\content\partials\gestion-juegos.php on line 294.
 1 APPPATH\Views\content\partials\gestion-juegos.php(294): CodeIgniter\Debug\Exceptions->errorHandler(2, 'Undefined variable $currentPage', 'C:\\xampp\\htdocs\\KingsWastelands-store\\app\\Views\\content\\partials\\gestion-juegos.php', 294)
 2 SYSTEMPATH\View\View.php(224): include('C:\\xampp\\htdocs\\KingsWastelands-store\\app\\Views\\content\\partials\\gestion-juegos.php')
 3 SYSTEMPATH\View\View.php(227): CodeIgniter\View\View->CodeIgniter\View\{closure}()
 4 SYSTEMPATH\Common.php(1173): CodeIgniter\View\View->render('content/partials/gestion-juegos', [], true)
 5 APPPATH\Controllers\Admin.php(177): view('content/partials/gestion-juegos', [...])
 6 SYSTEMPATH\CodeIgniter.php(933): App\Controllers\Admin->admin_juegos()
 7 SYSTEMPATH\CodeIgniter.php(507): CodeIgniter\CodeIgniter->runController(Object(App\Controllers\Admin))
 8 SYSTEMPATH\CodeIgniter.php(354): CodeIgniter\CodeIgniter->handleRequest(null, Object(Config\Cache), false)
 9 SYSTEMPATH\Boot.php(334): CodeIgniter\CodeIgniter->run()
10 SYSTEMPATH\Boot.php(67): CodeIgniter\Boot::runCodeIgniter(Object(CodeIgniter\CodeIgniter))
11 FCPATH\index.php(58): CodeIgniter\Boot::bootWeb(Object(Config\Paths))
CRITICAL - 2025-05-28 06:04:29 --> ErrorException: Undefined variable $currentPage
[Method: GET, Route: perfil/admin-juegos]
in APPPATH\Views\content\partials\gestion-juegos.php on line 294.
 1 APPPATH\Views\content\partials\gestion-juegos.php(294): CodeIgniter\Debug\Exceptions->errorHandler(2, 'Undefined variable $currentPage', 'C:\\xampp\\htdocs\\KingsWastelands-store\\app\\Views\\content\\partials\\gestion-juegos.php', 294)
 2 SYSTEMPATH\View\View.php(224): include('C:\\xampp\\htdocs\\KingsWastelands-store\\app\\Views\\content\\partials\\gestion-juegos.php')
 3 SYSTEMPATH\View\View.php(227): CodeIgniter\View\View->CodeIgniter\View\{closure}()
 4 SYSTEMPATH\Common.php(1173): CodeIgniter\View\View->render('content/partials/gestion-juegos', [], true)
 5 APPPATH\Controllers\Admin.php(177): view('content/partials/gestion-juegos', [...])
 6 SYSTEMPATH\CodeIgniter.php(933): App\Controllers\Admin->admin_juegos()
 7 SYSTEMPATH\CodeIgniter.php(507): CodeIgniter\CodeIgniter->runController(Object(App\Controllers\Admin))
 8 SYSTEMPATH\CodeIgniter.php(354): CodeIgniter\CodeIgniter->handleRequest(null, Object(Config\Cache), false)
 9 SYSTEMPATH\Boot.php(334): CodeIgniter\CodeIgniter->run()
10 SYSTEMPATH\Boot.php(67): CodeIgniter\Boot::runCodeIgniter(Object(CodeIgniter\CodeIgniter))
11 FCPATH\index.php(58): CodeIgniter\Boot::bootWeb(Object(Config\Paths))
CRITICAL - 2025-05-28 06:04:30 --> ErrorException: Undefined variable $currentPage
[Method: GET, Route: perfil/admin-juegos]
in APPPATH\Views\content\partials\gestion-juegos.php on line 294.
 1 APPPATH\Views\content\partials\gestion-juegos.php(294): CodeIgniter\Debug\Exceptions->errorHandler(2, 'Undefined variable $currentPage', 'C:\\xampp\\htdocs\\KingsWastelands-store\\app\\Views\\content\\partials\\gestion-juegos.php', 294)
 2 SYSTEMPATH\View\View.php(224): include('C:\\xampp\\htdocs\\KingsWastelands-store\\app\\Views\\content\\partials\\gestion-juegos.php')
 3 SYSTEMPATH\View\View.php(227): CodeIgniter\View\View->CodeIgniter\View\{closure}()
 4 SYSTEMPATH\Common.php(1173): CodeIgniter\View\View->render('content/partials/gestion-juegos', [], true)
 5 APPPATH\Controllers\Admin.php(177): view('content/partials/gestion-juegos', [...])
 6 SYSTEMPATH\CodeIgniter.php(933): App\Controllers\Admin->admin_juegos()
 7 SYSTEMPATH\CodeIgniter.php(507): CodeIgniter\CodeIgniter->runController(Object(App\Controllers\Admin))
 8 SYSTEMPATH\CodeIgniter.php(354): CodeIgniter\CodeIgniter->handleRequest(null, Object(Config\Cache), false)
 9 SYSTEMPATH\Boot.php(334): CodeIgniter\CodeIgniter->run()
10 SYSTEMPATH\Boot.php(67): CodeIgniter\Boot::runCodeIgniter(Object(CodeIgniter\CodeIgniter))
11 FCPATH\index.php(58): CodeIgniter\Boot::bootWeb(Object(Config\Paths))
CRITICAL - 2025-05-28 20:14:52 --> Error: Object of type CodeIgniter\Session\Session is not callable
[Method: POST, Route: logout]
in APPPATH\Controllers\Usuario.php on line 155.
 1 SYSTEMPATH\CodeIgniter.php(933): App\Controllers\Usuario->logout()
 2 SYSTEMPATH\CodeIgniter.php(507): CodeIgniter\CodeIgniter->runController(Object(App\Controllers\Usuario))
 3 SYSTEMPATH\CodeIgniter.php(354): CodeIgniter\CodeIgniter->handleRequest(null, Object(Config\Cache), false)
 4 SYSTEMPATH\Boot.php(334): CodeIgniter\CodeIgniter->run()
 5 SYSTEMPATH\Boot.php(67): CodeIgniter\Boot::runCodeIgniter(Object(CodeIgniter\CodeIgniter))
 6 FCPATH\index.php(58): CodeIgniter\Boot::bootWeb(Object(Config\Paths))
CRITICAL - 2025-05-28 20:16:13 --> ErrorException: Trying to access array offset on value of type null
[Method: POST, Route: procesar_login]
in APPPATH\Controllers\Usuario.php on line 119.
 1 APPPATH\Controllers\Usuario.php(119): CodeIgniter\Debug\Exceptions->errorHandler(2, 'Trying to access array offset on value of type null', 'C:\\xampp\\htdocs\\KingsWastelands-store\\app\\Controllers\\Usuario.php', 119)
 2 SYSTEMPATH\CodeIgniter.php(933): App\Controllers\Usuario->procesar_login()
 3 SYSTEMPATH\CodeIgniter.php(507): CodeIgniter\CodeIgniter->runController(Object(App\Controllers\Usuario))
 4 SYSTEMPATH\CodeIgniter.php(354): CodeIgniter\CodeIgniter->handleRequest(null, Object(Config\Cache), false)
 5 SYSTEMPATH\Boot.php(334): CodeIgniter\CodeIgniter->run()
 6 SYSTEMPATH\Boot.php(67): CodeIgniter\Boot::runCodeIgniter(Object(CodeIgniter\CodeIgniter))
 7 FCPATH\index.php(58): CodeIgniter\Boot::bootWeb(Object(Config\Paths))
CRITICAL - 2025-05-28 22:52:14 --> ErrorException: Undefined variable $currentUserPage
[Method: GET, Route: perfil/admin-juegos]
in APPPATH\Views\content\partials\gestion-usuarios.php on line 16.
 1 APPPATH\Views\content\partials\gestion-usuarios.php(16): CodeIgniter\Debug\Exceptions->errorHandler(2, 'Undefined variable $currentUserPage', 'C:\\xampp\\htdocs\\KingsWastelands-store\\app\\Views\\content\\partials\\gestion-usuarios.php', 16)
 2 SYSTEMPATH\View\View.php(224): include('C:\\xampp\\htdocs\\KingsWastelands-store\\app\\Views\\content\\partials\\gestion-usuarios.php')
 3 SYSTEMPATH\View\View.php(227): CodeIgniter\View\View->CodeIgniter\View\{closure}()
 4 SYSTEMPATH\Common.php(1173): CodeIgniter\View\View->render('content/partials/gestion-usuarios', [], true)
 5 APPPATH\Views\content\perfil.php(47): view('content/partials/gestion-usuarios', [...])
 6 SYSTEMPATH\View\View.php(224): include('C:\\xampp\\htdocs\\KingsWastelands-store\\app\\Views\\content\\perfil.php')
 7 SYSTEMPATH\View\View.php(227): CodeIgniter\View\View->CodeIgniter\View\{closure}()
 8 SYSTEMPATH\Common.php(1173): CodeIgniter\View\View->render('content/perfil', [], true)
 9 APPPATH\Controllers\Admin.php(195): view('content/perfil', [...])
10 SYSTEMPATH\CodeIgniter.php(933): App\Controllers\Admin->admin_juegos()
11 SYSTEMPATH\CodeIgniter.php(507): CodeIgniter\CodeIgniter->runController(Object(App\Controllers\Admin))
12 SYSTEMPATH\CodeIgniter.php(354): CodeIgniter\CodeIgniter->handleRequest(null, Object(Config\Cache), false)
13 SYSTEMPATH\Boot.php(334): CodeIgniter\CodeIgniter->run()
14 SYSTEMPATH\Boot.php(67): CodeIgniter\Boot::runCodeIgniter(Object(CodeIgniter\CodeIgniter))
15 FCPATH\index.php(58): CodeIgniter\Boot::bootWeb(Object(Config\Paths))
CRITICAL - 2025-05-28 22:55:30 --> ErrorException: Undefined variable $currentUserPage
[Method: GET, Route: perfil/admin-juegos]
in APPPATH\Views\content\partials\gestion-usuarios.php on line 16.
 1 APPPATH\Views\content\partials\gestion-usuarios.php(16): CodeIgniter\Debug\Exceptions->errorHandler(2, 'Undefined variable $currentUserPage', 'C:\\xampp\\htdocs\\KingsWastelands-store\\app\\Views\\content\\partials\\gestion-usuarios.php', 16)
 2 SYSTEMPATH\View\View.php(224): include('C:\\xampp\\htdocs\\KingsWastelands-store\\app\\Views\\content\\partials\\gestion-usuarios.php')
 3 SYSTEMPATH\View\View.php(227): CodeIgniter\View\View->CodeIgniter\View\{closure}()
 4 SYSTEMPATH\Common.php(1173): CodeIgniter\View\View->render('content/partials/gestion-usuarios', [], true)
 5 APPPATH\Views\content\perfil.php(47): view('content/partials/gestion-usuarios', [...])
 6 SYSTEMPATH\View\View.php(224): include('C:\\xampp\\htdocs\\KingsWastelands-store\\app\\Views\\content\\perfil.php')
 7 SYSTEMPATH\View\View.php(227): CodeIgniter\View\View->CodeIgniter\View\{closure}()
 8 SYSTEMPATH\Common.php(1173): CodeIgniter\View\View->render('content/perfil', [], true)
 9 APPPATH\Controllers\Admin.php(195): view('content/perfil', [...])
10 SYSTEMPATH\CodeIgniter.php(933): App\Controllers\Admin->admin_juegos()
11 SYSTEMPATH\CodeIgniter.php(507): CodeIgniter\CodeIgniter->runController(Object(App\Controllers\Admin))
12 SYSTEMPATH\CodeIgniter.php(354): CodeIgniter\CodeIgniter->handleRequest(null, Object(Config\Cache), false)
13 SYSTEMPATH\Boot.php(334): CodeIgniter\CodeIgniter->run()
14 SYSTEMPATH\Boot.php(67): CodeIgniter\Boot::runCodeIgniter(Object(CodeIgniter\CodeIgniter))
15 FCPATH\index.php(58): CodeIgniter\Boot::bootWeb(Object(Config\Paths))
CRITICAL - 2025-05-28 23:07:35 --> ErrorException: Undefined variable $userPage
[Method: GET, Route: perfil]
in APPPATH\Views\content\partials\gestion-usuarios.php on line 16.
 1 APPPATH\Views\content\partials\gestion-usuarios.php(16): CodeIgniter\Debug\Exceptions->errorHandler(2, 'Undefined variable $userPage', 'C:\\xampp\\htdocs\\KingsWastelands-store\\app\\Views\\content\\partials\\gestion-usuarios.php', 16)
 2 SYSTEMPATH\View\View.php(224): include('C:\\xampp\\htdocs\\KingsWastelands-store\\app\\Views\\content\\partials\\gestion-usuarios.php')
 3 SYSTEMPATH\View\View.php(227): CodeIgniter\View\View->CodeIgniter\View\{closure}()
 4 SYSTEMPATH\Common.php(1173): CodeIgniter\View\View->render('content/partials/gestion-usuarios', [], true)
 5 APPPATH\Views\content\perfil.php(47): view('content/partials/gestion-usuarios', [...])
 6 SYSTEMPATH\View\View.php(224): include('C:\\xampp\\htdocs\\KingsWastelands-store\\app\\Views\\content\\perfil.php')
 7 SYSTEMPATH\View\View.php(227): CodeIgniter\View\View->CodeIgniter\View\{closure}()
 8 SYSTEMPATH\Common.php(1173): CodeIgniter\View\View->render('../Views/content/perfil', [], true)
 9 APPPATH\Controllers\Admin.php(147): view('../Views/content/perfil')
10 SYSTEMPATH\CodeIgniter.php(933): App\Controllers\Admin->admin()
11 SYSTEMPATH\CodeIgniter.php(507): CodeIgniter\CodeIgniter->runController(Object(App\Controllers\Admin))
12 SYSTEMPATH\CodeIgniter.php(354): CodeIgniter\CodeIgniter->handleRequest(null, Object(Config\Cache), false)
13 SYSTEMPATH\Boot.php(334): CodeIgniter\CodeIgniter->run()
14 SYSTEMPATH\Boot.php(67): CodeIgniter\Boot::runCodeIgniter(Object(CodeIgniter\CodeIgniter))
15 FCPATH\index.php(58): CodeIgniter\Boot::bootWeb(Object(Config\Paths))
CRITICAL - 2025-05-28 23:09:29 --> ErrorException: Undefined variable $userPage
[Method: GET, Route: perfil]
in APPPATH\Views\content\partials\gestion-usuarios.php on line 16.
 1 APPPATH\Views\content\partials\gestion-usuarios.php(16): CodeIgniter\Debug\Exceptions->errorHandler(2, 'Undefined variable $userPage', 'C:\\xampp\\htdocs\\KingsWastelands-store\\app\\Views\\content\\partials\\gestion-usuarios.php', 16)
 2 SYSTEMPATH\View\View.php(224): include('C:\\xampp\\htdocs\\KingsWastelands-store\\app\\Views\\content\\partials\\gestion-usuarios.php')
 3 SYSTEMPATH\View\View.php(227): CodeIgniter\View\View->CodeIgniter\View\{closure}()
 4 SYSTEMPATH\Common.php(1173): CodeIgniter\View\View->render('content/partials/gestion-usuarios', [], true)
 5 APPPATH\Views\content\perfil.php(47): view('content/partials/gestion-usuarios', [...])
 6 SYSTEMPATH\View\View.php(224): include('C:\\xampp\\htdocs\\KingsWastelands-store\\app\\Views\\content\\perfil.php')
 7 SYSTEMPATH\View\View.php(227): CodeIgniter\View\View->CodeIgniter\View\{closure}()
 8 SYSTEMPATH\Common.php(1173): CodeIgniter\View\View->render('../Views/content/perfil', [], true)
 9 APPPATH\Controllers\Admin.php(147): view('../Views/content/perfil')
10 SYSTEMPATH\CodeIgniter.php(933): App\Controllers\Admin->admin()
11 SYSTEMPATH\CodeIgniter.php(507): CodeIgniter\CodeIgniter->runController(Object(App\Controllers\Admin))
12 SYSTEMPATH\CodeIgniter.php(354): CodeIgniter\CodeIgniter->handleRequest(null, Object(Config\Cache), false)
13 SYSTEMPATH\Boot.php(334): CodeIgniter\CodeIgniter->run()
14 SYSTEMPATH\Boot.php(67): CodeIgniter\Boot::runCodeIgniter(Object(CodeIgniter\CodeIgniter))
15 FCPATH\index.php(58): CodeIgniter\Boot::bootWeb(Object(Config\Paths))
CRITICAL - 2025-05-28 23:25:56 --> ErrorException: Undefined variable $userTotalPages
[Method: GET, Route: perfil]
in APPPATH\Views\content\partials\gestion-usuarios.php on line 17.
 1 APPPATH\Views\content\partials\gestion-usuarios.php(17): CodeIgniter\Debug\Exceptions->errorHandler(2, 'Undefined variable $userTotalPages', 'C:\\xampp\\htdocs\\KingsWastelands-store\\app\\Views\\content\\partials\\gestion-usuarios.php', 17)
 2 SYSTEMPATH\View\View.php(224): include('C:\\xampp\\htdocs\\KingsWastelands-store\\app\\Views\\content\\partials\\gestion-usuarios.php')
 3 SYSTEMPATH\View\View.php(227): CodeIgniter\View\View->CodeIgniter\View\{closure}()
 4 SYSTEMPATH\Common.php(1173): CodeIgniter\View\View->render('content/partials/gestion-usuarios', [], true)
 5 APPPATH\Views\content\perfil.php(47): view('content/partials/gestion-usuarios', [...])
 6 SYSTEMPATH\View\View.php(224): include('C:\\xampp\\htdocs\\KingsWastelands-store\\app\\Views\\content\\perfil.php')
 7 SYSTEMPATH\View\View.php(227): CodeIgniter\View\View->CodeIgniter\View\{closure}()
 8 SYSTEMPATH\Common.php(1173): CodeIgniter\View\View->render('../Views/content/perfil', [], true)
 9 APPPATH\Controllers\Admin.php(147): view('../Views/content/perfil')
10 SYSTEMPATH\CodeIgniter.php(933): App\Controllers\Admin->admin()
11 SYSTEMPATH\CodeIgniter.php(507): CodeIgniter\CodeIgniter->runController(Object(App\Controllers\Admin))
12 SYSTEMPATH\CodeIgniter.php(354): CodeIgniter\CodeIgniter->handleRequest(null, Object(Config\Cache), false)
13 SYSTEMPATH\Boot.php(334): CodeIgniter\CodeIgniter->run()
14 SYSTEMPATH\Boot.php(67): CodeIgniter\Boot::runCodeIgniter(Object(CodeIgniter\CodeIgniter))
15 FCPATH\index.php(58): CodeIgniter\Boot::bootWeb(Object(Config\Paths))
