CRITICAL - 2025-05-24 15:45:20 --> ErrorException: Undefined variable $juegos
[Method: GET, Route: perfil]
in APPPATH\Views\content\perfil.php on line 60.
 1 APPPATH\Views\content\perfil.php(60): CodeIgniter\Debug\Exceptions->errorHandler(2, 'Undefined variable $juegos', 'C:\\xampp\\htdocs\\KingsWastelands-store\\app\\Views\\content\\perfil.php', 60)
 2 SYSTEMPATH\View\View.php(224): include('C:\\xampp\\htdocs\\KingsWastelands-store\\app\\Views\\content\\perfil.php')
 3 SYSTEMPATH\View\View.php(227): CodeIgniter\View\View->CodeIgniter\View\{closure}()
 4 SYSTEMPATH\Common.php(1173): CodeIgniter\View\View->render('../Views/content/perfil', [], true)
 5 APPPATH\Controllers\Home.php(136): view('../Views/content/perfil')
 6 SYSTEMPATH\CodeIgniter.php(933): App\Controllers\Home->perfil()
 7 SYSTEMPATH\CodeIgniter.php(507): CodeIgniter\CodeIgniter->runController(Object(App\Controllers\Home))
 8 SYSTEMPATH\CodeIgniter.php(354): CodeIgniter\CodeIgniter->handleRequest(null, Object(Config\Cache), false)
 9 SYSTEMPATH\Boot.php(334): CodeIgniter\CodeIgniter->run()
10 SYSTEMPATH\Boot.php(67): CodeIgniter\Boot::runCodeIgniter(Object(CodeIgniter\CodeIgniter))
11 FCPATH\index.php(58): CodeIgniter\Boot::bootWeb(Object(Config\Paths))
CRITICAL - 2025-05-24 22:26:16 --> CodeIgniter\View\Exceptions\ViewException: Invalid file: "content/partials/gestion_juegos.php"
[Method: GET, Route: perfil]
in SYSTEMPATH\Exceptions\FrameworkException.php on line 39.
 1 SYSTEMPATH\View\View.php(212): CodeIgniter\Exceptions\FrameworkException::forInvalidFile('content/partials/gestion_juegos.php')
 2 SYSTEMPATH\Common.php(1173): CodeIgniter\View\View->render('content/partials/gestion_juegos', [], true)
 3 APPPATH\Views\content\perfil.php(53): view('content/partials/gestion_juegos')
 4 SYSTEMPATH\View\View.php(224): include('C:\\xampp\\htdocs\\KingsWastelands-store\\app\\Views\\content\\perfil.php')
 5 SYSTEMPATH\View\View.php(227): CodeIgniter\View\View->CodeIgniter\View\{closure}()
 6 SYSTEMPATH\Common.php(1173): CodeIgniter\View\View->render('../Views/content/perfil', [], true)
 7 APPPATH\Controllers\Juegos.php(77): view('../Views/content/perfil')
 8 SYSTEMPATH\CodeIgniter.php(933): App\Controllers\Juegos->all_games()
 9 SYSTEMPATH\CodeIgniter.php(507): CodeIgniter\CodeIgniter->runController(Object(App\Controllers\Juegos))
10 SYSTEMPATH\CodeIgniter.php(354): CodeIgniter\CodeIgniter->handleRequest(null, Object(Config\Cache), false)
11 SYSTEMPATH\Boot.php(334): CodeIgniter\CodeIgniter->run()
12 SYSTEMPATH\Boot.php(67): CodeIgniter\Boot::runCodeIgniter(Object(CodeIgniter\CodeIgniter))
13 FCPATH\index.php(58): CodeIgniter\Boot::bootWeb(Object(Config\Paths))
CRITICAL - 2025-05-24 22:27:37 --> CodeIgniter\View\Exceptions\ViewException: Invalid file: "content/partials/gestion_juegos.php"
[Method: GET, Route: perfil]
in SYSTEMPATH\Exceptions\FrameworkException.php on line 39.
 1 SYSTEMPATH\View\View.php(212): CodeIgniter\Exceptions\FrameworkException::forInvalidFile('content/partials/gestion_juegos.php')
 2 SYSTEMPATH\Common.php(1173): CodeIgniter\View\View->render('content/partials/gestion_juegos', [], true)
 3 APPPATH\Views\content\perfil.php(53): view('content/partials/gestion_juegos')
 4 SYSTEMPATH\View\View.php(224): include('C:\\xampp\\htdocs\\KingsWastelands-store\\app\\Views\\content\\perfil.php')
 5 SYSTEMPATH\View\View.php(227): CodeIgniter\View\View->CodeIgniter\View\{closure}()
 6 SYSTEMPATH\Common.php(1173): CodeIgniter\View\View->render('../Views/content/perfil', [], true)
 7 APPPATH\Controllers\Juegos.php(77): view('../Views/content/perfil')
 8 SYSTEMPATH\CodeIgniter.php(933): App\Controllers\Juegos->all_games()
 9 SYSTEMPATH\CodeIgniter.php(507): CodeIgniter\CodeIgniter->runController(Object(App\Controllers\Juegos))
10 SYSTEMPATH\CodeIgniter.php(354): CodeIgniter\CodeIgniter->handleRequest(null, Object(Config\Cache), false)
11 SYSTEMPATH\Boot.php(334): CodeIgniter\CodeIgniter->run()
12 SYSTEMPATH\Boot.php(67): CodeIgniter\Boot::runCodeIgniter(Object(CodeIgniter\CodeIgniter))
13 FCPATH\index.php(58): CodeIgniter\Boot::bootWeb(Object(Config\Paths))
CRITICAL - 2025-05-24 22:27:51 --> CodeIgniter\View\Exceptions\ViewException: Invalid file: "content/partials/gestion_juegos.php"
[Method: GET, Route: perfil]
in SYSTEMPATH\Exceptions\FrameworkException.php on line 39.
 1 SYSTEMPATH\View\View.php(212): CodeIgniter\Exceptions\FrameworkException::forInvalidFile('content/partials/gestion_juegos.php')
 2 SYSTEMPATH\Common.php(1173): CodeIgniter\View\View->render('content/partials/gestion_juegos', [], true)
 3 APPPATH\Views\content\perfil.php(53): view('content/partials/gestion_juegos')
 4 SYSTEMPATH\View\View.php(224): include('C:\\xampp\\htdocs\\KingsWastelands-store\\app\\Views\\content\\perfil.php')
 5 SYSTEMPATH\View\View.php(227): CodeIgniter\View\View->CodeIgniter\View\{closure}()
 6 SYSTEMPATH\Common.php(1173): CodeIgniter\View\View->render('../Views/content/perfil', [], true)
 7 APPPATH\Controllers\Juegos.php(77): view('../Views/content/perfil')
 8 SYSTEMPATH\CodeIgniter.php(933): App\Controllers\Juegos->all_games()
 9 SYSTEMPATH\CodeIgniter.php(507): CodeIgniter\CodeIgniter->runController(Object(App\Controllers\Juegos))
10 SYSTEMPATH\CodeIgniter.php(354): CodeIgniter\CodeIgniter->handleRequest(null, Object(Config\Cache), false)
11 SYSTEMPATH\Boot.php(334): CodeIgniter\CodeIgniter->run()
12 SYSTEMPATH\Boot.php(67): CodeIgniter\Boot::runCodeIgniter(Object(CodeIgniter\CodeIgniter))
13 FCPATH\index.php(58): CodeIgniter\Boot::bootWeb(Object(Config\Paths))
CRITICAL - 2025-05-24 22:29:26 --> CodeIgniter\View\Exceptions\ViewException: Invalid file: "content/partials/gestion_juegos.php"
[Method: GET, Route: perfil]
in SYSTEMPATH\Exceptions\FrameworkException.php on line 39.
 1 SYSTEMPATH\View\View.php(212): CodeIgniter\Exceptions\FrameworkException::forInvalidFile('content/partials/gestion_juegos.php')
 2 SYSTEMPATH\Common.php(1173): CodeIgniter\View\View->render('content/partials/gestion_juegos', [], true)
 3 APPPATH\Views\content\perfil.php(53): view('content/partials/gestion_juegos')
 4 SYSTEMPATH\View\View.php(224): include('C:\\xampp\\htdocs\\KingsWastelands-store\\app\\Views\\content\\perfil.php')
 5 SYSTEMPATH\View\View.php(227): CodeIgniter\View\View->CodeIgniter\View\{closure}()
 6 SYSTEMPATH\Common.php(1173): CodeIgniter\View\View->render('../Views/content/perfil', [], true)
 7 APPPATH\Controllers\Home.php(136): view('../Views/content/perfil')
 8 SYSTEMPATH\CodeIgniter.php(933): App\Controllers\Home->perfil()
 9 SYSTEMPATH\CodeIgniter.php(507): CodeIgniter\CodeIgniter->runController(Object(App\Controllers\Home))
10 SYSTEMPATH\CodeIgniter.php(354): CodeIgniter\CodeIgniter->handleRequest(null, Object(Config\Cache), false)
11 SYSTEMPATH\Boot.php(334): CodeIgniter\CodeIgniter->run()
12 SYSTEMPATH\Boot.php(67): CodeIgniter\Boot::runCodeIgniter(Object(CodeIgniter\CodeIgniter))
13 FCPATH\index.php(58): CodeIgniter\Boot::bootWeb(Object(Config\Paths))
CRITICAL - 2025-05-24 22:40:08 --> CodeIgniter\View\Exceptions\ViewException: Invalid file: "content/partials/gestion_juegos.php"
[Method: GET, Route: perfil]
in SYSTEMPATH\Exceptions\FrameworkException.php on line 39.
 1 SYSTEMPATH\View\View.php(212): CodeIgniter\Exceptions\FrameworkException::forInvalidFile('content/partials/gestion_juegos.php')
 2 SYSTEMPATH\Common.php(1173): CodeIgniter\View\View->render('content/partials/gestion_juegos', [], true)
 3 APPPATH\Views\content\perfil.php(53): view('content/partials/gestion_juegos')
 4 SYSTEMPATH\View\View.php(224): include('C:\\xampp\\htdocs\\KingsWastelands-store\\app\\Views\\content\\perfil.php')
 5 SYSTEMPATH\View\View.php(227): CodeIgniter\View\View->CodeIgniter\View\{closure}()
 6 SYSTEMPATH\Common.php(1173): CodeIgniter\View\View->render('../Views/content/perfil', [], true)
 7 APPPATH\Controllers\Home.php(136): view('../Views/content/perfil')
 8 SYSTEMPATH\CodeIgniter.php(933): App\Controllers\Home->perfil()
 9 SYSTEMPATH\CodeIgniter.php(507): CodeIgniter\CodeIgniter->runController(Object(App\Controllers\Home))
10 SYSTEMPATH\CodeIgniter.php(354): CodeIgniter\CodeIgniter->handleRequest(null, Object(Config\Cache), false)
11 SYSTEMPATH\Boot.php(334): CodeIgniter\CodeIgniter->run()
12 SYSTEMPATH\Boot.php(67): CodeIgniter\Boot::runCodeIgniter(Object(CodeIgniter\CodeIgniter))
13 FCPATH\index.php(58): CodeIgniter\Boot::bootWeb(Object(Config\Paths))
CRITICAL - 2025-05-24 22:40:12 --> CodeIgniter\View\Exceptions\ViewException: Invalid file: "content/partials/gestion_juegos.php"
[Method: GET, Route: perfil]
in SYSTEMPATH\Exceptions\FrameworkException.php on line 39.
 1 SYSTEMPATH\View\View.php(212): CodeIgniter\Exceptions\FrameworkException::forInvalidFile('content/partials/gestion_juegos.php')
 2 SYSTEMPATH\Common.php(1173): CodeIgniter\View\View->render('content/partials/gestion_juegos', [], true)
 3 APPPATH\Views\content\perfil.php(53): view('content/partials/gestion_juegos')
 4 SYSTEMPATH\View\View.php(224): include('C:\\xampp\\htdocs\\KingsWastelands-store\\app\\Views\\content\\perfil.php')
 5 SYSTEMPATH\View\View.php(227): CodeIgniter\View\View->CodeIgniter\View\{closure}()
 6 SYSTEMPATH\Common.php(1173): CodeIgniter\View\View->render('../Views/content/perfil', [], true)
 7 APPPATH\Controllers\Home.php(136): view('../Views/content/perfil')
 8 SYSTEMPATH\CodeIgniter.php(933): App\Controllers\Home->perfil()
 9 SYSTEMPATH\CodeIgniter.php(507): CodeIgniter\CodeIgniter->runController(Object(App\Controllers\Home))
10 SYSTEMPATH\CodeIgniter.php(354): CodeIgniter\CodeIgniter->handleRequest(null, Object(Config\Cache), false)
11 SYSTEMPATH\Boot.php(334): CodeIgniter\CodeIgniter->run()
12 SYSTEMPATH\Boot.php(67): CodeIgniter\Boot::runCodeIgniter(Object(CodeIgniter\CodeIgniter))
13 FCPATH\index.php(58): CodeIgniter\Boot::bootWeb(Object(Config\Paths))
CRITICAL - 2025-05-24 22:41:11 --> CodeIgniter\View\Exceptions\ViewException: Invalid file: "content/partials/gestion_juegos.php"
[Method: GET, Route: perfil]
in SYSTEMPATH\Exceptions\FrameworkException.php on line 39.
 1 SYSTEMPATH\View\View.php(212): CodeIgniter\Exceptions\FrameworkException::forInvalidFile('content/partials/gestion_juegos.php')
 2 SYSTEMPATH\Common.php(1173): CodeIgniter\View\View->render('content/partials/gestion_juegos', [], true)
 3 APPPATH\Views\content\perfil.php(53): view('content/partials/gestion_juegos')
 4 SYSTEMPATH\View\View.php(224): include('C:\\xampp\\htdocs\\KingsWastelands-store\\app\\Views\\content\\perfil.php')
 5 SYSTEMPATH\View\View.php(227): CodeIgniter\View\View->CodeIgniter\View\{closure}()
 6 SYSTEMPATH\Common.php(1173): CodeIgniter\View\View->render('../Views/content/perfil', [], true)
 7 APPPATH\Controllers\Home.php(136): view('../Views/content/perfil')
 8 SYSTEMPATH\CodeIgniter.php(933): App\Controllers\Home->perfil()
 9 SYSTEMPATH\CodeIgniter.php(507): CodeIgniter\CodeIgniter->runController(Object(App\Controllers\Home))
10 SYSTEMPATH\CodeIgniter.php(354): CodeIgniter\CodeIgniter->handleRequest(null, Object(Config\Cache), false)
11 SYSTEMPATH\Boot.php(334): CodeIgniter\CodeIgniter->run()
12 SYSTEMPATH\Boot.php(67): CodeIgniter\Boot::runCodeIgniter(Object(CodeIgniter\CodeIgniter))
13 FCPATH\index.php(58): CodeIgniter\Boot::bootWeb(Object(Config\Paths))
CRITICAL - 2025-05-24 22:41:59 --> CodeIgniter\View\Exceptions\ViewException: Invalid file: "content/partials/gestion_juegos.php"
[Method: GET, Route: perfil]
in SYSTEMPATH\Exceptions\FrameworkException.php on line 39.
 1 SYSTEMPATH\View\View.php(212): CodeIgniter\Exceptions\FrameworkException::forInvalidFile('content/partials/gestion_juegos.php')
 2 SYSTEMPATH\Common.php(1173): CodeIgniter\View\View->render('content/partials/gestion_juegos', [], true)
 3 APPPATH\Views\content\perfil.php(53): view('content/partials/gestion_juegos')
 4 SYSTEMPATH\View\View.php(224): include('C:\\xampp\\htdocs\\KingsWastelands-store\\app\\Views\\content\\perfil.php')
 5 SYSTEMPATH\View\View.php(227): CodeIgniter\View\View->CodeIgniter\View\{closure}()
 6 SYSTEMPATH\Common.php(1173): CodeIgniter\View\View->render('../Views/content/perfil', [], true)
 7 APPPATH\Controllers\Home.php(136): view('../Views/content/perfil')
 8 SYSTEMPATH\CodeIgniter.php(933): App\Controllers\Home->perfil()
 9 SYSTEMPATH\CodeIgniter.php(507): CodeIgniter\CodeIgniter->runController(Object(App\Controllers\Home))
10 SYSTEMPATH\CodeIgniter.php(354): CodeIgniter\CodeIgniter->handleRequest(null, Object(Config\Cache), false)
11 SYSTEMPATH\Boot.php(334): CodeIgniter\CodeIgniter->run()
12 SYSTEMPATH\Boot.php(67): CodeIgniter\Boot::runCodeIgniter(Object(CodeIgniter\CodeIgniter))
13 FCPATH\index.php(58): CodeIgniter\Boot::bootWeb(Object(Config\Paths))
CRITICAL - 2025-05-24 22:42:50 --> CodeIgniter\View\Exceptions\ViewException: Invalid file: "content/partials/gestion_juegos.php"
[Method: GET, Route: perfil]
in SYSTEMPATH\Exceptions\FrameworkException.php on line 39.
 1 SYSTEMPATH\View\View.php(212): CodeIgniter\Exceptions\FrameworkException::forInvalidFile('content/partials/gestion_juegos.php')
 2 SYSTEMPATH\Common.php(1173): CodeIgniter\View\View->render('content/partials/gestion_juegos', [], true)
 3 APPPATH\Views\content\perfil.php(53): view('content/partials/gestion_juegos')
 4 SYSTEMPATH\View\View.php(224): include('C:\\xampp\\htdocs\\KingsWastelands-store\\app\\Views\\content\\perfil.php')
 5 SYSTEMPATH\View\View.php(227): CodeIgniter\View\View->CodeIgniter\View\{closure}()
 6 SYSTEMPATH\Common.php(1173): CodeIgniter\View\View->render('../Views/content/perfil', [], true)
 7 APPPATH\Controllers\Home.php(136): view('../Views/content/perfil')
 8 SYSTEMPATH\CodeIgniter.php(933): App\Controllers\Home->perfil()
 9 SYSTEMPATH\CodeIgniter.php(507): CodeIgniter\CodeIgniter->runController(Object(App\Controllers\Home))
10 SYSTEMPATH\CodeIgniter.php(354): CodeIgniter\CodeIgniter->handleRequest(null, Object(Config\Cache), false)
11 SYSTEMPATH\Boot.php(334): CodeIgniter\CodeIgniter->run()
12 SYSTEMPATH\Boot.php(67): CodeIgniter\Boot::runCodeIgniter(Object(CodeIgniter\CodeIgniter))
13 FCPATH\index.php(58): CodeIgniter\Boot::bootWeb(Object(Config\Paths))
CRITICAL - 2025-05-24 22:43:34 --> CodeIgniter\View\Exceptions\ViewException: Invalid file: "content/partials/gestion_juegos.php"
[Method: GET, Route: perfil]
in SYSTEMPATH\Exceptions\FrameworkException.php on line 39.
 1 SYSTEMPATH\View\View.php(212): CodeIgniter\Exceptions\FrameworkException::forInvalidFile('content/partials/gestion_juegos.php')
 2 SYSTEMPATH\Common.php(1173): CodeIgniter\View\View->render('content/partials/gestion_juegos', [], true)
 3 APPPATH\Views\content\perfil.php(53): view('content/partials/gestion_juegos')
 4 SYSTEMPATH\View\View.php(224): include('C:\\xampp\\htdocs\\KingsWastelands-store\\app\\Views\\content\\perfil.php')
 5 SYSTEMPATH\View\View.php(227): CodeIgniter\View\View->CodeIgniter\View\{closure}()
 6 SYSTEMPATH\Common.php(1173): CodeIgniter\View\View->render('../Views/content/perfil', [], true)
 7 APPPATH\Controllers\Home.php(136): view('../Views/content/perfil')
 8 SYSTEMPATH\CodeIgniter.php(933): App\Controllers\Home->perfil()
 9 SYSTEMPATH\CodeIgniter.php(507): CodeIgniter\CodeIgniter->runController(Object(App\Controllers\Home))
10 SYSTEMPATH\CodeIgniter.php(354): CodeIgniter\CodeIgniter->handleRequest(null, Object(Config\Cache), false)
11 SYSTEMPATH\Boot.php(334): CodeIgniter\CodeIgniter->run()
12 SYSTEMPATH\Boot.php(67): CodeIgniter\Boot::runCodeIgniter(Object(CodeIgniter\CodeIgniter))
13 FCPATH\index.php(58): CodeIgniter\Boot::bootWeb(Object(Config\Paths))
CRITICAL - 2025-05-24 22:44:43 --> CodeIgniter\View\Exceptions\ViewException: Invalid file: "content/partials/gestion_juegos.php"
[Method: GET, Route: perfil]
in SYSTEMPATH\Exceptions\FrameworkException.php on line 39.
 1 SYSTEMPATH\View\View.php(212): CodeIgniter\Exceptions\FrameworkException::forInvalidFile('content/partials/gestion_juegos.php')
 2 SYSTEMPATH\Common.php(1173): CodeIgniter\View\View->render('content/partials/gestion_juegos', [], true)
 3 APPPATH\Views\content\perfil.php(53): view('content/partials/gestion_juegos')
 4 SYSTEMPATH\View\View.php(224): include('C:\\xampp\\htdocs\\KingsWastelands-store\\app\\Views\\content\\perfil.php')
 5 SYSTEMPATH\View\View.php(227): CodeIgniter\View\View->CodeIgniter\View\{closure}()
 6 SYSTEMPATH\Common.php(1173): CodeIgniter\View\View->render('../Views/content/perfil', [], true)
 7 APPPATH\Controllers\Home.php(136): view('../Views/content/perfil')
 8 SYSTEMPATH\CodeIgniter.php(933): App\Controllers\Home->perfil()
 9 SYSTEMPATH\CodeIgniter.php(507): CodeIgniter\CodeIgniter->runController(Object(App\Controllers\Home))
10 SYSTEMPATH\CodeIgniter.php(354): CodeIgniter\CodeIgniter->handleRequest(null, Object(Config\Cache), false)
11 SYSTEMPATH\Boot.php(334): CodeIgniter\CodeIgniter->run()
12 SYSTEMPATH\Boot.php(67): CodeIgniter\Boot::runCodeIgniter(Object(CodeIgniter\CodeIgniter))
13 FCPATH\index.php(58): CodeIgniter\Boot::bootWeb(Object(Config\Paths))
CRITICAL - 2025-05-24 22:45:26 --> ErrorException: Undefined variable $juegos
[Method: GET, Route: perfil]
in APPPATH\Views\content\partials\gestion-juegos.php on line 9.
 1 APPPATH\Views\content\partials\gestion-juegos.php(9): CodeIgniter\Debug\Exceptions->errorHandler(2, 'Undefined variable $juegos', 'C:\\xampp\\htdocs\\KingsWastelands-store\\app\\Views\\content\\partials\\gestion-juegos.php', 9)
 2 SYSTEMPATH\View\View.php(224): include('C:\\xampp\\htdocs\\KingsWastelands-store\\app\\Views\\content\\partials\\gestion-juegos.php')
 3 SYSTEMPATH\View\View.php(227): CodeIgniter\View\View->CodeIgniter\View\{closure}()
 4 SYSTEMPATH\Common.php(1173): CodeIgniter\View\View->render('content/partials/gestion-juegos', [], true)
 5 APPPATH\Views\content\perfil.php(53): view('content/partials/gestion-juegos')
 6 SYSTEMPATH\View\View.php(224): include('C:\\xampp\\htdocs\\KingsWastelands-store\\app\\Views\\content\\perfil.php')
 7 SYSTEMPATH\View\View.php(227): CodeIgniter\View\View->CodeIgniter\View\{closure}()
 8 SYSTEMPATH\Common.php(1173): CodeIgniter\View\View->render('../Views/content/perfil', [], true)
 9 APPPATH\Controllers\Home.php(136): view('../Views/content/perfil')
10 SYSTEMPATH\CodeIgniter.php(933): App\Controllers\Home->perfil()
11 SYSTEMPATH\CodeIgniter.php(507): CodeIgniter\CodeIgniter->runController(Object(App\Controllers\Home))
12 SYSTEMPATH\CodeIgniter.php(354): CodeIgniter\CodeIgniter->handleRequest(null, Object(Config\Cache), false)
13 SYSTEMPATH\Boot.php(334): CodeIgniter\CodeIgniter->run()
14 SYSTEMPATH\Boot.php(67): CodeIgniter\Boot::runCodeIgniter(Object(CodeIgniter\CodeIgniter))
15 FCPATH\index.php(58): CodeIgniter\Boot::bootWeb(Object(Config\Paths))
CRITICAL - 2025-05-24 22:45:33 --> ErrorException: Undefined variable $juegos
[Method: GET, Route: perfil]
in APPPATH\Views\content\partials\gestion-juegos.php on line 9.
 1 APPPATH\Views\content\partials\gestion-juegos.php(9): CodeIgniter\Debug\Exceptions->errorHandler(2, 'Undefined variable $juegos', 'C:\\xampp\\htdocs\\KingsWastelands-store\\app\\Views\\content\\partials\\gestion-juegos.php', 9)
 2 SYSTEMPATH\View\View.php(224): include('C:\\xampp\\htdocs\\KingsWastelands-store\\app\\Views\\content\\partials\\gestion-juegos.php')
 3 SYSTEMPATH\View\View.php(227): CodeIgniter\View\View->CodeIgniter\View\{closure}()
 4 SYSTEMPATH\Common.php(1173): CodeIgniter\View\View->render('content/partials/gestion-juegos', [], true)
 5 APPPATH\Views\content\perfil.php(53): view('content/partials/gestion-juegos')
 6 SYSTEMPATH\View\View.php(224): include('C:\\xampp\\htdocs\\KingsWastelands-store\\app\\Views\\content\\perfil.php')
 7 SYSTEMPATH\View\View.php(227): CodeIgniter\View\View->CodeIgniter\View\{closure}()
 8 SYSTEMPATH\Common.php(1173): CodeIgniter\View\View->render('../Views/content/perfil', [], true)
 9 APPPATH\Controllers\Home.php(136): view('../Views/content/perfil')
10 SYSTEMPATH\CodeIgniter.php(933): App\Controllers\Home->perfil()
11 SYSTEMPATH\CodeIgniter.php(507): CodeIgniter\CodeIgniter->runController(Object(App\Controllers\Home))
12 SYSTEMPATH\CodeIgniter.php(354): CodeIgniter\CodeIgniter->handleRequest(null, Object(Config\Cache), false)
13 SYSTEMPATH\Boot.php(334): CodeIgniter\CodeIgniter->run()
14 SYSTEMPATH\Boot.php(67): CodeIgniter\Boot::runCodeIgniter(Object(CodeIgniter\CodeIgniter))
15 FCPATH\index.php(58): CodeIgniter\Boot::bootWeb(Object(Config\Paths))
CRITICAL - 2025-05-24 23:52:05 --> ErrorException: Undefined variable $juegos
[Method: GET, Route: perfil]
in APPPATH\Views\content\perfil.php on line 54.
 1 APPPATH\Views\content\perfil.php(54): CodeIgniter\Debug\Exceptions->errorHandler(2, 'Undefined variable $juegos', 'C:\\xampp\\htdocs\\KingsWastelands-store\\app\\Views\\content\\perfil.php', 54)
 2 SYSTEMPATH\View\View.php(224): include('C:\\xampp\\htdocs\\KingsWastelands-store\\app\\Views\\content\\perfil.php')
 3 SYSTEMPATH\View\View.php(227): CodeIgniter\View\View->CodeIgniter\View\{closure}()
 4 SYSTEMPATH\Common.php(1173): CodeIgniter\View\View->render('../Views/content/perfil', [], true)
 5 APPPATH\Controllers\Home.php(136): view('../Views/content/perfil')
 6 SYSTEMPATH\CodeIgniter.php(933): App\Controllers\Home->perfil()
 7 SYSTEMPATH\CodeIgniter.php(507): CodeIgniter\CodeIgniter->runController(Object(App\Controllers\Home))
 8 SYSTEMPATH\CodeIgniter.php(354): CodeIgniter\CodeIgniter->handleRequest(null, Object(Config\Cache), false)
 9 SYSTEMPATH\Boot.php(334): CodeIgniter\CodeIgniter->run()
10 SYSTEMPATH\Boot.php(67): CodeIgniter\Boot::runCodeIgniter(Object(CodeIgniter\CodeIgniter))
11 FCPATH\index.php(58): CodeIgniter\Boot::bootWeb(Object(Config\Paths))
