CRITICAL - 2025-05-17 13:13:31 --> ErrorException: Undefined variable $juego
[Method: GET, Route: game_section]
in APPPATH\Views\content\game-section.php on line 5.
 1 APPPATH\Views\content\game-section.php(5): CodeIgniter\Debug\Exceptions->errorHandler(2, 'Undefined variable $juego', 'C:\\xampp\\htdocs\\KingsWastelands-store\\app\\Views\\content\\game-section.php', 5)
 2 SYSTEMPATH\View\View.php(224): include('C:\\xampp\\htdocs\\KingsWastelands-store\\app\\Views\\content\\game-section.php')
 3 SYSTEMPATH\View\View.php(227): CodeIgniter\View\View->CodeIgniter\View\{closure}()
 4 SYSTEMPATH\Common.php(1173): CodeIgniter\View\View->render('../Views/content/game-section', [], true)
 5 APPPATH\Controllers\Home.php(88): view('../Views/content/game-section')
 6 SYSTEMPATH\CodeIgniter.php(933): App\Controllers\Home->game_section()
 7 SYSTEMPATH\CodeIgniter.php(507): CodeIgniter\CodeIgniter->runController(Object(App\Controllers\Home))
 8 SYSTEMPATH\CodeIgniter.php(354): CodeIgniter\CodeIgniter->handleRequest(null, Object(Config\Cache), false)
 9 SYSTEMPATH\Boot.php(334): CodeIgniter\CodeIgniter->run()
10 SYSTEMPATH\Boot.php(67): CodeIgniter\Boot::runCodeIgniter(Object(CodeIgniter\CodeIgniter))
11 FCPATH\index.php(58): CodeIgniter\Boot::bootWeb(Object(Config\Paths))
CRITICAL - 2025-05-17 23:52:21 --> Error: Call to a member function where() on null
[Method: GET, Route: populares]
in APPPATH\Controllers\Juegos.php on line 34.
 1 SYSTEMPATH\CodeIgniter.php(933): App\Controllers\Juegos->populares()
 2 SYSTEMPATH\CodeIgniter.php(507): CodeIgniter\CodeIgniter->runController(Object(App\Controllers\Juegos))
 3 SYSTEMPATH\CodeIgniter.php(354): CodeIgniter\CodeIgniter->handleRequest(null, Object(Config\Cache), false)
 4 SYSTEMPATH\Boot.php(334): CodeIgniter\CodeIgniter->run()
 5 SYSTEMPATH\Boot.php(67): CodeIgniter\Boot::runCodeIgniter(Object(CodeIgniter\CodeIgniter))
 6 FCPATH\index.php(58): CodeIgniter\Boot::bootWeb(Object(Config\Paths))
CRITICAL - 2025-05-17 23:52:54 --> Error: Call to a member function where() on null
[Method: GET, Route: populares]
in APPPATH\Controllers\Juegos.php on line 34.
 1 SYSTEMPATH\CodeIgniter.php(933): App\Controllers\Juegos->populares()
 2 SYSTEMPATH\CodeIgniter.php(507): CodeIgniter\CodeIgniter->runController(Object(App\Controllers\Juegos))
 3 SYSTEMPATH\CodeIgniter.php(354): CodeIgniter\CodeIgniter->handleRequest(null, Object(Config\Cache), false)
 4 SYSTEMPATH\Boot.php(334): CodeIgniter\CodeIgniter->run()
 5 SYSTEMPATH\Boot.php(67): CodeIgniter\Boot::runCodeIgniter(Object(CodeIgniter\CodeIgniter))
 6 FCPATH\index.php(58): CodeIgniter\Boot::bootWeb(Object(Config\Paths))
CRITICAL - 2025-05-17 23:53:38 --> Error: Call to a member function where() on null
[Method: GET, Route: populares]
in APPPATH\Controllers\Juegos.php on line 34.
 1 SYSTEMPATH\CodeIgniter.php(933): App\Controllers\Juegos->populares()
 2 SYSTEMPATH\CodeIgniter.php(507): CodeIgniter\CodeIgniter->runController(Object(App\Controllers\Juegos))
 3 SYSTEMPATH\CodeIgniter.php(354): CodeIgniter\CodeIgniter->handleRequest(null, Object(Config\Cache), false)
 4 SYSTEMPATH\Boot.php(334): CodeIgniter\CodeIgniter->run()
 5 SYSTEMPATH\Boot.php(67): CodeIgniter\Boot::runCodeIgniter(Object(CodeIgniter\CodeIgniter))
 6 FCPATH\index.php(58): CodeIgniter\Boot::bootWeb(Object(Config\Paths))
CRITICAL - 2025-05-17 23:53:42 --> Error: Call to a member function where() on null
[Method: GET, Route: populares]
in APPPATH\Controllers\Juegos.php on line 34.
 1 SYSTEMPATH\CodeIgniter.php(933): App\Controllers\Juegos->populares()
 2 SYSTEMPATH\CodeIgniter.php(507): CodeIgniter\CodeIgniter->runController(Object(App\Controllers\Juegos))
 3 SYSTEMPATH\CodeIgniter.php(354): CodeIgniter\CodeIgniter->handleRequest(null, Object(Config\Cache), false)
 4 SYSTEMPATH\Boot.php(334): CodeIgniter\CodeIgniter->run()
 5 SYSTEMPATH\Boot.php(67): CodeIgniter\Boot::runCodeIgniter(Object(CodeIgniter\CodeIgniter))
 6 FCPATH\index.php(58): CodeIgniter\Boot::bootWeb(Object(Config\Paths))
CRITICAL - 2025-05-17 23:54:28 --> Error: Call to a member function where() on null
[Method: GET, Route: populares]
in APPPATH\Controllers\Juegos.php on line 34.
 1 SYSTEMPATH\CodeIgniter.php(933): App\Controllers\Juegos->populares()
 2 SYSTEMPATH\CodeIgniter.php(507): CodeIgniter\CodeIgniter->runController(Object(App\Controllers\Juegos))
 3 SYSTEMPATH\CodeIgniter.php(354): CodeIgniter\CodeIgniter->handleRequest(null, Object(Config\Cache), false)
 4 SYSTEMPATH\Boot.php(334): CodeIgniter\CodeIgniter->run()
 5 SYSTEMPATH\Boot.php(67): CodeIgniter\Boot::runCodeIgniter(Object(CodeIgniter\CodeIgniter))
 6 FCPATH\index.php(58): CodeIgniter\Boot::bootWeb(Object(Config\Paths))
CRITICAL - 2025-05-17 23:55:05 --> Error: Call to a member function where() on null
[Method: GET, Route: populares]
in APPPATH\Controllers\Juegos.php on line 34.
 1 SYSTEMPATH\CodeIgniter.php(933): App\Controllers\Juegos->populares()
 2 SYSTEMPATH\CodeIgniter.php(507): CodeIgniter\CodeIgniter->runController(Object(App\Controllers\Juegos))
 3 SYSTEMPATH\CodeIgniter.php(354): CodeIgniter\CodeIgniter->handleRequest(null, Object(Config\Cache), false)
 4 SYSTEMPATH\Boot.php(334): CodeIgniter\CodeIgniter->run()
 5 SYSTEMPATH\Boot.php(67): CodeIgniter\Boot::runCodeIgniter(Object(CodeIgniter\CodeIgniter))
 6 FCPATH\index.php(58): CodeIgniter\Boot::bootWeb(Object(Config\Paths))
ERROR - 2025-05-17 23:57:17 --> mysqli_sql_exception: Table 'kw-store.juegos_categorias' doesn't exist in C:\xampp\htdocs\KingsWastelands-store\system\Database\MySQLi\Connection.php:327
Stack trace:
#0 C:\xampp\htdocs\KingsWastelands-store\system\Database\MySQLi\Connection.php(327): mysqli->query('SELECT COUNT(*)...', 0)
#1 C:\xampp\htdocs\KingsWastelands-store\system\Database\BaseConnection.php(738): CodeIgniter\Database\MySQLi\Connection->execute('SELECT COUNT(*)...')
#2 C:\xampp\htdocs\KingsWastelands-store\system\Database\BaseConnection.php(652): CodeIgniter\Database\BaseConnection->simpleQuery('SELECT COUNT(*)...')
#3 C:\xampp\htdocs\KingsWastelands-store\system\Database\BaseBuilder.php(1733): CodeIgniter\Database\BaseConnection->query('SELECT COUNT(*)...', Array, false)
#4 C:\xampp\htdocs\KingsWastelands-store\system\Model.php(676): CodeIgniter\Database\BaseBuilder->countAllResults(false)
#5 C:\xampp\htdocs\KingsWastelands-store\system\BaseModel.php(1283): CodeIgniter\Model->countAllResults(false)
#6 C:\xampp\htdocs\KingsWastelands-store\app\Controllers\Juegos.php(53): CodeIgniter\BaseModel->paginate(9, 'default', 1)
#7 C:\xampp\htdocs\KingsWastelands-store\system\CodeIgniter.php(933): App\Controllers\Juegos->populares()
#8 C:\xampp\htdocs\KingsWastelands-store\system\CodeIgniter.php(507): CodeIgniter\CodeIgniter->runController(Object(App\Controllers\Juegos))
#9 C:\xampp\htdocs\KingsWastelands-store\system\CodeIgniter.php(354): CodeIgniter\CodeIgniter->handleRequest(NULL, Object(Config\Cache), false)
#10 C:\xampp\htdocs\KingsWastelands-store\system\Boot.php(334): CodeIgniter\CodeIgniter->run()
#11 C:\xampp\htdocs\KingsWastelands-store\system\Boot.php(67): CodeIgniter\Boot::runCodeIgniter(Object(CodeIgniter\CodeIgniter))
#12 C:\xampp\htdocs\KingsWastelands-store\index.php(58): CodeIgniter\Boot::bootWeb(Object(Config\Paths))
#13 {main}
CRITICAL - 2025-05-17 23:57:17 --> CodeIgniter\Database\Exceptions\DatabaseException: Table 'kw-store.juegos_categorias' doesn't exist
[Method: GET, Route: populares]
in SYSTEMPATH\Database\BaseConnection.php on line 692.
 1 SYSTEMPATH\Database\BaseBuilder.php(1733): CodeIgniter\Database\BaseConnection->query('SELECT COUNT(*) AS `numrows`
FROM `juegos`
JOIN `juegos_categorias` ON `juegos_categorias`.`game_id` = `juegos`.`game_id`
WHERE `juegos_categorias`.`category_id` = :juegos_categorias.category_id:', [...], false)
 2 SYSTEMPATH\Model.php(676): CodeIgniter\Database\BaseBuilder->countAllResults(false)
 3 SYSTEMPATH\BaseModel.php(1283): CodeIgniter\Model->countAllResults(false)
 4 APPPATH\Controllers\Juegos.php(53): CodeIgniter\BaseModel->paginate(9, 'default', 1)
 5 SYSTEMPATH\CodeIgniter.php(933): App\Controllers\Juegos->populares()
 6 SYSTEMPATH\CodeIgniter.php(507): CodeIgniter\CodeIgniter->runController(Object(App\Controllers\Juegos))
 7 SYSTEMPATH\CodeIgniter.php(354): CodeIgniter\CodeIgniter->handleRequest(null, Object(Config\Cache), false)
 8 SYSTEMPATH\Boot.php(334): CodeIgniter\CodeIgniter->run()
 9 SYSTEMPATH\Boot.php(67): CodeIgniter\Boot::runCodeIgniter(Object(CodeIgniter\CodeIgniter))
10 FCPATH\index.php(58): CodeIgniter\Boot::bootWeb(Object(Config\Paths))
CRITICAL - 2025-05-17 23:57:17 --> [Caused by] CodeIgniter\Database\Exceptions\DatabaseException: Table 'kw-store.juegos_categorias' doesn't exist
in SYSTEMPATH\Database\MySQLi\Connection.php on line 332.
 1 SYSTEMPATH\Database\BaseConnection.php(738): CodeIgniter\Database\MySQLi\Connection->execute('SELECT COUNT(*) AS `numrows`
FROM `juegos`
JOIN `juegos_categorias` ON `juegos_categorias`.`game_id` = `juegos`.`game_id`
WHERE `juegos_categorias`.`category_id` = \'7\'')
 2 SYSTEMPATH\Database\BaseConnection.php(652): CodeIgniter\Database\BaseConnection->simpleQuery('SELECT COUNT(*) AS `numrows`
FROM `juegos`
JOIN `juegos_categorias` ON `juegos_categorias`.`game_id` = `juegos`.`game_id`
WHERE `juegos_categorias`.`category_id` = \'7\'')
 3 SYSTEMPATH\Database\BaseBuilder.php(1733): CodeIgniter\Database\BaseConnection->query('SELECT COUNT(*) AS `numrows`
FROM `juegos`
JOIN `juegos_categorias` ON `juegos_categorias`.`game_id` = `juegos`.`game_id`
WHERE `juegos_categorias`.`category_id` = :juegos_categorias.category_id:', [...], false)
 4 SYSTEMPATH\Model.php(676): CodeIgniter\Database\BaseBuilder->countAllResults(false)
 5 SYSTEMPATH\BaseModel.php(1283): CodeIgniter\Model->countAllResults(false)
 6 APPPATH\Controllers\Juegos.php(53): CodeIgniter\BaseModel->paginate(9, 'default', 1)
 7 SYSTEMPATH\CodeIgniter.php(933): App\Controllers\Juegos->populares()
 8 SYSTEMPATH\CodeIgniter.php(507): CodeIgniter\CodeIgniter->runController(Object(App\Controllers\Juegos))
 9 SYSTEMPATH\CodeIgniter.php(354): CodeIgniter\CodeIgniter->handleRequest(null, Object(Config\Cache), false)
10 SYSTEMPATH\Boot.php(334): CodeIgniter\CodeIgniter->run()
11 SYSTEMPATH\Boot.php(67): CodeIgniter\Boot::runCodeIgniter(Object(CodeIgniter\CodeIgniter))
12 FCPATH\index.php(58): CodeIgniter\Boot::bootWeb(Object(Config\Paths))
CRITICAL - 2025-05-17 23:57:17 --> [Caused by] mysqli_sql_exception: Table 'kw-store.juegos_categorias' doesn't exist
in SYSTEMPATH\Database\MySQLi\Connection.php on line 327.
 1 SYSTEMPATH\Database\MySQLi\Connection.php(327): mysqli->query('SELECT COUNT(*) AS `numrows`
FROM `juegos`
JOIN `juegos_categorias` ON `juegos_categorias`.`game_id` = `juegos`.`game_id`
WHERE `juegos_categorias`.`category_id` = \'7\'', 0)
 2 SYSTEMPATH\Database\BaseConnection.php(738): CodeIgniter\Database\MySQLi\Connection->execute('SELECT COUNT(*) AS `numrows`
FROM `juegos`
JOIN `juegos_categorias` ON `juegos_categorias`.`game_id` = `juegos`.`game_id`
WHERE `juegos_categorias`.`category_id` = \'7\'')
 3 SYSTEMPATH\Database\BaseConnection.php(652): CodeIgniter\Database\BaseConnection->simpleQuery('SELECT COUNT(*) AS `numrows`
FROM `juegos`
JOIN `juegos_categorias` ON `juegos_categorias`.`game_id` = `juegos`.`game_id`
WHERE `juegos_categorias`.`category_id` = \'7\'')
 4 SYSTEMPATH\Database\BaseBuilder.php(1733): CodeIgniter\Database\BaseConnection->query('SELECT COUNT(*) AS `numrows`
FROM `juegos`
JOIN `juegos_categorias` ON `juegos_categorias`.`game_id` = `juegos`.`game_id`
WHERE `juegos_categorias`.`category_id` = :juegos_categorias.category_id:', [...], false)
 5 SYSTEMPATH\Model.php(676): CodeIgniter\Database\BaseBuilder->countAllResults(false)
 6 SYSTEMPATH\BaseModel.php(1283): CodeIgniter\Model->countAllResults(false)
 7 APPPATH\Controllers\Juegos.php(53): CodeIgniter\BaseModel->paginate(9, 'default', 1)
 8 SYSTEMPATH\CodeIgniter.php(933): App\Controllers\Juegos->populares()
 9 SYSTEMPATH\CodeIgniter.php(507): CodeIgniter\CodeIgniter->runController(Object(App\Controllers\Juegos))
10 SYSTEMPATH\CodeIgniter.php(354): CodeIgniter\CodeIgniter->handleRequest(null, Object(Config\Cache), false)
11 SYSTEMPATH\Boot.php(334): CodeIgniter\CodeIgniter->run()
12 SYSTEMPATH\Boot.php(67): CodeIgniter\Boot::runCodeIgniter(Object(CodeIgniter\CodeIgniter))
13 FCPATH\index.php(58): CodeIgniter\Boot::bootWeb(Object(Config\Paths))
ERROR - 2025-05-17 23:58:54 --> mysqli_sql_exception: Table 'kw-store.juegos_categorias' doesn't exist in C:\xampp\htdocs\KingsWastelands-store\system\Database\MySQLi\Connection.php:327
Stack trace:
#0 C:\xampp\htdocs\KingsWastelands-store\system\Database\MySQLi\Connection.php(327): mysqli->query('SELECT COUNT(*)...', 0)
#1 C:\xampp\htdocs\KingsWastelands-store\system\Database\BaseConnection.php(738): CodeIgniter\Database\MySQLi\Connection->execute('SELECT COUNT(*)...')
#2 C:\xampp\htdocs\KingsWastelands-store\system\Database\BaseConnection.php(652): CodeIgniter\Database\BaseConnection->simpleQuery('SELECT COUNT(*)...')
#3 C:\xampp\htdocs\KingsWastelands-store\system\Database\BaseBuilder.php(1733): CodeIgniter\Database\BaseConnection->query('SELECT COUNT(*)...', Array, false)
#4 C:\xampp\htdocs\KingsWastelands-store\system\Model.php(676): CodeIgniter\Database\BaseBuilder->countAllResults(false)
#5 C:\xampp\htdocs\KingsWastelands-store\system\BaseModel.php(1283): CodeIgniter\Model->countAllResults(false)
#6 C:\xampp\htdocs\KingsWastelands-store\app\Controllers\Juegos.php(53): CodeIgniter\BaseModel->paginate(9, 'default', 1)
#7 C:\xampp\htdocs\KingsWastelands-store\system\CodeIgniter.php(933): App\Controllers\Juegos->populares()
#8 C:\xampp\htdocs\KingsWastelands-store\system\CodeIgniter.php(507): CodeIgniter\CodeIgniter->runController(Object(App\Controllers\Juegos))
#9 C:\xampp\htdocs\KingsWastelands-store\system\CodeIgniter.php(354): CodeIgniter\CodeIgniter->handleRequest(NULL, Object(Config\Cache), false)
#10 C:\xampp\htdocs\KingsWastelands-store\system\Boot.php(334): CodeIgniter\CodeIgniter->run()
#11 C:\xampp\htdocs\KingsWastelands-store\system\Boot.php(67): CodeIgniter\Boot::runCodeIgniter(Object(CodeIgniter\CodeIgniter))
#12 C:\xampp\htdocs\KingsWastelands-store\index.php(58): CodeIgniter\Boot::bootWeb(Object(Config\Paths))
#13 {main}
CRITICAL - 2025-05-17 23:58:54 --> CodeIgniter\Database\Exceptions\DatabaseException: Table 'kw-store.juegos_categorias' doesn't exist
[Method: GET, Route: populares]
in SYSTEMPATH\Database\BaseConnection.php on line 692.
 1 SYSTEMPATH\Database\BaseBuilder.php(1733): CodeIgniter\Database\BaseConnection->query('SELECT COUNT(*) AS `numrows`
FROM `juegos`
JOIN `juegos_categorias` ON `juegos_categorias`.`game_id` = `juegos`.`game_id`
WHERE `juegos_categorias`.`category_id` = :juegos_categorias.category_id:', [...], false)
 2 SYSTEMPATH\Model.php(676): CodeIgniter\Database\BaseBuilder->countAllResults(false)
 3 SYSTEMPATH\BaseModel.php(1283): CodeIgniter\Model->countAllResults(false)
 4 APPPATH\Controllers\Juegos.php(53): CodeIgniter\BaseModel->paginate(9, 'default', 1)
 5 SYSTEMPATH\CodeIgniter.php(933): App\Controllers\Juegos->populares()
 6 SYSTEMPATH\CodeIgniter.php(507): CodeIgniter\CodeIgniter->runController(Object(App\Controllers\Juegos))
 7 SYSTEMPATH\CodeIgniter.php(354): CodeIgniter\CodeIgniter->handleRequest(null, Object(Config\Cache), false)
 8 SYSTEMPATH\Boot.php(334): CodeIgniter\CodeIgniter->run()
 9 SYSTEMPATH\Boot.php(67): CodeIgniter\Boot::runCodeIgniter(Object(CodeIgniter\CodeIgniter))
10 FCPATH\index.php(58): CodeIgniter\Boot::bootWeb(Object(Config\Paths))
CRITICAL - 2025-05-17 23:58:54 --> [Caused by] CodeIgniter\Database\Exceptions\DatabaseException: Table 'kw-store.juegos_categorias' doesn't exist
in SYSTEMPATH\Database\MySQLi\Connection.php on line 332.
 1 SYSTEMPATH\Database\BaseConnection.php(738): CodeIgniter\Database\MySQLi\Connection->execute('SELECT COUNT(*) AS `numrows`
FROM `juegos`
JOIN `juegos_categorias` ON `juegos_categorias`.`game_id` = `juegos`.`game_id`
WHERE `juegos_categorias`.`category_id` = \'7\'')
 2 SYSTEMPATH\Database\BaseConnection.php(652): CodeIgniter\Database\BaseConnection->simpleQuery('SELECT COUNT(*) AS `numrows`
FROM `juegos`
JOIN `juegos_categorias` ON `juegos_categorias`.`game_id` = `juegos`.`game_id`
WHERE `juegos_categorias`.`category_id` = \'7\'')
 3 SYSTEMPATH\Database\BaseBuilder.php(1733): CodeIgniter\Database\BaseConnection->query('SELECT COUNT(*) AS `numrows`
FROM `juegos`
JOIN `juegos_categorias` ON `juegos_categorias`.`game_id` = `juegos`.`game_id`
WHERE `juegos_categorias`.`category_id` = :juegos_categorias.category_id:', [...], false)
 4 SYSTEMPATH\Model.php(676): CodeIgniter\Database\BaseBuilder->countAllResults(false)
 5 SYSTEMPATH\BaseModel.php(1283): CodeIgniter\Model->countAllResults(false)
 6 APPPATH\Controllers\Juegos.php(53): CodeIgniter\BaseModel->paginate(9, 'default', 1)
 7 SYSTEMPATH\CodeIgniter.php(933): App\Controllers\Juegos->populares()
 8 SYSTEMPATH\CodeIgniter.php(507): CodeIgniter\CodeIgniter->runController(Object(App\Controllers\Juegos))
 9 SYSTEMPATH\CodeIgniter.php(354): CodeIgniter\CodeIgniter->handleRequest(null, Object(Config\Cache), false)
10 SYSTEMPATH\Boot.php(334): CodeIgniter\CodeIgniter->run()
11 SYSTEMPATH\Boot.php(67): CodeIgniter\Boot::runCodeIgniter(Object(CodeIgniter\CodeIgniter))
12 FCPATH\index.php(58): CodeIgniter\Boot::bootWeb(Object(Config\Paths))
CRITICAL - 2025-05-17 23:58:54 --> [Caused by] mysqli_sql_exception: Table 'kw-store.juegos_categorias' doesn't exist
in SYSTEMPATH\Database\MySQLi\Connection.php on line 327.
 1 SYSTEMPATH\Database\MySQLi\Connection.php(327): mysqli->query('SELECT COUNT(*) AS `numrows`
FROM `juegos`
JOIN `juegos_categorias` ON `juegos_categorias`.`game_id` = `juegos`.`game_id`
WHERE `juegos_categorias`.`category_id` = \'7\'', 0)
 2 SYSTEMPATH\Database\BaseConnection.php(738): CodeIgniter\Database\MySQLi\Connection->execute('SELECT COUNT(*) AS `numrows`
FROM `juegos`
JOIN `juegos_categorias` ON `juegos_categorias`.`game_id` = `juegos`.`game_id`
WHERE `juegos_categorias`.`category_id` = \'7\'')
 3 SYSTEMPATH\Database\BaseConnection.php(652): CodeIgniter\Database\BaseConnection->simpleQuery('SELECT COUNT(*) AS `numrows`
FROM `juegos`
JOIN `juegos_categorias` ON `juegos_categorias`.`game_id` = `juegos`.`game_id`
WHERE `juegos_categorias`.`category_id` = \'7\'')
 4 SYSTEMPATH\Database\BaseBuilder.php(1733): CodeIgniter\Database\BaseConnection->query('SELECT COUNT(*) AS `numrows`
FROM `juegos`
JOIN `juegos_categorias` ON `juegos_categorias`.`game_id` = `juegos`.`game_id`
WHERE `juegos_categorias`.`category_id` = :juegos_categorias.category_id:', [...], false)
 5 SYSTEMPATH\Model.php(676): CodeIgniter\Database\BaseBuilder->countAllResults(false)
 6 SYSTEMPATH\BaseModel.php(1283): CodeIgniter\Model->countAllResults(false)
 7 APPPATH\Controllers\Juegos.php(53): CodeIgniter\BaseModel->paginate(9, 'default', 1)
 8 SYSTEMPATH\CodeIgniter.php(933): App\Controllers\Juegos->populares()
 9 SYSTEMPATH\CodeIgniter.php(507): CodeIgniter\CodeIgniter->runController(Object(App\Controllers\Juegos))
10 SYSTEMPATH\CodeIgniter.php(354): CodeIgniter\CodeIgniter->handleRequest(null, Object(Config\Cache), false)
11 SYSTEMPATH\Boot.php(334): CodeIgniter\CodeIgniter->run()
12 SYSTEMPATH\Boot.php(67): CodeIgniter\Boot::runCodeIgniter(Object(CodeIgniter\CodeIgniter))
13 FCPATH\index.php(58): CodeIgniter\Boot::bootWeb(Object(Config\Paths))
