DEBUG - 2025-06-12 08:14:47 --> Session: Class initialized using 'CodeIgniter\Session\Handlers\FileHandler' driver.
DEBUG - 2025-06-12 08:14:48 --> Session: Class initialized using 'CodeIgniter\Session\Handlers\FileHandler' driver.
CRITICAL - 2025-06-12 08:14:48 --> ErrorException: Undefined property: Config\Toolbar::$viewsPath
[Method: GET, Route: /]
in SYSTEMPATH\Debug\Toolbar.php on line 474.
 1 SYSTEMPATH\Debug\Toolbar.php(474): CodeIgniter\Debug\Exceptions->errorHandler(2, 'Undefined property: Config\\Toolbar::$viewsPath', 'C:\\xampp\\htdocs\\KingsWastelands-store\\system\\Debug\\Toolbar.php', 474)
 2 APPPATH\Config\Events.php(47): CodeIgniter\Debug\Toolbar->respond()
 3 SYSTEMPATH\Events\Events.php(155): CodeIgniter\Events\Events::Config\{closure}()
 4 SYSTEMPATH\CodeIgniter.php(339): CodeIgniter\Events\Events::trigger('pre_system')
 5 SYSTEMPATH\Boot.php(334): CodeIgniter\CodeIgniter->run()
 6 SYSTEMPATH\Boot.php(67): CodeIgniter\Boot::runCodeIgniter(Object(CodeIgniter\CodeIgniter))
 7 FCPATH\index.php(59): CodeIgniter\Boot::bootWeb(Object(Config\Paths))
DEBUG - 2025-06-12 08:15:12 --> Session: Class initialized using 'CodeIgniter\Session\Handlers\FileHandler' driver.
DEBUG - 2025-06-12 08:15:12 --> Session: Class initialized using 'CodeIgniter\Session\Handlers\FileHandler' driver.
CRITICAL - 2025-06-12 08:15:12 --> ErrorException: Undefined property: Config\Toolbar::$viewsPath
[Method: GET, Route: /]
in SYSTEMPATH\Debug\Toolbar.php on line 474.
 1 SYSTEMPATH\Debug\Toolbar.php(474): CodeIgniter\Debug\Exceptions->errorHandler(2, 'Undefined property: Config\\Toolbar::$viewsPath', 'C:\\xampp\\htdocs\\KingsWastelands-store\\system\\Debug\\Toolbar.php', 474)
 2 APPPATH\Config\Events.php(47): CodeIgniter\Debug\Toolbar->respond()
 3 SYSTEMPATH\Events\Events.php(155): CodeIgniter\Events\Events::Config\{closure}()
 4 SYSTEMPATH\CodeIgniter.php(339): CodeIgniter\Events\Events::trigger('pre_system')
 5 SYSTEMPATH\Boot.php(334): CodeIgniter\CodeIgniter->run()
 6 SYSTEMPATH\Boot.php(67): CodeIgniter\Boot::runCodeIgniter(Object(CodeIgniter\CodeIgniter))
 7 FCPATH\index.php(59): CodeIgniter\Boot::bootWeb(Object(Config\Paths))
DEBUG - 2025-06-12 08:15:19 --> Session: Class initialized using 'CodeIgniter\Session\Handlers\FileHandler' driver.
DEBUG - 2025-06-12 08:15:19 --> Session: Class initialized using 'CodeIgniter\Session\Handlers\FileHandler' driver.
CRITICAL - 2025-06-12 08:15:19 --> ErrorException: Undefined property: Config\Toolbar::$viewsPath
[Method: GET, Route: /]
in SYSTEMPATH\Debug\Toolbar.php on line 474.
 1 SYSTEMPATH\Debug\Toolbar.php(474): CodeIgniter\Debug\Exceptions->errorHandler(2, 'Undefined property: Config\\Toolbar::$viewsPath', 'C:\\xampp\\htdocs\\KingsWastelands-store\\system\\Debug\\Toolbar.php', 474)
 2 APPPATH\Config\Events.php(47): CodeIgniter\Debug\Toolbar->respond()
 3 SYSTEMPATH\Events\Events.php(155): CodeIgniter\Events\Events::Config\{closure}()
 4 SYSTEMPATH\CodeIgniter.php(339): CodeIgniter\Events\Events::trigger('pre_system')
 5 SYSTEMPATH\Boot.php(334): CodeIgniter\CodeIgniter->run()
 6 SYSTEMPATH\Boot.php(67): CodeIgniter\Boot::runCodeIgniter(Object(CodeIgniter\CodeIgniter))
 7 FCPATH\index.php(59): CodeIgniter\Boot::bootWeb(Object(Config\Paths))
DEBUG - 2025-06-12 08:16:07 --> Session: Class initialized using 'CodeIgniter\Session\Handlers\FileHandler' driver.
DEBUG - 2025-06-12 08:16:07 --> Session: Class initialized using 'CodeIgniter\Session\Handlers\FileHandler' driver.
CRITICAL - 2025-06-12 08:16:08 --> ErrorException: Undefined property: Config\Toolbar::$viewsPath
[Method: GET, Route: /]
in SYSTEMPATH\Debug\Toolbar.php on line 474.
 1 SYSTEMPATH\Debug\Toolbar.php(474): CodeIgniter\Debug\Exceptions->errorHandler(2, 'Undefined property: Config\\Toolbar::$viewsPath', 'C:\\xampp\\htdocs\\KingsWastelands-store\\system\\Debug\\Toolbar.php', 474)
 2 APPPATH\Config\Events.php(47): CodeIgniter\Debug\Toolbar->respond()
 3 SYSTEMPATH\Events\Events.php(155): CodeIgniter\Events\Events::Config\{closure}()
 4 SYSTEMPATH\CodeIgniter.php(339): CodeIgniter\Events\Events::trigger('pre_system')
 5 SYSTEMPATH\Boot.php(334): CodeIgniter\CodeIgniter->run()
 6 SYSTEMPATH\Boot.php(67): CodeIgniter\Boot::runCodeIgniter(Object(CodeIgniter\CodeIgniter))
 7 FCPATH\index.php(59): CodeIgniter\Boot::bootWeb(Object(Config\Paths))
DEBUG - 2025-06-12 08:16:10 --> Session: Class initialized using 'CodeIgniter\Session\Handlers\FileHandler' driver.
CRITICAL - 2025-06-12 08:16:10 --> ErrorException: Undefined property: Config\Toolbar::$viewsPath
[Method: GET, Route: /]
in SYSTEMPATH\Debug\Toolbar.php on line 474.
 1 SYSTEMPATH\Debug\Toolbar.php(474): CodeIgniter\Debug\Exceptions->errorHandler(2, 'Undefined property: Config\\Toolbar::$viewsPath', 'C:\\xampp\\htdocs\\KingsWastelands-store\\system\\Debug\\Toolbar.php', 474)
 2 APPPATH\Config\Events.php(47): CodeIgniter\Debug\Toolbar->respond()
 3 SYSTEMPATH\Events\Events.php(155): CodeIgniter\Events\Events::Config\{closure}()
 4 SYSTEMPATH\CodeIgniter.php(339): CodeIgniter\Events\Events::trigger('pre_system')
 5 SYSTEMPATH\Boot.php(334): CodeIgniter\CodeIgniter->run()
 6 SYSTEMPATH\Boot.php(67): CodeIgniter\Boot::runCodeIgniter(Object(CodeIgniter\CodeIgniter))
 7 FCPATH\index.php(59): CodeIgniter\Boot::bootWeb(Object(Config\Paths))
DEBUG - 2025-06-12 08:16:12 --> Session: Class initialized using 'CodeIgniter\Session\Handlers\FileHandler' driver.
CRITICAL - 2025-06-12 08:16:13 --> ErrorException: Undefined property: Config\Toolbar::$viewsPath
[Method: GET, Route: /]
in SYSTEMPATH\Debug\Toolbar.php on line 474.
 1 SYSTEMPATH\Debug\Toolbar.php(474): CodeIgniter\Debug\Exceptions->errorHandler(2, 'Undefined property: Config\\Toolbar::$viewsPath', 'C:\\xampp\\htdocs\\KingsWastelands-store\\system\\Debug\\Toolbar.php', 474)
 2 APPPATH\Config\Events.php(47): CodeIgniter\Debug\Toolbar->respond()
 3 SYSTEMPATH\Events\Events.php(155): CodeIgniter\Events\Events::Config\{closure}()
 4 SYSTEMPATH\CodeIgniter.php(339): CodeIgniter\Events\Events::trigger('pre_system')
 5 SYSTEMPATH\Boot.php(334): CodeIgniter\CodeIgniter->run()
 6 SYSTEMPATH\Boot.php(67): CodeIgniter\Boot::runCodeIgniter(Object(CodeIgniter\CodeIgniter))
 7 FCPATH\index.php(59): CodeIgniter\Boot::bootWeb(Object(Config\Paths))
DEBUG - 2025-06-12 08:16:14 --> Session: Class initialized using 'CodeIgniter\Session\Handlers\FileHandler' driver.
DEBUG - 2025-06-12 08:16:16 --> Session: Class initialized using 'CodeIgniter\Session\Handlers\FileHandler' driver.
DEBUG - 2025-06-12 08:16:16 --> Session: Class initialized using 'CodeIgniter\Session\Handlers\FileHandler' driver.
CRITICAL - 2025-06-12 08:16:16 --> ErrorException: Undefined property: Config\Toolbar::$viewsPath
[Method: GET, Route: /]
in SYSTEMPATH\Debug\Toolbar.php on line 474.
 1 SYSTEMPATH\Debug\Toolbar.php(474): CodeIgniter\Debug\Exceptions->errorHandler(2, 'Undefined property: Config\\Toolbar::$viewsPath', 'C:\\xampp\\htdocs\\KingsWastelands-store\\system\\Debug\\Toolbar.php', 474)
 2 APPPATH\Config\Events.php(47): CodeIgniter\Debug\Toolbar->respond()
 3 SYSTEMPATH\Events\Events.php(155): CodeIgniter\Events\Events::Config\{closure}()
 4 SYSTEMPATH\CodeIgniter.php(339): CodeIgniter\Events\Events::trigger('pre_system')
 5 SYSTEMPATH\Boot.php(334): CodeIgniter\CodeIgniter->run()
 6 SYSTEMPATH\Boot.php(67): CodeIgniter\Boot::runCodeIgniter(Object(CodeIgniter\CodeIgniter))
 7 FCPATH\index.php(59): CodeIgniter\Boot::bootWeb(Object(Config\Paths))
DEBUG - 2025-06-12 08:16:20 --> Session: Class initialized using 'CodeIgniter\Session\Handlers\FileHandler' driver.
CRITICAL - 2025-06-12 08:16:20 --> ErrorException: Undefined property: Config\Toolbar::$viewsPath
[Method: GET, Route: /]
in SYSTEMPATH\Debug\Toolbar.php on line 474.
 1 SYSTEMPATH\Debug\Toolbar.php(474): CodeIgniter\Debug\Exceptions->errorHandler(2, 'Undefined property: Config\\Toolbar::$viewsPath', 'C:\\xampp\\htdocs\\KingsWastelands-store\\system\\Debug\\Toolbar.php', 474)
 2 APPPATH\Config\Events.php(47): CodeIgniter\Debug\Toolbar->respond()
 3 SYSTEMPATH\Events\Events.php(155): CodeIgniter\Events\Events::Config\{closure}()
 4 SYSTEMPATH\CodeIgniter.php(339): CodeIgniter\Events\Events::trigger('pre_system')
 5 SYSTEMPATH\Boot.php(334): CodeIgniter\CodeIgniter->run()
 6 SYSTEMPATH\Boot.php(67): CodeIgniter\Boot::runCodeIgniter(Object(CodeIgniter\CodeIgniter))
 7 FCPATH\index.php(59): CodeIgniter\Boot::bootWeb(Object(Config\Paths))
DEBUG - 2025-06-12 08:16:22 --> Session: Class initialized using 'CodeIgniter\Session\Handlers\FileHandler' driver.
CRITICAL - 2025-06-12 08:16:22 --> ErrorException: Undefined property: Config\Toolbar::$viewsPath
[Method: GET, Route: /]
in SYSTEMPATH\Debug\Toolbar.php on line 474.
 1 SYSTEMPATH\Debug\Toolbar.php(474): CodeIgniter\Debug\Exceptions->errorHandler(2, 'Undefined property: Config\\Toolbar::$viewsPath', 'C:\\xampp\\htdocs\\KingsWastelands-store\\system\\Debug\\Toolbar.php', 474)
 2 APPPATH\Config\Events.php(47): CodeIgniter\Debug\Toolbar->respond()
 3 SYSTEMPATH\Events\Events.php(155): CodeIgniter\Events\Events::Config\{closure}()
 4 SYSTEMPATH\CodeIgniter.php(339): CodeIgniter\Events\Events::trigger('pre_system')
 5 SYSTEMPATH\Boot.php(334): CodeIgniter\CodeIgniter->run()
 6 SYSTEMPATH\Boot.php(67): CodeIgniter\Boot::runCodeIgniter(Object(CodeIgniter\CodeIgniter))
 7 FCPATH\index.php(59): CodeIgniter\Boot::bootWeb(Object(Config\Paths))
DEBUG - 2025-06-12 08:16:23 --> Session: Class initialized using 'CodeIgniter\Session\Handlers\FileHandler' driver.
DEBUG - 2025-06-12 08:16:23 --> Session: Class initialized using 'CodeIgniter\Session\Handlers\FileHandler' driver.
CRITICAL - 2025-06-12 08:16:23 --> ErrorException: Undefined property: Config\Toolbar::$viewsPath
[Method: GET, Route: /]
in SYSTEMPATH\Debug\Toolbar.php on line 474.
 1 SYSTEMPATH\Debug\Toolbar.php(474): CodeIgniter\Debug\Exceptions->errorHandler(2, 'Undefined property: Config\\Toolbar::$viewsPath', 'C:\\xampp\\htdocs\\KingsWastelands-store\\system\\Debug\\Toolbar.php', 474)
 2 APPPATH\Config\Events.php(47): CodeIgniter\Debug\Toolbar->respond()
 3 SYSTEMPATH\Events\Events.php(155): CodeIgniter\Events\Events::Config\{closure}()
 4 SYSTEMPATH\CodeIgniter.php(339): CodeIgniter\Events\Events::trigger('pre_system')
 5 SYSTEMPATH\Boot.php(334): CodeIgniter\CodeIgniter->run()
 6 SYSTEMPATH\Boot.php(67): CodeIgniter\Boot::runCodeIgniter(Object(CodeIgniter\CodeIgniter))
 7 FCPATH\index.php(59): CodeIgniter\Boot::bootWeb(Object(Config\Paths))
DEBUG - 2025-06-12 08:16:24 --> Session: Class initialized using 'CodeIgniter\Session\Handlers\FileHandler' driver.
DEBUG - 2025-06-12 08:16:24 --> Session: Class initialized using 'CodeIgniter\Session\Handlers\FileHandler' driver.
CRITICAL - 2025-06-12 08:16:24 --> ErrorException: Undefined property: Config\Toolbar::$viewsPath
[Method: GET, Route: /]
in SYSTEMPATH\Debug\Toolbar.php on line 474.
 1 SYSTEMPATH\Debug\Toolbar.php(474): CodeIgniter\Debug\Exceptions->errorHandler(2, 'Undefined property: Config\\Toolbar::$viewsPath', 'C:\\xampp\\htdocs\\KingsWastelands-store\\system\\Debug\\Toolbar.php', 474)
 2 APPPATH\Config\Events.php(47): CodeIgniter\Debug\Toolbar->respond()
 3 SYSTEMPATH\Events\Events.php(155): CodeIgniter\Events\Events::Config\{closure}()
 4 SYSTEMPATH\CodeIgniter.php(339): CodeIgniter\Events\Events::trigger('pre_system')
 5 SYSTEMPATH\Boot.php(334): CodeIgniter\CodeIgniter->run()
 6 SYSTEMPATH\Boot.php(67): CodeIgniter\Boot::runCodeIgniter(Object(CodeIgniter\CodeIgniter))
 7 FCPATH\index.php(59): CodeIgniter\Boot::bootWeb(Object(Config\Paths))
DEBUG - 2025-06-12 08:17:18 --> Session: Class initialized using 'CodeIgniter\Session\Handlers\FileHandler' driver.
DEBUG - 2025-06-12 08:17:18 --> Session: Class initialized using 'CodeIgniter\Session\Handlers\FileHandler' driver.
CRITICAL - 2025-06-12 08:17:18 --> ErrorException: Undefined property: Config\Toolbar::$viewsPath
[Method: GET, Route: /]
in SYSTEMPATH\Debug\Toolbar.php on line 474.
 1 SYSTEMPATH\Debug\Toolbar.php(474): CodeIgniter\Debug\Exceptions->errorHandler(2, 'Undefined property: Config\\Toolbar::$viewsPath', 'C:\\xampp\\htdocs\\KingsWastelands-store\\system\\Debug\\Toolbar.php', 474)
 2 APPPATH\Config\Events.php(47): CodeIgniter\Debug\Toolbar->respond()
 3 SYSTEMPATH\Events\Events.php(155): CodeIgniter\Events\Events::Config\{closure}()
 4 SYSTEMPATH\CodeIgniter.php(339): CodeIgniter\Events\Events::trigger('pre_system')
 5 SYSTEMPATH\Boot.php(334): CodeIgniter\CodeIgniter->run()
 6 SYSTEMPATH\Boot.php(67): CodeIgniter\Boot::runCodeIgniter(Object(CodeIgniter\CodeIgniter))
 7 FCPATH\index.php(59): CodeIgniter\Boot::bootWeb(Object(Config\Paths))
