CRITICAL - 2025-04-21 21:47:11 --> CodeIgniter\View\Exceptions\ViewException: Invalid file: "./Views/content/accion.php"
[Method: GET, Route: accion]
in SYSTEMPATH\Exceptions\FrameworkException.php on line 39.
 1 SYSTEMPATH\View\View.php(212): CodeIgniter\Exceptions\FrameworkException::forInvalidFile('./Views/content/accion.php')
 2 SYSTEMPATH\Common.php(1173): CodeIgniter\View\View->render('./Views/content/accion', [], true)
 3 APPPATH\Controllers\Home.php(28): view('./Views/content/accion')
 4 SYSTEMPATH\CodeIgniter.php(933): App\Controllers\Home->accion()
 5 SYSTEMPATH\CodeIgniter.php(507): CodeIgniter\CodeIgniter->runController(Object(App\Controllers\Home))
 6 SYSTEMPATH\CodeIgniter.php(354): CodeIgniter\CodeIgniter->handleRequest(null, Object(Config\Cache), false)
 7 SYSTEMPATH\Boot.php(334): CodeIgniter\CodeIgniter->run()
 8 SYSTEMPATH\Boot.php(67): CodeIgniter\Boot::runCodeIgniter(Object(CodeIgniter\CodeIgniter))
 9 FCPATH\index.php(56): CodeIgniter\Boot::bootWeb(Object(Config\Paths))
CRITICAL - 2025-04-21 21:52:12 --> CodeIgniter\View\Exceptions\ViewException: Invalid file: "./Views/content/accion.php"
[Method: GET, Route: accion]
in SYSTEMPATH\Exceptions\FrameworkException.php on line 39.
 1 SYSTEMPATH\View\View.php(212): CodeIgniter\Exceptions\FrameworkException::forInvalidFile('./Views/content/accion.php')
 2 SYSTEMPATH\Common.php(1173): CodeIgniter\View\View->render('./Views/content/accion', [], true)
 3 APPPATH\Controllers\Home.php(28): view('./Views/content/accion')
 4 SYSTEMPATH\CodeIgniter.php(933): App\Controllers\Home->accion()
 5 SYSTEMPATH\CodeIgniter.php(507): CodeIgniter\CodeIgniter->runController(Object(App\Controllers\Home))
 6 SYSTEMPATH\CodeIgniter.php(354): CodeIgniter\CodeIgniter->handleRequest(null, Object(Config\Cache), false)
 7 SYSTEMPATH\Boot.php(334): CodeIgniter\CodeIgniter->run()
 8 SYSTEMPATH\Boot.php(67): CodeIgniter\Boot::runCodeIgniter(Object(CodeIgniter\CodeIgniter))
 9 FCPATH\index.php(56): CodeIgniter\Boot::bootWeb(Object(Config\Paths))
